#
# There is insufficient memory for the Java Runtime Environment to continue.
# Native memory allocation (malloc) failed to allocate 65552 bytes for Chunk::new
# Possible reasons:
#   The system is out of physical RAM or swap space
#   In 32 bit mode, the process size limit was hit
# Possible solutions:
#   Reduce memory load on the system
#   Increase physical memory or swap space
#   Check if swap backing store is full
#   Use 64 bit Java on a 64 bit OS
#   Decrease Java heap size (-Xmx/-Xms)
#   Decrease number of Java threads
#   Decrease Java thread stack sizes (-Xss)
#   Set larger code cache with -XX:ReservedCodeCacheSize=
# This output file may be truncated or incomplete.
#
#  Out of Memory Error (allocation.cpp:390), pid=6336, tid=0x0000000000001bac
#
# JRE version: Java(TM) SE Runtime Environment (8.0_101-b13) (build 1.8.0_101-b13)
# Java VM: Java HotSpot(TM) 64-Bit Server VM (25.101-b13 mixed mode windows-amd64 compressed oops)
# Failed to write core dump. Minidumps are not enabled by default on client versions of Windows
#

---------------  T H R E A D  ---------------

Current thread (0x000000001523c800):  JavaThread "C2 CompilerThread0" daemon [_thread_in_native, id=7084, stack(0x00000000168a0000,0x00000000169a0000)]

Stack: [0x00000000168a0000,0x00000000169a0000]
[error occurred during error reporting (printing stack bounds), id 0xc0000005]

Native frames: (J=compiled Java code, j=interpreted, Vv=VM code, C=native code)


Current CompileTask:
C2:  20349 1560       4       com.android.dx.ssa.SsaMethod::forEachBlockDepthFirst (194 bytes)


---------------  P R O C E S S  ---------------

Java Threads: ( => current thread )
  0x0000000016dfd000 JavaThread "pool-1-thread-4" [_thread_in_Java, id=5060, stack(0x00000000175a0000,0x00000000176a0000)]
  0x0000000016dfa800 JavaThread "pool-1-thread-3" [_thread_in_vm, id=5608, stack(0x00000000174a0000,0x00000000175a0000)]
  0x0000000016dfa000 JavaThread "pool-1-thread-2" [_thread_in_vm, id=3740, stack(0x00000000173a0000,0x00000000174a0000)]
  0x0000000016d3a800 JavaThread "pool-2-thread-1" [_thread_blocked, id=4252, stack(0x00000000172a0000,0x00000000173a0000)]
  0x0000000016d39800 JavaThread "pool-1-thread-1" [_thread_blocked, id=5136, stack(0x00000000171a0000,0x00000000172a0000)]
  0x0000000016bab800 JavaThread "Service Thread" daemon [_thread_blocked, id=4932, stack(0x0000000016fa0000,0x00000000170a0000)]
  0x000000001529b000 JavaThread "C1 CompilerThread2" daemon [_thread_blocked, id=5496, stack(0x0000000016aa0000,0x0000000016ba0000)]
  0x0000000015240800 JavaThread "C2 CompilerThread1" daemon [_thread_in_native, id=7160, stack(0x00000000169a0000,0x0000000016aa0000)]
=>0x000000001523c800 JavaThread "C2 CompilerThread0" daemon [_thread_in_native, id=7084, stack(0x00000000168a0000,0x00000000169a0000)]
  0x000000001523b000 JavaThread "Attach Listener" daemon [_thread_blocked, id=7136, stack(0x00000000167a0000,0x00000000168a0000)]
  0x000000001523a000 JavaThread "Signal Dispatcher" daemon [_thread_blocked, id=4904, stack(0x00000000166a0000,0x00000000167a0000)]
  0x0000000002b6a000 JavaThread "Finalizer" daemon [_thread_blocked, id=2940, stack(0x0000000016490000,0x0000000016590000)]
  0x0000000002b5f000 JavaThread "Reference Handler" daemon [_thread_blocked, id=5328, stack(0x0000000016390000,0x0000000016490000)]
  0x0000000002a70800 JavaThread "main" [_thread_in_Java, id=5716, stack(0x0000000002930000,0x0000000002a30000)]

Other Threads:
  0x0000000015207800 VMThread [stack: 0x0000000016290000,0x0000000016390000] [id=4464]
  0x0000000016ba7000 WatcherThread [stack: 0x00000000170a0000,0x00000000171a0000] [id=5804]

VM state:synchronizing (normal execution)

VM Mutex/Monitor currently owned by a thread:  ([mutex/lock_event])
[0x0000000002a6c490] Safepoint_lock - owner thread: 0x0000000015207800
[0x0000000002a6c210] Threads_lock - owner thread: 0x0000000015207800
[0x0000000002a6be10] Heap_lock - owner thread: 0x0000000016dfa800

Heap:
 PSYoungGen      total 18432K, used 18401K [0x00000000eab00000, 0x00000000ecf00000, 0x0000000100000000)
  eden space 17408K, 100% used [0x00000000eab00000,0x00000000ebc00000,0x00000000ebc00000)
  from space 1024K, 96% used [0x00000000ebd00000,0x00000000ebdf8490,0x00000000ebe00000)
  to   space 1024K, 0% used [0x00000000ebc00000,0x00000000ebc00000,0x00000000ebd00000)
 ParOldGen       total 22016K, used 10135K [0x00000000c0000000, 0x00000000c1580000, 0x00000000eab00000)
  object space 22016K, 46% used [0x00000000c0000000,0x00000000c09e5cd8,0x00000000c1580000)
 Metaspace       used 6072K, capacity 7088K, committed 7296K, reserved 1056768K
  class space    used 590K, capacity 616K, committed 640K, reserved 1048576K

Card table byte_map: [0x0000000011f30000,0x0000000012140000] byte_map_base: 0x0000000011930000

Marking Bits: (ParMarkBitMap*) 0x000000006a63a6d0
 Begin Bits: [0x00000000126a0000, 0x00000000136a0000)
 End Bits:   [0x00000000136a0000, 0x00000000146a0000)

Polling page: 0x0000000000b20000

CodeCache: size=245760Kb used=7088Kb max_used=7103Kb free=238671Kb
 bounds [0x0000000002b70000, 0x0000000003270000, 0x0000000011b70000]
 total_blobs=1829 nmethods=1567 adapters=176
 compilation: enabled

Compilation events (10 events):
Event: 20.215 Thread 0x000000001529b000 1584       3       com.android.dx.ssa.SsaBasicBlock::getLiveOutRegs (26 bytes)
Event: 20.217 Thread 0x000000001529b000 nmethod 1584 0x0000000003259a90 code [0x0000000003259c20, 0x000000000325a1a8]
Event: 20.218 Thread 0x000000001529b000 1587       2       com.android.dx.ssa.SsaMethod::makeNewSsaReg (26 bytes)
Event: 20.218 Thread 0x000000001529b000 nmethod 1587 0x000000000325a450 code [0x000000000325a5a0, 0x000000000325a730]
Event: 20.240 Thread 0x000000001523c800 nmethod 1552 0x000000000325f710 code [0x000000000325f9c0, 0x0000000003261c68]
Event: 20.240 Thread 0x000000001523c800 1561       4       java.util.HashMap::getNode (148 bytes)
Event: 20.248 Thread 0x000000001523c800 nmethod 1561 0x000000000325c310 code [0x000000000325c460, 0x000000000325c698]
Event: 20.248 Thread 0x000000001523c800 1586       4       com.android.dx.ssa.NormalSsaInsn::accept (25 bytes)
Event: 20.318 Thread 0x000000001523c800 nmethod 1586 0x00000000032642d0 code [0x0000000003264520, 0x0000000003265510]
Event: 20.318 Thread 0x000000001523c800 1560       4       com.android.dx.ssa.SsaMethod::forEachBlockDepthFirst (194 bytes)

GC Heap History (8 events):
Event: 3.780 GC heap before
{Heap before GC invocations=1 (full 0):
 PSYoungGen      total 9728K, used 8704K [0x00000000eab00000, 0x00000000eb580000, 0x0000000100000000)
  eden space 8704K, 100% used [0x00000000eab00000,0x00000000eb380000,0x00000000eb380000)
  from space 1024K, 0% used [0x00000000eb480000,0x00000000eb480000,0x00000000eb580000)
  to   space 1024K, 0% used [0x00000000eb380000,0x00000000eb380000,0x00000000eb480000)
 ParOldGen       total 22016K, used 0K [0x00000000c0000000, 0x00000000c1580000, 0x00000000eab00000)
  object space 22016K, 0% used [0x00000000c0000000,0x00000000c0000000,0x00000000c1580000)
 Metaspace       used 4948K, capacity 6096K, committed 6272K, reserved 1056768K
  class space    used 537K, capacity 584K, committed 640K, reserved 1048576K
Event: 3.872 GC heap after
Heap after GC invocations=1 (full 0):
 PSYoungGen      total 9728K, used 1022K [0x00000000eab00000, 0x00000000ebe00000, 0x0000000100000000)
  eden space 8704K, 0% used [0x00000000eab00000,0x00000000eab00000,0x00000000eb380000)
  from space 1024K, 99% used [0x00000000eb380000,0x00000000eb47fb80,0x00000000eb480000)
  to   space 1024K, 0% used [0x00000000ebd00000,0x00000000ebd00000,0x00000000ebe00000)
 ParOldGen       total 22016K, used 1811K [0x00000000c0000000, 0x00000000c1580000, 0x00000000eab00000)
  object space 22016K, 8% used [0x00000000c0000000,0x00000000c01c4ea0,0x00000000c1580000)
 Metaspace       used 4948K, capacity 6096K, committed 6272K, reserved 1056768K
  class space    used 537K, capacity 584K, committed 640K, reserved 1048576K
}
Event: 9.240 GC heap before
{Heap before GC invocations=2 (full 0):
 PSYoungGen      total 9728K, used 9726K [0x00000000eab00000, 0x00000000ebe00000, 0x0000000100000000)
  eden space 8704K, 100% used [0x00000000eab00000,0x00000000eb380000,0x00000000eb380000)
  from space 1024K, 99% used [0x00000000eb380000,0x00000000eb47fb80,0x00000000eb480000)
  to   space 1024K, 0% used [0x00000000ebd00000,0x00000000ebd00000,0x00000000ebe00000)
 ParOldGen       total 22016K, used 1811K [0x00000000c0000000, 0x00000000c1580000, 0x00000000eab00000)
  object space 22016K, 8% used [0x00000000c0000000,0x00000000c01c4ea0,0x00000000c1580000)
 Metaspace       used 5787K, capacity 6832K, committed 7040K, reserved 1056768K
  class space    used 589K, capacity 616K, committed 640K, reserved 1048576K
Event: 9.449 GC heap after
Heap after GC invocations=2 (full 0):
 PSYoungGen      total 18432K, used 1021K [0x00000000eab00000, 0x00000000ebe00000, 0x0000000100000000)
  eden space 17408K, 0% used [0x00000000eab00000,0x00000000eab00000,0x00000000ebc00000)
  from space 1024K, 99% used [0x00000000ebd00000,0x00000000ebdff7b8,0x00000000ebe00000)
  to   space 1024K, 0% used [0x00000000ebc00000,0x00000000ebc00000,0x00000000ebd00000)
 ParOldGen       total 22016K, used 3786K [0x00000000c0000000, 0x00000000c1580000, 0x00000000eab00000)
  object space 22016K, 17% used [0x00000000c0000000,0x00000000c03b2a08,0x00000000c1580000)
 Metaspace       used 5787K, capacity 6832K, committed 7040K, reserved 1056768K
  class space    used 589K, capacity 616K, committed 640K, reserved 1048576K
}
Event: 14.948 GC heap before
{Heap before GC invocations=3 (full 0):
 PSYoungGen      total 18432K, used 18429K [0x00000000eab00000, 0x00000000ebe00000, 0x0000000100000000)
  eden space 17408K, 100% used [0x00000000eab00000,0x00000000ebc00000,0x00000000ebc00000)
  from space 1024K, 99% used [0x00000000ebd00000,0x00000000ebdff7b8,0x00000000ebe00000)
  to   space 1024K, 0% used [0x00000000ebc00000,0x00000000ebc00000,0x00000000ebd00000)
 ParOldGen       total 22016K, used 3786K [0x00000000c0000000, 0x00000000c1580000, 0x00000000eab00000)
  object space 22016K, 17% used [0x00000000c0000000,0x00000000c03b2a08,0x00000000c1580000)
 Metaspace       used 5993K, capacity 7024K, committed 7296K, reserved 1056768K
  class space    used 590K, capacity 616K, committed 640K, reserved 1048576K
Event: 15.209 GC heap after
Heap after GC invocations=3 (full 0):
 PSYoungGen      total 18432K, used 1018K [0x00000000eab00000, 0x00000000ebe00000, 0x0000000100000000)
  eden space 17408K, 0% used [0x00000000eab00000,0x00000000eab00000,0x00000000ebc00000)
  from space 1024K, 99% used [0x00000000ebc00000,0x00000000ebcfea70,0x00000000ebd00000)
  to   space 1024K, 0% used [0x00000000ebd00000,0x00000000ebd00000,0x00000000ebe00000)
 ParOldGen       total 22016K, used 7059K [0x00000000c0000000, 0x00000000c1580000, 0x00000000eab00000)
  object space 22016K, 32% used [0x00000000c0000000,0x00000000c06e4ff0,0x00000000c1580000)
 Metaspace       used 5993K, capacity 7024K, committed 7296K, reserved 1056768K
  class space    used 590K, capacity 616K, committed 640K, reserved 1048576K
}
Event: 18.616 GC heap before
{Heap before GC invocations=4 (full 0):
 PSYoungGen      total 18432K, used 18426K [0x00000000eab00000, 0x00000000ebe00000, 0x0000000100000000)
  eden space 17408K, 100% used [0x00000000eab00000,0x00000000ebc00000,0x00000000ebc00000)
  from space 1024K, 99% used [0x00000000ebc00000,0x00000000ebcfea70,0x00000000ebd00000)
  to   space 1024K, 0% used [0x00000000ebd00000,0x00000000ebd00000,0x00000000ebe00000)
 ParOldGen       total 22016K, used 7059K [0x00000000c0000000, 0x00000000c1580000, 0x00000000eab00000)
  object space 22016K, 32% used [0x00000000c0000000,0x00000000c06e4ff0,0x00000000c1580000)
 Metaspace       used 6050K, capacity 7088K, committed 7296K, reserved 1056768K
  class space    used 590K, capacity 616K, committed 640K, reserved 1048576K
Event: 18.839 GC heap after
Heap after GC invocations=4 (full 0):
 PSYoungGen      total 18432K, used 993K [0x00000000eab00000, 0x00000000ecf00000, 0x0000000100000000)
  eden space 17408K, 0% used [0x00000000eab00000,0x00000000eab00000,0x00000000ebc00000)
  from space 1024K, 96% used [0x00000000ebd00000,0x00000000ebdf8490,0x00000000ebe00000)
  to   space 1024K, 0% used [0x00000000ebc00000,0x00000000ebc00000,0x00000000ebd00000)
 ParOldGen       total 22016K, used 10135K [0x00000000c0000000, 0x00000000c1580000, 0x00000000eab00000)
  object space 22016K, 46% used [0x00000000c0000000,0x00000000c09e5cd8,0x00000000c1580000)
 Metaspace       used 6050K, capacity 7088K, committed 7296K, reserved 1056768K
  class space    used 590K, capacity 616K, committed 640K, reserved 1048576K
}

Deoptimization events (10 events):
Event: 19.014 Thread 0x0000000016d39800 Uncommon trap: reason=bimorphic action=maybe_recompile pc=0x00000000030c0a30 method=com.android.dx.cf.code.BytecodeArray.parseInstruction(ILcom/android/dx/cf/code/BytecodeArray$Visitor;)I @ 923
Event: 19.792 Thread 0x0000000016d39800 Uncommon trap: reason=bimorphic action=maybe_recompile pc=0x0000000003023218 method=java.util.HashMap.getNode(ILjava/lang/Object;)Ljava/util/HashMap$Node; @ 126
Event: 19.792 Thread 0x0000000016d39800 Uncommon trap: reason=class_check action=maybe_recompile pc=0x00000000031b52d4 method=java.util.HashMap.putVal(ILjava/lang/Object;Ljava/lang/Object;ZZ)Ljava/lang/Object; @ 203
Event: 19.792 Thread 0x0000000016d39800 Uncommon trap: reason=bimorphic action=maybe_recompile pc=0x0000000003023218 method=java.util.HashMap.getNode(ILjava/lang/Object;)Ljava/util/HashMap$Node; @ 126
Event: 19.792 Thread 0x0000000016d39800 Uncommon trap: reason=class_check action=maybe_recompile pc=0x00000000031b52d4 method=java.util.HashMap.putVal(ILjava/lang/Object;Ljava/lang/Object;ZZ)Ljava/lang/Object; @ 203
Event: 19.792 Thread 0x0000000016d39800 Uncommon trap: reason=bimorphic action=maybe_recompile pc=0x0000000003023218 method=java.util.HashMap.getNode(ILjava/lang/Object;)Ljava/util/HashMap$Node; @ 126
Event: 19.793 Thread 0x0000000016d39800 Uncommon trap: reason=bimorphic action=maybe_recompile pc=0x0000000003023218 method=java.util.HashMap.getNode(ILjava/lang/Object;)Ljava/util/HashMap$Node; @ 126
Event: 19.811 Thread 0x0000000016d39800 Uncommon trap: reason=class_check action=maybe_recompile pc=0x00000000031b52d4 method=java.util.HashMap.putVal(ILjava/lang/Object;Ljava/lang/Object;ZZ)Ljava/lang/Object; @ 203
Event: 19.898 Thread 0x0000000016dfa000 Uncommon trap: reason=bimorphic action=maybe_recompile pc=0x00000000031f4208 method=com.android.dx.cf.code.RopperMachine.run(Lcom/android/dx/cf/code/Frame;II)V @ 978
Event: 20.209 Thread 0x0000000016dfd000 Uncommon trap: reason=null_check action=make_not_entrant pc=0x0000000002fd97c8 method=com.android.dx.ssa.SsaRenamer.getLocalForNewReg(I)Lcom/android/dx/rop/code/LocalItem; @ 19

Internal exceptions (4 events):
Event: 0.149 Thread 0x0000000002a70800 Exception <a 'java/lang/NoSuchMethodError': Method sun.misc.Unsafe.defineClass(Ljava/lang/String;[BII)Ljava/lang/Class; name or signature does not match> (0x00000000eab07cc0) thrown at [C:\re\workspace\8-2-build-windows-amd64-cygwin\jdk8u101\7261\hotspot\s=HêIÖ"Ã?
Event: 0.150 Thread 0x0000000002a70800 Exception <a 'java/lang/NoSuchMethodError': Method sun.misc.Unsafe.prefetchRead(Ljava/lang/Object;J)V name or signature does not match> (0x00000000eab07fa8) thrown at [C:\re\workspace\8-2-build-windows-amd64-cygwin\jdk8u101\7261\hotspot\src\share\vm\prims\CšŠš\?(@
Event: 12.124 Thread 0x0000000002a70800 Implicit null exception at 0x0000000002fe1d10 to 0x0000000002fe3a29
Event: 20.209 Thread 0x0000000016dfd000 Implicit null exception at 0x0000000002fd7c8d to 0x0000000002fd97a9

Events (10 events):
Event: 19.793 Thread 0x0000000016d39800 DEOPT UNPACKING pc=0x0000000002bb582a sp=0x000000001729e260 mode 2
Event: 19.811 Thread 0x0000000016d39800 Uncommon trap: trap_request=0xffffffde fr.pc=0x00000000031b52d4
Event: 19.811 Thread 0x0000000016d39800 DEOPT PACKING pc=0x00000000031b52d4 sp=0x000000001729e790
Event: 19.811 Thread 0x0000000016d39800 DEOPT UNPACKING pc=0x0000000002bb582a sp=0x000000001729e718 mode 2
Event: 19.898 Thread 0x0000000016dfa000 Uncommon trap: trap_request=0xffffffc6 fr.pc=0x00000000031f4208
Event: 19.898 Thread 0x0000000016dfa000 DEOPT PACKING pc=0x00000000031f4208 sp=0x000000001749e5b0
Event: 19.898 Thread 0x0000000016dfa000 DEOPT UNPACKING pc=0x0000000002bb582a sp=0x000000001749e568 mode 2
Event: 20.209 Thread 0x0000000016dfd000 Uncommon trap: trap_request=0xfffffff4 fr.pc=0x0000000002fd97c8
Event: 20.209 Thread 0x0000000016dfd000 DEOPT PACKING pc=0x0000000002fd97c8 sp=0x000000001769ea70
Event: 20.209 Thread 0x0000000016dfd000 DEOPT UNPACKING pc=0x0000000002bb582a sp=0x000000001769e938 mode 2


Dynamic libraries:
0x00007ff734e90000 - 0x00007ff734ec7000 	C:\Program Files\Java\jdk1.8.0_101\bin\java.exe
0x00007ff94be10000 - 0x00007ff94bfeb000 	C:\WINDOWS\SYSTEM32\ntdll.dll
0x00007ff94bb60000 - 0x00007ff94bc0e000 	C:\WINDOWS\System32\KERNEL32.DLL
0x00007ff948dd0000 - 0x00007ff949019000 	C:\WINDOWS\System32\KERNELBASE.dll
0x00007ff94b600000 - 0x00007ff94b6a1000 	C:\WINDOWS\System32\ADVAPI32.dll
0x00007ff9497b0000 - 0x00007ff94984d000 	C:\WINDOWS\System32\msvcrt.dll
0x00007ff94bc10000 - 0x00007ff94bc69000 	C:\WINDOWS\System32\sechost.dll
0x00007ff949850000 - 0x00007ff949975000 	C:\WINDOWS\System32\RPCRT4.dll
0x00007ff94ba10000 - 0x00007ff94bb5a000 	C:\WINDOWS\System32\USER32.dll
0x00007ff948660000 - 0x00007ff94867e000 	C:\WINDOWS\System32\win32u.dll
0x00007ff949370000 - 0x00007ff949397000 	C:\WINDOWS\System32\GDI32.dll
0x00007ff9491e0000 - 0x00007ff949368000 	C:\WINDOWS\System32\gdi32full.dll
0x00007ff9490d0000 - 0x00007ff94916a000 	C:\WINDOWS\System32\msvcp_win.dll
0x00007ff948330000 - 0x00007ff948426000 	C:\WINDOWS\System32\ucrtbase.dll
0x00007ff93cf20000 - 0x00007ff93d187000 	C:\WINDOWS\WinSxS\amd64_microsoft.windows.common-controls_6595b64144ccf1df_6.0.15063.483_none_26002d27e7c744a2\COMCTL32.dll
0x00007ff94b710000 - 0x00007ff94ba09000 	C:\WINDOWS\System32\combase.dll
0x00007ff949170000 - 0x00007ff9491da000 	C:\WINDOWS\System32\bcryptPrimitives.dll
0x00007ff949990000 - 0x00007ff9499bd000 	C:\WINDOWS\System32\IMM32.DLL
0x0000000065a40000 - 0x0000000065b12000 	C:\Program Files\Java\jdk1.8.0_101\jre\bin\msvcr100.dll
0x0000000069e20000 - 0x000000006a6ba000 	C:\Program Files\Java\jdk1.8.0_101\jre\bin\server\jvm.dll
0x00007ff94bcf0000 - 0x00007ff94bcf8000 	C:\WINDOWS\System32\PSAPI.DLL
0x00007ff937fc0000 - 0x00007ff937fca000 	C:\WINDOWS\SYSTEM32\VERSION.dll
0x00007ff945260000 - 0x00007ff945283000 	C:\WINDOWS\SYSTEM32\WINMM.dll
0x00007ff944530000 - 0x00007ff944539000 	C:\WINDOWS\SYSTEM32\WSOCK32.dll
0x00007ff94bc70000 - 0x00007ff94bcdc000 	C:\WINDOWS\System32\WS2_32.dll
0x00007ff945200000 - 0x00007ff94522b000 	C:\WINDOWS\SYSTEM32\WINMMBASE.dll
0x00007ff948d80000 - 0x00007ff948dc9000 	C:\WINDOWS\System32\cfgmgr32.dll
0x0000000069e10000 - 0x0000000069e1f000 	C:\Program Files\Java\jdk1.8.0_101\jre\bin\verify.dll
0x0000000069de0000 - 0x0000000069e09000 	C:\Program Files\Java\jdk1.8.0_101\jre\bin\java.dll
0x0000000069dc0000 - 0x0000000069dd6000 	C:\Program Files\Java\jdk1.8.0_101\jre\bin\zip.dll
0x00007ff949e60000 - 0x00007ff94b296000 	C:\WINDOWS\System32\SHELL32.dll
0x00007ff949560000 - 0x00007ff94960a000 	C:\WINDOWS\System32\shcore.dll
0x00007ff948680000 - 0x00007ff948d73000 	C:\WINDOWS\System32\windows.storage.dll
0x00007ff949e00000 - 0x00007ff949e51000 	C:\WINDOWS\System32\shlwapi.dll
0x00007ff9482c0000 - 0x00007ff9482d1000 	C:\WINDOWS\System32\kernel.appcore.dll
0x00007ff9482e0000 - 0x00007ff94832c000 	C:\WINDOWS\System32\powrprof.dll
0x00007ff9482a0000 - 0x00007ff9482b5000 	C:\WINDOWS\System32\profapi.dll

VM Arguments:
jvm_args: -Djava.awt.headless=true -Xmx1024M -Dfile.encoding=windows-1252 -Duser.country=CM -Duser.language=fr -Duser.variant 
java_command: com.android.dx.command.Main --dex --num-threads=4 --output C:\Users\Le prince\Documents\Login\app\build\intermediates\pre-dexed\debug\com.android.support-support-fragment-25.3.1_347b119cd5cdd7a21c5bf20768fa45b8fcb8de20.jar C:\Users\Le prince\Documents\Login\app\build\intermediates\exploded-aar\com.android.support\support-fragment\25.3.1\jars\classes.jar
java_class_path (initial): E:\sdk\build-tools\25.0.2\lib\dx.jar
Launcher Type: SUN_STANDARD

Environment Variables:
PATH=C:\ProgramData\Oracle\Java\javapath;C:\WINDOWS\system32;C:\WINDOWS;C:\WINDOWS\System32\Wbem;C:\WINDOWS\System32\WindowsPowerShell\v1.0\;C:\Program Files\Java\jdk1.6.0_45\bin;C:\Program Files\Microsoft SQL Server\110\Tools\Binn\;C:\Program Files\Java\jdk1.7.0_40\bin;C:\Program Files (x86)\Statgraphics\STATGRAPHICS Centurion XVI.I\;"C:\Users\Le prince\AppData\Local\Microsoft\WindowsApps;C:\Program Files\Java\jdk1.7.0_40\bin";
USERNAME=Le prince
OS=Windows_NT
PROCESSOR_IDENTIFIER=Intel64 Family 6 Model 76 Stepping 4, GenuineIntel



---------------  S Y S T E M  ---------------

OS: Windows 10.0 , 64 bit Build 15063 (10.0.15063.296)

CPU:total 4 (4 cores per cpu, 1 threads per core) family 6 model 76 stepping 4, cmov, cx8, fxsr, mmx, sse, sse2, sse3, ssse3, sse4.1, sse4.2, popcnt, aes, clmul, erms, 3dnowpref, tsc, tscinvbit

Memory: 4k page, physical 2024624k(212572k free), swap 4629912k(2660k free)

vm_info: Java HotSpot(TM) 64-Bit Server VM (25.101-b13) for windows-amd64 JRE (1.8.0_101-b13), built on Jun 22 2016 01:21:29 by "java_re" with MS VC++ 10.0 (VS2010)

time: Mon Aug 13 19:12:58 2018
elapsed time: 20 seconds (0d 0h 0m 20s)

