#
# There is insufficient memory for the Java Runtime Environment to continue.
# Native memory allocation (malloc) failed to allocate 65552 bytes for Chunk::new
# Possible reasons:
#   The system is out of physical RAM or swap space
#   In 32 bit mode, the process size limit was hit
# Possible solutions:
#   Reduce memory load on the system
#   Increase physical memory or swap space
#   Check if swap backing store is full
#   Use 64 bit Java on a 64 bit OS
#   Decrease Java heap size (-Xmx/-Xms)
#   Decrease number of Java threads
#   Decrease Java thread stack sizes (-Xss)
#   Set larger code cache with -XX:ReservedCodeCacheSize=
# This output file may be truncated or incomplete.
#
#  Out of Memory Error (allocation.cpp:390), pid=3956, tid=0x00000000000016e0
#
# JRE version: Java(TM) SE Runtime Environment (8.0_101-b13) (build 1.8.0_101-b13)
# Java VM: Java HotSpot(TM) 64-Bit Server VM (25.101-b13 mixed mode windows-amd64 compressed oops)
# Failed to write core dump. Minidumps are not enabled by default on client versions of Windows
#

---------------  T H R E A D  ---------------

Current thread (0x000000001509c800):  JavaThread "C2 CompilerThread0" daemon [_thread_in_native, id=5856, stack(0x0000000016700000,0x0000000016800000)]

Stack: [0x0000000016700000,0x0000000016800000]
[error occurred during error reporting (printing stack bounds), id 0xc0000005]

Native frames: (J=compiled Java code, j=interpreted, Vv=VM code, C=native code)


Current CompileTask:
C2:  20329 1794   !   4       com.android.dx.cf.cst.ConstantPoolParser::parse0 (731 bytes)


---------------  P R O C E S S  ---------------

Java Threads: ( => current thread )
  0x0000000016c82000 JavaThread "pool-1-thread-4" [_thread_in_Java, id=624, stack(0x0000000017400000,0x0000000017500000)]
  0x0000000016c7b000 JavaThread "pool-1-thread-3" [_thread_in_Java, id=7116, stack(0x0000000017300000,0x0000000017400000)]
  0x0000000016c7a000 JavaThread "pool-1-thread-2" [_thread_in_Java, id=1332, stack(0x0000000017200000,0x0000000017300000)]
  0x0000000016c65800 JavaThread "pool-2-thread-1" [_thread_blocked, id=6792, stack(0x0000000017100000,0x0000000017200000)]
  0x0000000016c56800 JavaThread "pool-1-thread-1" [_thread_in_Java, id=2364, stack(0x0000000017000000,0x0000000017100000)]
  0x0000000016a18800 JavaThread "Service Thread" daemon [_thread_blocked, id=5576, stack(0x0000000016e00000,0x0000000016f00000)]
  0x00000000150a5000 JavaThread "C1 CompilerThread2" daemon [_thread_blocked, id=5484, stack(0x0000000016900000,0x0000000016a00000)]
  0x00000000150a0000 JavaThread "C2 CompilerThread1" daemon [_thread_in_native, id=6096, stack(0x0000000016800000,0x0000000016900000)]
=>0x000000001509c800 JavaThread "C2 CompilerThread0" daemon [_thread_in_native, id=5856, stack(0x0000000016700000,0x0000000016800000)]
  0x000000001509b000 JavaThread "Attach Listener" daemon [_thread_blocked, id=1400, stack(0x0000000016600000,0x0000000016700000)]
  0x000000001509a000 JavaThread "Signal Dispatcher" daemon [_thread_blocked, id=4184, stack(0x0000000016500000,0x0000000016600000)]
  0x00000000029ca000 JavaThread "Finalizer" daemon [_thread_blocked, id=6420, stack(0x00000000162f0000,0x00000000163f0000)]
  0x00000000029bf000 JavaThread "Reference Handler" daemon [_thread_blocked, id=5880, stack(0x00000000161f0000,0x00000000162f0000)]
  0x00000000028d0800 JavaThread "main" [_thread_in_Java, id=4524, stack(0x00000000026f0000,0x00000000027f0000)]

Other Threads:
  0x0000000015067800 VMThread [stack: 0x00000000160f0000,0x00000000161f0000] [id=1252]
  0x0000000016a19000 WatcherThread [stack: 0x0000000016f00000,0x0000000017000000] [id=1780]

VM state:not at safepoint (normal execution)

VM Mutex/Monitor currently owned by a thread: None

Heap:
 PSYoungGen      total 35840K, used 19311K [0x00000000eab00000, 0x00000000ecf00000, 0x0000000100000000)
  eden space 34816K, 52% used [0x00000000eab00000,0x00000000ebcdbf20,0x00000000ecd00000)
  from space 1024K, 100% used [0x00000000ecd00000,0x00000000ece00000,0x00000000ece00000)
  to   space 1024K, 0% used [0x00000000ece00000,0x00000000ece00000,0x00000000ecf00000)
 ParOldGen       total 22016K, used 14595K [0x00000000c0000000, 0x00000000c1580000, 0x00000000eab00000)
  object space 22016K, 66% used [0x00000000c0000000,0x00000000c0e40e50,0x00000000c1580000)
 Metaspace       used 6141K, capacity 7152K, committed 7296K, reserved 1056768K
  class space    used 591K, capacity 616K, committed 640K, reserved 1048576K

Card table byte_map: [0x0000000011d90000,0x0000000011fa0000] byte_map_base: 0x0000000011790000

Marking Bits: (ParMarkBitMap*) 0x000000006a63a6d0
 Begin Bits: [0x0000000012500000, 0x0000000013500000)
 End Bits:   [0x0000000013500000, 0x0000000014500000)

Polling page: 0x0000000000db0000

CodeCache: size=245760Kb used=8081Kb max_used=8093Kb free=237678Kb
 bounds [0x00000000029d0000, 0x00000000031d0000, 0x00000000119d0000]
 total_blobs=2015 nmethods=1752 adapters=176
 compilation: enabled

Compilation events (10 events):
Event: 20.210 Thread 0x00000000150a0000 nmethod 1790 0x00000000031bab90 code [0x00000000031bade0, 0x00000000031bc310]
Event: 20.210 Thread 0x00000000150a0000 1807       4       com.android.dx.rop.type.Type::equals (31 bytes)
Event: 20.213 Thread 0x00000000150a0000 nmethod 1807 0x0000000003191190 code [0x00000000031912e0, 0x0000000003191458]
Event: 20.214 Thread 0x00000000150a0000 1793       4       java.io.DataInputStream::readUnsignedShort (39 bytes)
Event: 20.221 Thread 0x00000000150a0000 nmethod 1793 0x00000000031b7690 code [0x00000000031b77e0, 0x00000000031b79f8]
Event: 20.221 Thread 0x00000000150a0000 1789       4       com.android.dx.rop.cst.CstFieldRef::compareTo0 (43 bytes)
Event: 20.232 Thread 0x00000000150a0000 nmethod 1789 0x00000000031b6a10 code [0x00000000031b6b80, 0x00000000031b6fd8]
Event: 20.232 Thread 0x00000000150a0000 1798   !   4       com.android.dx.cf.cst.ConstantPoolParser::parseUtf8 (47 bytes)
Event: 20.250 Thread 0x00000000150a0000 nmethod 1798 0x00000000031b8390 code [0x00000000031b8520, 0x00000000031b89d8]
Event: 20.250 Thread 0x00000000150a0000 1791       4       com.android.dx.dex.code.RopTranslator::outputBlock (202 bytes)

GC Heap History (10 events):
Event: 2.196 GC heap before
{Heap before GC invocations=1 (full 0):
 PSYoungGen      total 9728K, used 8704K [0x00000000eab00000, 0x00000000eb580000, 0x0000000100000000)
  eden space 8704K, 100% used [0x00000000eab00000,0x00000000eb380000,0x00000000eb380000)
  from space 1024K, 0% used [0x00000000eb480000,0x00000000eb480000,0x00000000eb580000)
  to   space 1024K, 0% used [0x00000000eb380000,0x00000000eb380000,0x00000000eb480000)
 ParOldGen       total 22016K, used 0K [0x00000000c0000000, 0x00000000c1580000, 0x00000000eab00000)
  object space 22016K, 0% used [0x00000000c0000000,0x00000000c0000000,0x00000000c1580000)
 Metaspace       used 4130K, capacity 5392K, committed 5760K, reserved 1056768K
  class space    used 462K, capacity 520K, committed 640K, reserved 1048576K
Event: 2.248 GC heap after
Heap after GC invocations=1 (full 0):
 PSYoungGen      total 9728K, used 999K [0x00000000eab00000, 0x00000000ebe00000, 0x0000000100000000)
  eden space 8704K, 0% used [0x00000000eab00000,0x00000000eab00000,0x00000000eb380000)
  from space 1024K, 97% used [0x00000000eb380000,0x00000000eb479c50,0x00000000eb480000)
  to   space 1024K, 0% used [0x00000000ebd00000,0x00000000ebd00000,0x00000000ebe00000)
 ParOldGen       total 22016K, used 710K [0x00000000c0000000, 0x00000000c1580000, 0x00000000eab00000)
  object space 22016K, 3% used [0x00000000c0000000,0x00000000c00b1bb0,0x00000000c1580000)
 Metaspace       used 4130K, capacity 5392K, committed 5760K, reserved 1056768K
  class space    used 462K, capacity 520K, committed 640K, reserved 1048576K
}
Event: 5.554 GC heap before
{Heap before GC invocations=2 (full 0):
 PSYoungGen      total 9728K, used 9703K [0x00000000eab00000, 0x00000000ebe00000, 0x0000000100000000)
  eden space 8704K, 100% used [0x00000000eab00000,0x00000000eb380000,0x00000000eb380000)
  from space 1024K, 97% used [0x00000000eb380000,0x00000000eb479c50,0x00000000eb480000)
  to   space 1024K, 0% used [0x00000000ebd00000,0x00000000ebd00000,0x00000000ebe00000)
 ParOldGen       total 22016K, used 710K [0x00000000c0000000, 0x00000000c1580000, 0x00000000eab00000)
  object space 22016K, 3% used [0x00000000c0000000,0x00000000c00b1bb0,0x00000000c1580000)
 Metaspace       used 5616K, capacity 6704K, committed 6784K, reserved 1056768K
  class space    used 587K, capacity 616K, committed 640K, reserved 1048576K
Event: 5.750 GC heap after
Heap after GC invocations=2 (full 0):
 PSYoungGen      total 18432K, used 992K [0x00000000eab00000, 0x00000000ebe00000, 0x0000000100000000)
  eden space 17408K, 0% used [0x00000000eab00000,0x00000000eab00000,0x00000000ebc00000)
  from space 1024K, 96% used [0x00000000ebd00000,0x00000000ebdf8018,0x00000000ebe00000)
  to   space 1024K, 0% used [0x00000000ebc00000,0x00000000ebc00000,0x00000000ebd00000)
 ParOldGen       total 22016K, used 2894K [0x00000000c0000000, 0x00000000c1580000, 0x00000000eab00000)
  object space 22016K, 13% used [0x00000000c0000000,0x00000000c02d3a30,0x00000000c1580000)
 Metaspace       used 5616K, capacity 6704K, committed 6784K, reserved 1056768K
  class space    used 587K, capacity 616K, committed 640K, reserved 1048576K
}
Event: 9.265 GC heap before
{Heap before GC invocations=3 (full 0):
 PSYoungGen      total 18432K, used 18400K [0x00000000eab00000, 0x00000000ebe00000, 0x0000000100000000)
  eden space 17408K, 100% used [0x00000000eab00000,0x00000000ebc00000,0x00000000ebc00000)
  from space 1024K, 96% used [0x00000000ebd00000,0x00000000ebdf8018,0x00000000ebe00000)
  to   space 1024K, 0% used [0x00000000ebc00000,0x00000000ebc00000,0x00000000ebd00000)
 ParOldGen       total 22016K, used 2894K [0x00000000c0000000, 0x00000000c1580000, 0x00000000eab00000)
  object space 22016K, 13% used [0x00000000c0000000,0x00000000c02d3a30,0x00000000c1580000)
 Metaspace       used 5924K, capacity 6960K, committed 7040K, reserved 1056768K
  class space    used 589K, capacity 616K, committed 640K, reserved 1048576K
Event: 9.289 GC heap after
Heap after GC invocations=3 (full 0):
 PSYoungGen      total 18432K, used 1008K [0x00000000eab00000, 0x00000000ecf00000, 0x0000000100000000)
  eden space 17408K, 0% used [0x00000000eab00000,0x00000000eab00000,0x00000000ebc00000)
  from space 1024K, 98% used [0x00000000ebc00000,0x00000000ebcfc250,0x00000000ebd00000)
  to   space 1024K, 0% used [0x00000000ece00000,0x00000000ece00000,0x00000000ecf00000)
 ParOldGen       total 22016K, used 5837K [0x00000000c0000000, 0x00000000c1580000, 0x00000000eab00000)
  object space 22016K, 26% used [0x00000000c0000000,0x00000000c05b35e8,0x00000000c1580000)
 Metaspace       used 5924K, capacity 6960K, committed 7040K, reserved 1056768K
  class space    used 589K, capacity 616K, committed 640K, reserved 1048576K
}
Event: 12.011 GC heap before
{Heap before GC invocations=4 (full 0):
 PSYoungGen      total 18432K, used 18416K [0x00000000eab00000, 0x00000000ecf00000, 0x0000000100000000)
  eden space 17408K, 100% used [0x00000000eab00000,0x00000000ebc00000,0x00000000ebc00000)
  from space 1024K, 98% used [0x00000000ebc00000,0x00000000ebcfc250,0x00000000ebd00000)
  to   space 1024K, 0% used [0x00000000ece00000,0x00000000ece00000,0x00000000ecf00000)
 ParOldGen       total 22016K, used 5837K [0x00000000c0000000, 0x00000000c1580000, 0x00000000eab00000)
  object space 22016K, 26% used [0x00000000c0000000,0x00000000c05b35e8,0x00000000c1580000)
 Metaspace       used 6054K, capacity 7088K, committed 7296K, reserved 1056768K
  class space    used 591K, capacity 616K, committed 640K, reserved 1048576K
Event: 12.685 GC heap after
Heap after GC invocations=4 (full 0):
 PSYoungGen      total 35840K, used 992K [0x00000000eab00000, 0x00000000ecf00000, 0x0000000100000000)
  eden space 34816K, 0% used [0x00000000eab00000,0x00000000eab00000,0x00000000ecd00000)
  from space 1024K, 96% used [0x00000000ece00000,0x00000000ecef8010,0x00000000ecf00000)
  to   space 1024K, 0% used [0x00000000ecd00000,0x00000000ecd00000,0x00000000ece00000)
 ParOldGen       total 22016K, used 9007K [0x00000000c0000000, 0x00000000c1580000, 0x00000000eab00000)
  object space 22016K, 40% used [0x00000000c0000000,0x00000000c08cbdb0,0x00000000c1580000)
 Metaspace       used 6054K, capacity 7088K, committed 7296K, reserved 1056768K
  class space    used 591K, capacity 616K, committed 640K, reserved 1048576K
}
Event: 18.593 GC heap before
{Heap before GC invocations=5 (full 0):
 PSYoungGen      total 35840K, used 35808K [0x00000000eab00000, 0x00000000ecf00000, 0x0000000100000000)
  eden space 34816K, 100% used [0x00000000eab00000,0x00000000ecd00000,0x00000000ecd00000)
  from space 1024K, 96% used [0x00000000ece00000,0x00000000ecef8010,0x00000000ecf00000)
  to   space 1024K, 0% used [0x00000000ecd00000,0x00000000ecd00000,0x00000000ece00000)
 ParOldGen       total 22016K, used 9007K [0x00000000c0000000, 0x00000000c1580000, 0x00000000eab00000)
  object space 22016K, 40% used [0x00000000c0000000,0x00000000c08cbdb0,0x00000000c1580000)
 Metaspace       used 6134K, capacity 7088K, committed 7296K, reserved 1056768K
  class space    used 591K, capacity 616K, committed 640K, reserved 1048576K
Event: 18.625 GC heap after
Heap after GC invocations=5 (full 0):
 PSYoungGen      total 35840K, used 1024K [0x00000000eab00000, 0x00000000ecf00000, 0x0000000100000000)
  eden space 34816K, 0% used [0x00000000eab00000,0x00000000eab00000,0x00000000ecd00000)
  from space 1024K, 100% used [0x00000000ecd00000,0x00000000ece00000,0x00000000ece00000)
  to   space 1024K, 0% used [0x00000000ece00000,0x00000000ece00000,0x00000000ecf00000)
 ParOldGen       total 22016K, used 14595K [0x00000000c0000000, 0x00000000c1580000, 0x00000000eab00000)
  object space 22016K, 66% used [0x00000000c0000000,0x00000000c0e40e50,0x00000000c1580000)
 Metaspace       used 6134K, capacity 7088K, committed 7296K, reserved 1056768K
  class space    used 591K, capacity 616K, committed 640K, reserved 1048576K
}

Deoptimization events (10 events):
Event: 13.224 Thread 0x0000000016c7b000 Uncommon trap: reason=unstable_if action=reinterpret pc=0x00000000030638e0 method=com.android.dx.ssa.SsaRenamer$BlockRenamer.process()V @ 90
Event: 14.425 Thread 0x0000000016c7a000 Uncommon trap: reason=bimorphic action=maybe_recompile pc=0x0000000002de2d40 method=java.util.HashMap.putVal(ILjava/lang/Object;Ljava/lang/Object;ZZ)Ljava/lang/Object; @ 91
Event: 15.047 Thread 0x0000000016c7b000 Uncommon trap: reason=unstable_if action=reinterpret pc=0x00000000030cf620 method=com.android.dx.ssa.LiteralOpUpgrader$1.visitNonMoveInsn(Lcom/android/dx/ssa/NormalSsaInsn;)V @ 55
Event: 15.050 Thread 0x0000000016c7b000 Uncommon trap: reason=unstable_if action=reinterpret pc=0x0000000002e0261c method=com.android.dx.ssa.SsaMethod.updateOneDefinition(Lcom/android/dx/ssa/SsaInsn;Lcom/android/dx/rop/code/RegisterSpec;)V @ 4
Event: 15.059 Thread 0x0000000016c7b000 Uncommon trap: reason=unstable_if action=reinterpret pc=0x0000000002f8528c method=com.android.dx.rop.code.LocalItem.compareHandlesNulls(Lcom/android/dx/rop/cst/CstString;Lcom/android/dx/rop/cst/CstString;)I @ 14
Event: 15.968 Thread 0x0000000016c82000 Uncommon trap: reason=unstable_if action=reinterpret pc=0x0000000002cdbf5c method=com.android.dx.rop.cst.Constant.compareTo(Lcom/android/dx/rop/cst/Constant;)I @ 12
Event: 18.289 Thread 0x0000000016c82000 Uncommon trap: reason=unstable_if action=reinterpret pc=0x0000000003077468 method=com.android.dx.util.MutabilityControl.isImmutable()Z @ 4
Event: 18.346 Thread 0x00000000028d0800 Uncommon trap: reason=unstable_if action=reinterpret pc=0x0000000002e014bc method=com.android.dx.util.IntList.binarysearch(I)I @ 105
Event: 18.346 Thread 0x00000000028d0800 Uncommon trap: reason=unstable_if action=reinterpret pc=0x000000000315f500 method=com.android.dx.ssa.SsaBasicBlock.newFromRop(Lcom/android/dx/rop/code/RopMethod;ILcom/android/dx/ssa/SsaMethod;)Lcom/android/dx/ssa/SsaBasicBlock; @ 164
Event: 20.091 Thread 0x0000000016c82000 Uncommon trap: reason=null_check action=make_not_entrant pc=0x0000000002f65b60 method=com.android.dx.rop.type.Type.equals(Ljava/lang/Object;)Z @ 8

Internal exceptions (4 events):
Event: 0.136 Thread 0x00000000028d0800 Exception <a 'java/lang/NoSuchMethodError': Method sun.misc.Unsafe.defineClass(Ljava/lang/String;[BII)Ljava/lang/Class; name or signature does not match> (0x00000000eab07cc0) thrown at [C:\re\workspace\8-2-build-windows-amd64-cygwin\jdk8u101\7261\hotspot\s@CIÏ*k¡?
Event: 0.136 Thread 0x00000000028d0800 Exception <a 'java/lang/NoSuchMethodError': Method sun.misc.Unsafe.prefetchRead(Ljava/lang/Object;J)V name or signature does not match> (0x00000000eab07fa8) thrown at [C:\re\workspace\8-2-build-windows-amd64-cygwin\jdk8u101\7261\hotspot\src\share\vm\prims\¿k§c.@
Event: 15.059 Thread 0x0000000016c7b000 Implicit null exception at 0x0000000002f83d23 to 0x0000000002f85265
Event: 20.091 Thread 0x0000000016c82000 Implicit null exception at 0x0000000002f65a62 to 0x0000000002f65b52

Events (10 events):
Event: 18.346 Thread 0x00000000028d0800 Uncommon trap: trap_request=0xffffff65 fr.pc=0x000000000315f500
Event: 18.346 Thread 0x00000000028d0800 DEOPT PACKING pc=0x000000000315f500 sp=0x00000000027ee540
Event: 18.346 Thread 0x00000000028d0800 DEOPT UNPACKING pc=0x0000000002a1582a sp=0x00000000027ee538 mode 2
Event: 18.591 Executing VM operation: ParallelGCFailedAllocation
Event: 18.625 Executing VM operation: ParallelGCFailedAllocation done
Event: 18.735 Thread 0x0000000016c7b000 DEOPT PACKING pc=0x0000000002e18574 sp=0x00000000173fe4c0
Event: 18.735 Thread 0x0000000016c7b000 DEOPT UNPACKING pc=0x0000000002a1747f sp=0x00000000173fe1d0 mode 0
Event: 20.091 Thread 0x0000000016c82000 Uncommon trap: trap_request=0xfffffff4 fr.pc=0x0000000002f65b60
Event: 20.091 Thread 0x0000000016c82000 DEOPT PACKING pc=0x0000000002f65b60 sp=0x00000000174fe2e0
Event: 20.091 Thread 0x0000000016c82000 DEOPT UNPACKING pc=0x0000000002a1582a sp=0x00000000174fe268 mode 2


Dynamic libraries:
0x00007ff734e90000 - 0x00007ff734ec7000 	C:\Program Files\Java\jdk1.8.0_101\bin\java.exe
0x00007ff94be10000 - 0x00007ff94bfeb000 	C:\WINDOWS\SYSTEM32\ntdll.dll
0x00007ff94bb60000 - 0x00007ff94bc0e000 	C:\WINDOWS\System32\KERNEL32.DLL
0x00007ff948dd0000 - 0x00007ff949019000 	C:\WINDOWS\System32\KERNELBASE.dll
0x00007ff94b600000 - 0x00007ff94b6a1000 	C:\WINDOWS\System32\ADVAPI32.dll
0x00007ff9497b0000 - 0x00007ff94984d000 	C:\WINDOWS\System32\msvcrt.dll
0x00007ff94bc10000 - 0x00007ff94bc69000 	C:\WINDOWS\System32\sechost.dll
0x00007ff949850000 - 0x00007ff949975000 	C:\WINDOWS\System32\RPCRT4.dll
0x00007ff94ba10000 - 0x00007ff94bb5a000 	C:\WINDOWS\System32\USER32.dll
0x00007ff948660000 - 0x00007ff94867e000 	C:\WINDOWS\System32\win32u.dll
0x00007ff949370000 - 0x00007ff949397000 	C:\WINDOWS\System32\GDI32.dll
0x00007ff9491e0000 - 0x00007ff949368000 	C:\WINDOWS\System32\gdi32full.dll
0x00007ff9490d0000 - 0x00007ff94916a000 	C:\WINDOWS\System32\msvcp_win.dll
0x00007ff948330000 - 0x00007ff948426000 	C:\WINDOWS\System32\ucrtbase.dll
0x00007ff93cf20000 - 0x00007ff93d187000 	C:\WINDOWS\WinSxS\amd64_microsoft.windows.common-controls_6595b64144ccf1df_6.0.15063.483_none_26002d27e7c744a2\COMCTL32.dll
0x00007ff94b710000 - 0x00007ff94ba09000 	C:\WINDOWS\System32\combase.dll
0x00007ff949170000 - 0x00007ff9491da000 	C:\WINDOWS\System32\bcryptPrimitives.dll
0x00007ff949990000 - 0x00007ff9499bd000 	C:\WINDOWS\System32\IMM32.DLL
0x0000000065a40000 - 0x0000000065b12000 	C:\Program Files\Java\jdk1.8.0_101\jre\bin\msvcr100.dll
0x0000000069e20000 - 0x000000006a6ba000 	C:\Program Files\Java\jdk1.8.0_101\jre\bin\server\jvm.dll
0x00007ff94bcf0000 - 0x00007ff94bcf8000 	C:\WINDOWS\System32\PSAPI.DLL
0x00007ff944530000 - 0x00007ff944539000 	C:\WINDOWS\SYSTEM32\WSOCK32.dll
0x00007ff94bc70000 - 0x00007ff94bcdc000 	C:\WINDOWS\System32\WS2_32.dll
0x00007ff945260000 - 0x00007ff945283000 	C:\WINDOWS\SYSTEM32\WINMM.dll
0x00007ff937fc0000 - 0x00007ff937fca000 	C:\WINDOWS\SYSTEM32\VERSION.dll
0x00007ff945200000 - 0x00007ff94522b000 	C:\WINDOWS\SYSTEM32\WINMMBASE.dll
0x00007ff948d80000 - 0x00007ff948dc9000 	C:\WINDOWS\System32\cfgmgr32.dll
0x0000000069e10000 - 0x0000000069e1f000 	C:\Program Files\Java\jdk1.8.0_101\jre\bin\verify.dll
0x0000000069de0000 - 0x0000000069e09000 	C:\Program Files\Java\jdk1.8.0_101\jre\bin\java.dll
0x0000000069dc0000 - 0x0000000069dd6000 	C:\Program Files\Java\jdk1.8.0_101\jre\bin\zip.dll
0x00007ff949e60000 - 0x00007ff94b296000 	C:\WINDOWS\System32\SHELL32.dll
0x00007ff949560000 - 0x00007ff94960a000 	C:\WINDOWS\System32\shcore.dll
0x00007ff948680000 - 0x00007ff948d73000 	C:\WINDOWS\System32\windows.storage.dll
0x00007ff949e00000 - 0x00007ff949e51000 	C:\WINDOWS\System32\shlwapi.dll
0x00007ff9482c0000 - 0x00007ff9482d1000 	C:\WINDOWS\System32\kernel.appcore.dll
0x00007ff9482e0000 - 0x00007ff94832c000 	C:\WINDOWS\System32\powrprof.dll
0x00007ff9482a0000 - 0x00007ff9482b5000 	C:\WINDOWS\System32\profapi.dll

VM Arguments:
jvm_args: -Djava.awt.headless=true -Xmx1024M -Dfile.encoding=windows-1252 -Duser.country=CM -Duser.language=fr -Duser.variant 
java_command: com.android.dx.command.Main --dex --num-threads=4 --output C:\Users\Le prince\Documents\Login\app\build\intermediates\pre-dexed\debug\com.android.support-support-media-compat-25.3.1_afebfa5d9b19ff337e243e2c2e5f04d835a08669.jar C:\Users\Le prince\Documents\Login\app\build\intermediates\exploded-aar\com.android.support\support-media-compat\25.3.1\jars\classes.jar
java_class_path (initial): E:\sdk\build-tools\25.0.2\lib\dx.jar
Launcher Type: SUN_STANDARD

Environment Variables:
PATH=C:\ProgramData\Oracle\Java\javapath;C:\WINDOWS\system32;C:\WINDOWS;C:\WINDOWS\System32\Wbem;C:\WINDOWS\System32\WindowsPowerShell\v1.0\;C:\Program Files\Java\jdk1.6.0_45\bin;C:\Program Files\Microsoft SQL Server\110\Tools\Binn\;C:\Program Files\Java\jdk1.7.0_40\bin;C:\Program Files (x86)\Statgraphics\STATGRAPHICS Centurion XVI.I\;"C:\Users\Le prince\AppData\Local\Microsoft\WindowsApps;C:\Program Files\Java\jdk1.7.0_40\bin";
USERNAME=Le prince
OS=Windows_NT
PROCESSOR_IDENTIFIER=Intel64 Family 6 Model 76 Stepping 4, GenuineIntel



---------------  S Y S T E M  ---------------

OS: Windows 10.0 , 64 bit Build 15063 (10.0.15063.296)

CPU:total 4 (4 cores per cpu, 1 threads per core) family 6 model 76 stepping 4, cmov, cx8, fxsr, mmx, sse, sse2, sse3, ssse3, sse4.1, sse4.2, popcnt, aes, clmul, erms, 3dnowpref, tsc, tscinvbit

Memory: 4k page, physical 2024624k(214244k free), swap 4629912k(4208k free)

vm_info: Java HotSpot(TM) 64-Bit Server VM (25.101-b13) for windows-amd64 JRE (1.8.0_101-b13), built on Jun 22 2016 01:21:29 by "java_re" with MS VC++ 10.0 (VS2010)

time: Mon Aug 13 19:12:58 2018
elapsed time: 20 seconds (0d 0h 0m 20s)

