#
# There is insufficient memory for the Java Runtime Environment to continue.
# Native memory allocation (malloc) failed to allocate 65552 bytes for Chunk::new
# Possible reasons:
#   The system is out of physical RAM or swap space
#   In 32 bit mode, the process size limit was hit
# Possible solutions:
#   Reduce memory load on the system
#   Increase physical memory or swap space
#   Check if swap backing store is full
#   Use 64 bit Java on a 64 bit OS
#   Decrease Java heap size (-Xmx/-Xms)
#   Decrease number of Java threads
#   Decrease Java thread stack sizes (-Xss)
#   Set larger code cache with -XX:ReservedCodeCacheSize=
# This output file may be truncated or incomplete.
#
#  Out of Memory Error (allocation.cpp:390), pid=4300, tid=0x00000000000005d8
#
# JRE version: Java(TM) SE Runtime Environment (8.0_101-b13) (build 1.8.0_101-b13)
# Java VM: Java HotSpot(TM) 64-Bit Server VM (25.101-b13 mixed mode windows-amd64 compressed oops)
# Failed to write core dump. Minidumps are not enabled by default on client versions of Windows
#

---------------  T H R E A D  ---------------

Current thread (0x0000000015890800):  JavaThread "C2 CompilerThread1" daemon [_thread_in_native, id=1496, stack(0x0000000017030000,0x0000000017130000)]

Stack: [0x0000000017030000,0x0000000017130000]
[error occurred during error reporting (printing stack bounds), id 0xc0000005]

Native frames: (J=compiled Java code, j=interpreted, Vv=VM code, C=native code)


Current CompileTask:
C2:  18584 1389       4       com.android.dx.dex.code.RopToDop::dopFor (792 bytes)


---------------  P R O C E S S  ---------------

Java Threads: ( => current thread )
  0x000000001740d000 JavaThread "pool-1-thread-4" [_thread_blocked, id=6472, stack(0x0000000017c30000,0x0000000017d30000)]
  0x000000001740c800 JavaThread "pool-1-thread-3" [_thread_in_Java, id=2676, stack(0x0000000017b30000,0x0000000017c30000)]
  0x000000001740b800 JavaThread "pool-1-thread-2" [_thread_in_Java, id=1532, stack(0x0000000017a30000,0x0000000017b30000)]
  0x0000000017409000 JavaThread "pool-2-thread-1" [_thread_blocked, id=1576, stack(0x0000000017930000,0x0000000017a30000)]
  0x0000000017408000 JavaThread "pool-1-thread-1" [_thread_in_Java, id=3932, stack(0x0000000017830000,0x0000000017930000)]
  0x0000000017145800 JavaThread "Service Thread" daemon [_thread_blocked, id=3980, stack(0x0000000017630000,0x0000000017730000)]
  0x00000000158ee800 JavaThread "C1 CompilerThread2" daemon [_thread_blocked, id=4276, stack(0x0000000017530000,0x0000000017630000)]
=>0x0000000015890800 JavaThread "C2 CompilerThread1" daemon [_thread_in_native, id=1496, stack(0x0000000017030000,0x0000000017130000)]
  0x000000001588d000 JavaThread "C2 CompilerThread0" daemon [_thread_in_native, id=6672, stack(0x0000000016f30000,0x0000000017030000)]
  0x000000001588c000 JavaThread "Attach Listener" daemon [_thread_blocked, id=1000, stack(0x0000000016e30000,0x0000000016f30000)]
  0x000000001588a800 JavaThread "Signal Dispatcher" daemon [_thread_blocked, id=5572, stack(0x0000000016d30000,0x0000000016e30000)]
  0x00000000031bb800 JavaThread "Finalizer" daemon [_thread_blocked, id=4828, stack(0x0000000016b20000,0x0000000016c20000)]
  0x00000000031b1000 JavaThread "Reference Handler" daemon [_thread_blocked, id=4044, stack(0x0000000016a20000,0x0000000016b20000)]
  0x00000000030c0800 JavaThread "main" [_thread_blocked, id=932, stack(0x0000000002f60000,0x0000000003060000)]

Other Threads:
  0x0000000015857800 VMThread [stack: 0x0000000016920000,0x0000000016a20000] [id=2008]
  0x000000001713e000 WatcherThread [stack: 0x0000000017730000,0x0000000017830000] [id=6664]

VM state:not at safepoint (normal execution)

VM Mutex/Monitor currently owned by a thread: None

Heap:
 PSYoungGen      total 18432K, used 9526K [0x00000000eab00000, 0x00000000ecf00000, 0x0000000100000000)
  eden space 17408K, 49% used [0x00000000eab00000,0x00000000eb3557f0,0x00000000ebc00000)
  from space 1024K, 96% used [0x00000000ebc00000,0x00000000ebcf8028,0x00000000ebd00000)
  to   space 1024K, 0% used [0x00000000ece00000,0x00000000ece00000,0x00000000ecf00000)
 ParOldGen       total 22016K, used 5283K [0x00000000c0000000, 0x00000000c1580000, 0x00000000eab00000)
  object space 22016K, 23% used [0x00000000c0000000,0x00000000c0528d28,0x00000000c1580000)
 Metaspace       used 5984K, capacity 7024K, committed 7296K, reserved 1056768K
  class space    used 590K, capacity 616K, committed 640K, reserved 1048576K

Card table byte_map: [0x0000000012580000,0x0000000012790000] byte_map_base: 0x0000000011f80000

Marking Bits: (ParMarkBitMap*) 0x000000006a63a6d0
 Begin Bits: [0x0000000012cf0000, 0x0000000013cf0000)
 End Bits:   [0x0000000013cf0000, 0x0000000014cf0000)

Polling page: 0x0000000000ff0000

CodeCache: size=245760Kb used=5849Kb max_used=5859Kb free=239910Kb
 bounds [0x00000000031c0000, 0x0000000003780000, 0x00000000121c0000]
 total_blobs=1651 nmethods=1389 adapters=176
 compilation: enabled

Compilation events (10 events):
Event: 18.514 Thread 0x00000000158ee800 nmethod 1388 0x0000000003775cd0 code [0x0000000003775e40, 0x0000000003775fc8]
Event: 18.518 Thread 0x0000000015890800 1389       4       com.android.dx.dex.code.RopToDop::dopFor (792 bytes)
Event: 18.525 Thread 0x000000001588d000 nmethod 1387 0x0000000003776d50 code [0x0000000003776ec0, 0x0000000003777318]
Event: 18.526 Thread 0x000000001588d000 1390       4       com.android.dx.ssa.SsaBasicBlock::<init> (109 bytes)
Event: 18.555 Thread 0x000000001588d000 nmethod 1390 0x000000000377d590 code [0x000000000377d720, 0x000000000377dd98]
Event: 18.555 Thread 0x000000001588d000 1391       4       com.android.dx.ssa.SsaRenamer$BlockRenamer$RenamingMapper::map (28 bytes)
Event: 18.559 Thread 0x000000001588d000 nmethod 1391 0x00000000037758d0 code [0x0000000003775a20, 0x0000000003775b28]
Event: 18.559 Thread 0x000000001588d000 1392       4       com.android.dx.ssa.LocalVariableInfo::mergeStarts (59 bytes)
Event: 18.560 Thread 0x00000000158ee800 1393       3       com.android.dx.rop.cst.CstString::equals (24 bytes)
Event: 18.561 Thread 0x00000000158ee800 nmethod 1393 0x000000000377ced0 code [0x000000000377d040, 0x000000000377d488]

GC Heap History (6 events):
Event: 2.586 GC heap before
{Heap before GC invocations=1 (full 0):
 PSYoungGen      total 9728K, used 8704K [0x00000000eab00000, 0x00000000eb580000, 0x0000000100000000)
  eden space 8704K, 100% used [0x00000000eab00000,0x00000000eb380000,0x00000000eb380000)
  from space 1024K, 0% used [0x00000000eb480000,0x00000000eb480000,0x00000000eb580000)
  to   space 1024K, 0% used [0x00000000eb380000,0x00000000eb380000,0x00000000eb480000)
 ParOldGen       total 22016K, used 0K [0x00000000c0000000, 0x00000000c1580000, 0x00000000eab00000)
  object space 22016K, 0% used [0x00000000c0000000,0x00000000c0000000,0x00000000c1580000)
 Metaspace       used 3810K, capacity 5104K, committed 5376K, reserved 1056768K
  class space    used 429K, capacity 488K, committed 512K, reserved 1048576K
Event: 2.626 GC heap after
Heap after GC invocations=1 (full 0):
 PSYoungGen      total 9728K, used 1013K [0x00000000eab00000, 0x00000000ebe00000, 0x0000000100000000)
  eden space 8704K, 0% used [0x00000000eab00000,0x00000000eab00000,0x00000000eb380000)
  from space 1024K, 98% used [0x00000000eb380000,0x00000000eb47d628,0x00000000eb480000)
  to   space 1024K, 0% used [0x00000000ebd00000,0x00000000ebd00000,0x00000000ebe00000)
 ParOldGen       total 22016K, used 252K [0x00000000c0000000, 0x00000000c1580000, 0x00000000eab00000)
  object space 22016K, 1% used [0x00000000c0000000,0x00000000c003f3f0,0x00000000c1580000)
 Metaspace       used 3810K, capacity 5104K, committed 5376K, reserved 1056768K
  class space    used 429K, capacity 488K, committed 512K, reserved 1048576K
}
Event: 5.106 GC heap before
{Heap before GC invocations=2 (full 0):
 PSYoungGen      total 9728K, used 9717K [0x00000000eab00000, 0x00000000ebe00000, 0x0000000100000000)
  eden space 8704K, 100% used [0x00000000eab00000,0x00000000eb380000,0x00000000eb380000)
  from space 1024K, 98% used [0x00000000eb380000,0x00000000eb47d628,0x00000000eb480000)
  to   space 1024K, 0% used [0x00000000ebd00000,0x00000000ebd00000,0x00000000ebe00000)
 ParOldGen       total 22016K, used 252K [0x00000000c0000000, 0x00000000c1580000, 0x00000000eab00000)
  object space 22016K, 1% used [0x00000000c0000000,0x00000000c003f3f0,0x00000000c1580000)
 Metaspace       used 5576K, capacity 6640K, committed 6784K, reserved 1056768K
  class space    used 585K, capacity 616K, committed 640K, reserved 1048576K
Event: 5.572 GC heap after
Heap after GC invocations=2 (full 0):
 PSYoungGen      total 18432K, used 1008K [0x00000000eab00000, 0x00000000ebe00000, 0x0000000100000000)
  eden space 17408K, 0% used [0x00000000eab00000,0x00000000eab00000,0x00000000ebc00000)
  from space 1024K, 98% used [0x00000000ebd00000,0x00000000ebdfc3a8,0x00000000ebe00000)
  to   space 1024K, 0% used [0x00000000ebc00000,0x00000000ebc00000,0x00000000ebd00000)
 ParOldGen       total 22016K, used 2481K [0x00000000c0000000, 0x00000000c1580000, 0x00000000eab00000)
  object space 22016K, 11% used [0x00000000c0000000,0x00000000c026c5f0,0x00000000c1580000)
 Metaspace       used 5576K, capacity 6640K, committed 6784K, reserved 1056768K
  class space    used 585K, capacity 616K, committed 640K, reserved 1048576K
}
Event: 16.285 GC heap before
{Heap before GC invocations=3 (full 0):
 PSYoungGen      total 18432K, used 18416K [0x00000000eab00000, 0x00000000ebe00000, 0x0000000100000000)
  eden space 17408K, 100% used [0x00000000eab00000,0x00000000ebc00000,0x00000000ebc00000)
  from space 1024K, 98% used [0x00000000ebd00000,0x00000000ebdfc3a8,0x00000000ebe00000)
  to   space 1024K, 0% used [0x00000000ebc00000,0x00000000ebc00000,0x00000000ebd00000)
 ParOldGen       total 22016K, used 2481K [0x00000000c0000000, 0x00000000c1580000, 0x00000000eab00000)
  object space 22016K, 11% used [0x00000000c0000000,0x00000000c026c5f0,0x00000000c1580000)
 Metaspace       used 5951K, capacity 6960K, committed 7040K, reserved 1056768K
  class space    used 590K, capacity 616K, committed 640K, reserved 1048576K
Event: 17.299 GC heap after
Heap after GC invocations=3 (full 0):
 PSYoungGen      total 18432K, used 992K [0x00000000eab00000, 0x00000000ecf00000, 0x0000000100000000)
  eden space 17408K, 0% used [0x00000000eab00000,0x00000000eab00000,0x00000000ebc00000)
  from space 1024K, 96% used [0x00000000ebc00000,0x00000000ebcf8028,0x00000000ebd00000)
  to   space 1024K, 0% used [0x00000000ece00000,0x00000000ece00000,0x00000000ecf00000)
 ParOldGen       total 22016K, used 5283K [0x00000000c0000000, 0x00000000c1580000, 0x00000000eab00000)
  object space 22016K, 23% used [0x00000000c0000000,0x00000000c0528d28,0x00000000c1580000)
 Metaspace       used 5951K, capacity 6960K, committed 7040K, reserved 1056768K
  class space    used 590K, capacity 616K, committed 640K, reserved 1048576K
}

Deoptimization events (10 events):
Event: 7.738 Thread 0x000000001740d000 Uncommon trap: reason=unstable_if action=reinterpret pc=0x0000000003507f98 method=com.android.dx.rop.code.LocalItem.hashCode()I @ 25
Event: 7.738 Thread 0x000000001740d000 Uncommon trap: reason=unstable_if action=reinterpret pc=0x00000000034e2adc method=com.android.dx.rop.code.LocalItem.hashCode()I @ 25
Event: 7.741 Thread 0x000000001740d000 Uncommon trap: reason=unstable_if action=reinterpret pc=0x000000000355b02c method=com.android.dx.rop.code.RegisterSpecSet.put(Lcom/android/dx/rop/code/RegisterSpec;)V @ 77
Event: 7.741 Thread 0x000000001740d000 Uncommon trap: reason=unstable_if action=reinterpret pc=0x00000000035a1024 method=com.android.dx.rop.code.RegisterSpecSet.put(Lcom/android/dx/rop/code/RegisterSpec;)V @ 77
Event: 9.654 Thread 0x000000001740b800 Uncommon trap: reason=unstable_if action=reinterpret pc=0x00000000034e7be0 method=com.android.dx.rop.code.RegisterSpec.equals(ILcom/android/dx/rop/type/TypeBearer;Lcom/android/dx/rop/code/LocalItem;)Z @ 42
Event: 13.717 Thread 0x000000001740d000 Uncommon trap: reason=bimorphic action=maybe_recompile pc=0x00000000036c5ae0 method=com.android.dx.cf.code.BytecodeArray.parseInstruction(ILcom/android/dx/cf/code/BytecodeArray$Visitor;)I @ 2484
Event: 13.718 Thread 0x000000001740d000 Uncommon trap: reason=bimorphic action=maybe_recompile pc=0x00000000036c5ae0 method=com.android.dx.cf.code.BytecodeArray.parseInstruction(ILcom/android/dx/cf/code/BytecodeArray$Visitor;)I @ 2484
Event: 17.305 Thread 0x000000001740b800 Uncommon trap: reason=bimorphic action=maybe_recompile pc=0x000000000346b72c method=java.util.HashMap.getNode(ILjava/lang/Object;)Ljava/util/HashMap$Node; @ 126
Event: 17.340 Thread 0x000000001740b800 Uncommon trap: reason=unstable_if action=reinterpret pc=0x0000000003714fcc method=com.android.dx.ssa.SCCP.simulateBranch(Lcom/android/dx/ssa/SsaInsn;)V @ 107
Event: 18.404 Thread 0x0000000017408000 Uncommon trap: reason=unstable_if action=reinterpret pc=0x0000000003510ac4 method=com.android.dx.rop.code.LocalItem.hashCode()I @ 25

Internal exceptions (2 events):
Event: 0.326 Thread 0x00000000030c0800 Exception <a 'java/lang/NoSuchMethodError': Method sun.misc.Unsafe.defineClass(Ljava/lang/String;[BII)Ljava/lang/Class; name or signature does not match> (0x00000000eab07cc0) thrown at [C:\re\workspace\8-2-build-windows-amd64-cygwin\jdk8u101\7261\hotspot\s™*ö&LæÔ?
Event: 0.327 Thread 0x00000000030c0800 Exception <a 'java/lang/NoSuchMethodError': Method sun.misc.Unsafe.prefetchRead(Ljava/lang/Object;J)V name or signature does not match> (0x00000000eab07fa8) thrown at [C:\re\workspace\8-2-build-windows-amd64-cygwin\jdk8u101\7261\hotspot\src\share\vm\prims\

Events (10 events):
Event: 17.300 Executing VM operation: ParallelGCFailedAllocation done
Event: 17.305 Thread 0x000000001740b800 Uncommon trap: trap_request=0xffffffc6 fr.pc=0x000000000346b72c
Event: 17.305 Thread 0x000000001740b800 DEOPT PACKING pc=0x000000000346b72c sp=0x0000000017b2e7a0
Event: 17.306 Thread 0x000000001740b800 DEOPT UNPACKING pc=0x000000000320582a sp=0x0000000017b2e6b8 mode 2
Event: 17.339 Thread 0x000000001740b800 Uncommon trap: trap_request=0xffffff65 fr.pc=0x0000000003714fcc
Event: 17.340 Thread 0x000000001740b800 DEOPT PACKING pc=0x0000000003714fcc sp=0x0000000017b2e730
Event: 17.340 Thread 0x000000001740b800 DEOPT UNPACKING pc=0x000000000320582a sp=0x0000000017b2e6d8 mode 2
Event: 18.403 Thread 0x0000000017408000 Uncommon trap: trap_request=0xffffff65 fr.pc=0x0000000003510ac4
Event: 18.404 Thread 0x0000000017408000 DEOPT PACKING pc=0x0000000003510ac4 sp=0x000000001792eb70
Event: 18.404 Thread 0x0000000017408000 DEOPT UNPACKING pc=0x000000000320582a sp=0x000000001792e730 mode 2


Dynamic libraries:
0x00007ff734e90000 - 0x00007ff734ec7000 	C:\Program Files\Java\jdk1.8.0_101\bin\java.exe
0x00007ff94be10000 - 0x00007ff94bfeb000 	C:\WINDOWS\SYSTEM32\ntdll.dll
0x00007ff94bb60000 - 0x00007ff94bc0e000 	C:\WINDOWS\System32\KERNEL32.DLL
0x00007ff948dd0000 - 0x00007ff949019000 	C:\WINDOWS\System32\KERNELBASE.dll
0x00007ff94b600000 - 0x00007ff94b6a1000 	C:\WINDOWS\System32\ADVAPI32.dll
0x00007ff9497b0000 - 0x00007ff94984d000 	C:\WINDOWS\System32\msvcrt.dll
0x00007ff94bc10000 - 0x00007ff94bc69000 	C:\WINDOWS\System32\sechost.dll
0x00007ff949850000 - 0x00007ff949975000 	C:\WINDOWS\System32\RPCRT4.dll
0x00007ff94ba10000 - 0x00007ff94bb5a000 	C:\WINDOWS\System32\USER32.dll
0x00007ff948660000 - 0x00007ff94867e000 	C:\WINDOWS\System32\win32u.dll
0x00007ff949370000 - 0x00007ff949397000 	C:\WINDOWS\System32\GDI32.dll
0x00007ff9491e0000 - 0x00007ff949368000 	C:\WINDOWS\System32\gdi32full.dll
0x00007ff9490d0000 - 0x00007ff94916a000 	C:\WINDOWS\System32\msvcp_win.dll
0x00007ff948330000 - 0x00007ff948426000 	C:\WINDOWS\System32\ucrtbase.dll
0x00007ff93cf20000 - 0x00007ff93d187000 	C:\WINDOWS\WinSxS\amd64_microsoft.windows.common-controls_6595b64144ccf1df_6.0.15063.483_none_26002d27e7c744a2\COMCTL32.dll
0x00007ff94b710000 - 0x00007ff94ba09000 	C:\WINDOWS\System32\combase.dll
0x00007ff949170000 - 0x00007ff9491da000 	C:\WINDOWS\System32\bcryptPrimitives.dll
0x00007ff949990000 - 0x00007ff9499bd000 	C:\WINDOWS\System32\IMM32.DLL
0x0000000065a40000 - 0x0000000065b12000 	C:\Program Files\Java\jdk1.8.0_101\jre\bin\msvcr100.dll
0x0000000069e20000 - 0x000000006a6ba000 	C:\Program Files\Java\jdk1.8.0_101\jre\bin\server\jvm.dll
0x00007ff94bcf0000 - 0x00007ff94bcf8000 	C:\WINDOWS\System32\PSAPI.DLL
0x00007ff944530000 - 0x00007ff944539000 	C:\WINDOWS\SYSTEM32\WSOCK32.dll
0x00007ff94bc70000 - 0x00007ff94bcdc000 	C:\WINDOWS\System32\WS2_32.dll
0x00007ff945260000 - 0x00007ff945283000 	C:\WINDOWS\SYSTEM32\WINMM.dll
0x00007ff937fc0000 - 0x00007ff937fca000 	C:\WINDOWS\SYSTEM32\VERSION.dll
0x00007ff945200000 - 0x00007ff94522b000 	C:\WINDOWS\SYSTEM32\winmmbase.dll
0x00007ff948d80000 - 0x00007ff948dc9000 	C:\WINDOWS\System32\cfgmgr32.dll
0x0000000069e10000 - 0x0000000069e1f000 	C:\Program Files\Java\jdk1.8.0_101\jre\bin\verify.dll
0x0000000069de0000 - 0x0000000069e09000 	C:\Program Files\Java\jdk1.8.0_101\jre\bin\java.dll
0x0000000069dc0000 - 0x0000000069dd6000 	C:\Program Files\Java\jdk1.8.0_101\jre\bin\zip.dll
0x00007ff949e60000 - 0x00007ff94b296000 	C:\WINDOWS\System32\SHELL32.dll
0x00007ff949560000 - 0x00007ff94960a000 	C:\WINDOWS\System32\shcore.dll
0x00007ff948680000 - 0x00007ff948d73000 	C:\WINDOWS\System32\windows.storage.dll
0x00007ff949e00000 - 0x00007ff949e51000 	C:\WINDOWS\System32\shlwapi.dll
0x00007ff9482c0000 - 0x00007ff9482d1000 	C:\WINDOWS\System32\kernel.appcore.dll
0x00007ff9482e0000 - 0x00007ff94832c000 	C:\WINDOWS\System32\powrprof.dll
0x00007ff9482a0000 - 0x00007ff9482b5000 	C:\WINDOWS\System32\profapi.dll

VM Arguments:
jvm_args: -Djava.awt.headless=true -Xmx1024M -Dfile.encoding=windows-1252 -Duser.country=CM -Duser.language=fr -Duser.variant 
java_command: com.android.dx.command.Main --dex --force-jumbo --num-threads=4 --output C:\Users\Le prince\Documents\Login\app\build\intermediates\pre-dexed\debug\com.android.support-appcompat-v7-25.3.1_1391cffade4d04948b33ad901e5a79343de25aa3.jar C:\Users\Le prince\Documents\Login\app\build\intermediates\exploded-aar\com.android.support\appcompat-v7\25.3.1\jars\classes.jar
java_class_path (initial): E:\sdk\build-tools\25.0.2\lib\dx.jar
Launcher Type: SUN_STANDARD

Environment Variables:
PATH=C:\ProgramData\Oracle\Java\javapath;C:\WINDOWS\system32;C:\WINDOWS;C:\WINDOWS\System32\Wbem;C:\WINDOWS\System32\WindowsPowerShell\v1.0\;C:\Program Files\Java\jdk1.6.0_45\bin;C:\Program Files\Microsoft SQL Server\110\Tools\Binn\;C:\Program Files\Java\jdk1.7.0_40\bin;C:\Program Files (x86)\Statgraphics\STATGRAPHICS Centurion XVI.I\;"C:\Users\Le prince\AppData\Local\Microsoft\WindowsApps;C:\Program Files\Java\jdk1.7.0_40\bin";
USERNAME=Le prince
OS=Windows_NT
PROCESSOR_IDENTIFIER=Intel64 Family 6 Model 76 Stepping 4, GenuineIntel



---------------  S Y S T E M  ---------------

OS: Windows 10.0 , 64 bit Build 15063 (10.0.15063.296)

CPU:total 4 (4 cores per cpu, 1 threads per core) family 6 model 76 stepping 4, cmov, cx8, fxsr, mmx, sse, sse2, sse3, ssse3, sse4.1, sse4.2, popcnt, aes, clmul, erms, 3dnowpref, tsc, tscinvbit

Memory: 4k page, physical 2024624k(184412k free), swap 4629912k(2200k free)

vm_info: Java HotSpot(TM) 64-Bit Server VM (25.101-b13) for windows-amd64 JRE (1.8.0_101-b13), built on Jun 22 2016 01:21:29 by "java_re" with MS VC++ 10.0 (VS2010)

time: Mon Aug 13 19:10:06 2018
elapsed time: 18 seconds (0d 0h 0m 18s)

