#
# There is insufficient memory for the Java Runtime Environment to continue.
# Native memory allocation (malloc) failed to allocate 598416 bytes for Chunk::new
# Possible reasons:
#   The system is out of physical RAM or swap space
#   In 32 bit mode, the process size limit was hit
# Possible solutions:
#   Reduce memory load on the system
#   Increase physical memory or swap space
#   Check if swap backing store is full
#   Use 64 bit Java on a 64 bit OS
#   Decrease Java heap size (-Xmx/-Xms)
#   Decrease number of Java threads
#   Decrease Java thread stack sizes (-Xss)
#   Set larger code cache with -XX:ReservedCodeCacheSize=
# This output file may be truncated or incomplete.
#
#  Out of Memory Error (allocation.cpp:390), pid=5036, tid=0x000000000000128c
#
# JRE version: Java(TM) SE Runtime Environment (8.0_101-b13) (build 1.8.0_101-b13)
# Java VM: Java HotSpot(TM) 64-Bit Server VM (25.101-b13 mixed mode windows-amd64 compressed oops)
# Failed to write core dump. Minidumps are not enabled by default on client versions of Windows
#

---------------  T H R E A D  ---------------

Current thread (0x0000000014c40800):  JavaThread "C2 CompilerThread1" daemon [_thread_in_native, id=4748, stack(0x00000000163b0000,0x00000000164b0000)]

Stack: [0x00000000163b0000,0x00000000164b0000]
[error occurred during error reporting (printing stack bounds), id 0xc0000005]

Native frames: (J=compiled Java code, j=interpreted, Vv=VM code, C=native code)


Current CompileTask:
C2:  45029 1842   !   4       com.android.dx.cf.cst.ConstantPoolParser::parse0 (731 bytes)


---------------  P R O C E S S  ---------------

Java Threads: ( => current thread )
  0x0000000014c51800 JavaThread "pool-2-thread-4" [_thread_blocked, id=1848, stack(0x0000000016fb0000,0x00000000170b0000)]
  0x0000000014c51000 JavaThread "pool-2-thread-3" [_thread_in_Java, id=1344, stack(0x0000000016eb0000,0x0000000016fb0000)]
  0x0000000014c50000 JavaThread "pool-2-thread-2" [_thread_in_Java, id=6804, stack(0x0000000016db0000,0x0000000016eb0000)]
  0x0000000014c4f800 JavaThread "pool-3-thread-1" [_thread_blocked, id=2636, stack(0x0000000016cb0000,0x0000000016db0000)]
  0x00000000168ce800 JavaThread "pool-2-thread-1" [_thread_in_Java, id=4076, stack(0x0000000016bb0000,0x0000000016cb0000)]
  0x00000000165d3800 JavaThread "Service Thread" daemon [_thread_blocked, id=5300, stack(0x00000000169b0000,0x0000000016ab0000)]
  0x0000000014c94000 JavaThread "C1 CompilerThread2" daemon [_thread_blocked, id=5956, stack(0x00000000164b0000,0x00000000165b0000)]
=>0x0000000014c40800 JavaThread "C2 CompilerThread1" daemon [_thread_in_native, id=4748, stack(0x00000000163b0000,0x00000000164b0000)]
  0x0000000014c3d000 JavaThread "C2 CompilerThread0" daemon [_thread_in_native, id=6964, stack(0x00000000162b0000,0x00000000163b0000)]
  0x0000000014c3b800 JavaThread "Attach Listener" daemon [_thread_blocked, id=2952, stack(0x00000000161b0000,0x00000000162b0000)]
  0x0000000014c3a800 JavaThread "Signal Dispatcher" daemon [_thread_blocked, id=3372, stack(0x00000000160b0000,0x00000000161b0000)]
  0x0000000014c2a800 JavaThread "Finalizer" daemon [_thread_blocked, id=6712, stack(0x0000000015e90000,0x0000000015f90000)]
  0x0000000002560800 JavaThread "Reference Handler" daemon [_thread_blocked, id=4620, stack(0x0000000015d90000,0x0000000015e90000)]
  0x0000000002470800 JavaThread "main" [_thread_in_Java, id=6256, stack(0x0000000002370000,0x0000000002470000)]

Other Threads:
  0x0000000014c06800 VMThread [stack: 0x0000000015c90000,0x0000000015d90000] [id=6844]
  0x00000000165db800 WatcherThread [stack: 0x0000000016ab0000,0x0000000016bb0000] [id=6928]

VM state:not at safepoint (normal execution)

VM Mutex/Monitor currently owned by a thread: None

Heap:
 PSYoungGen      total 76288K, used 37467K [0x00000000eab00000, 0x00000000f0000000, 0x0000000100000000)
  eden space 68608K, 44% used [0x00000000eab00000,0x00000000ec8ca3b0,0x00000000eee00000)
  from space 7680K, 90% used [0x00000000ef680000,0x00000000efd4caa8,0x00000000efe00000)
  to   space 8704K, 0% used [0x00000000eee00000,0x00000000eee00000,0x00000000ef680000)
 ParOldGen       total 22016K, used 14078K [0x00000000c0000000, 0x00000000c1580000, 0x00000000eab00000)
  object space 22016K, 63% used [0x00000000c0000000,0x00000000c0dbfb88,0x00000000c1580000)
 Metaspace       used 6165K, capacity 7152K, committed 7296K, reserved 1056768K
  class space    used 591K, capacity 616K, committed 640K, reserved 1048576K

Card table byte_map: [0x0000000011930000,0x0000000011b40000] byte_map_base: 0x0000000011330000

Marking Bits: (ParMarkBitMap*) 0x000000006a63a6d0
 Begin Bits: [0x00000000120a0000, 0x00000000130a0000)
 End Bits:   [0x00000000130a0000, 0x00000000140a0000)

Polling page: 0x0000000000a50000

CodeCache: size=245760Kb used=8812Kb max_used=8828Kb free=236947Kb
 bounds [0x0000000002570000, 0x0000000002e20000, 0x0000000011570000]
 total_blobs=2064 nmethods=1802 adapters=176
 compilation: enabled

Compilation events (10 events):
Event: 44.709 Thread 0x0000000014c3d000 nmethod 1850% 0x0000000002e10650 code [0x0000000002e108a0, 0x0000000002e12078]
Event: 44.709 Thread 0x0000000014c3d000 1827       4       com.android.dx.rop.code.BasicBlockList::getInstructionCount (48 bytes)
Event: 44.719 Thread 0x0000000014c3d000 nmethod 1827 0x0000000002defe90 code [0x0000000002deffe0, 0x0000000002df01d8]
Event: 44.719 Thread 0x0000000014c3d000 1813       4       com.android.dx.ssa.SsaMethod::forEachBlockDepthFirstDom (128 bytes)
Event: 44.874 Thread 0x0000000014c94000 1854       3       com.android.dx.ssa.NormalSsaInsn::clone (5 bytes)
Event: 44.876 Thread 0x0000000014c94000 nmethod 1854 0x0000000002df3cd0 code [0x0000000002df3e80, 0x0000000002df43d8]
Event: 44.876 Thread 0x0000000014c94000 1855       3       com.android.dx.ssa.NormalSsaInsn::clone (8 bytes)
Event: 44.876 Thread 0x0000000014c94000 nmethod 1855 0x0000000002df3510 code [0x0000000002df36a0, 0x0000000002df3b38]
Event: 44.893 Thread 0x0000000014c3d000 nmethod 1813 0x0000000002debc50 code [0x0000000002debe20, 0x0000000002dec9b8]
Event: 44.893 Thread 0x0000000014c3d000 1856       4       com.android.dx.ssa.back.SsaToRop::removePhiFunctions (83 bytes)

GC Heap History (10 events):
Event: 26.254 GC heap before
{Heap before GC invocations=2 (full 0):
 PSYoungGen      total 9728K, used 9717K [0x00000000eab00000, 0x00000000ebe00000, 0x0000000100000000)
  eden space 8704K, 100% used [0x00000000eab00000,0x00000000eb380000,0x00000000eb380000)
  from space 1024K, 98% used [0x00000000eb380000,0x00000000eb47d628,0x00000000eb480000)
  to   space 1024K, 0% used [0x00000000ebd00000,0x00000000ebd00000,0x00000000ebe00000)
 ParOldGen       total 22016K, used 184K [0x00000000c0000000, 0x00000000c1580000, 0x00000000eab00000)
  object space 22016K, 0% used [0x00000000c0000000,0x00000000c002e000,0x00000000c1580000)
 Metaspace       used 5689K, capacity 6768K, committed 7040K, reserved 1056768K
  class space    used 587K, capacity 616K, committed 640K, reserved 1048576K
Event: 26.324 GC heap after
Heap after GC invocations=2 (full 0):
 PSYoungGen      total 18432K, used 992K [0x00000000eab00000, 0x00000000ebe00000, 0x0000000100000000)
  eden space 17408K, 0% used [0x00000000eab00000,0x00000000eab00000,0x00000000ebc00000)
  from space 1024K, 96% used [0x00000000ebd00000,0x00000000ebdf8018,0x00000000ebe00000)
  to   space 1024K, 0% used [0x00000000ebc00000,0x00000000ebc00000,0x00000000ebd00000)
 ParOldGen       total 22016K, used 2335K [0x00000000c0000000, 0x00000000c1580000, 0x00000000eab00000)
  object space 22016K, 10% used [0x00000000c0000000,0x00000000c0247d58,0x00000000c1580000)
 Metaspace       used 5689K, capacity 6768K, committed 7040K, reserved 1056768K
  class space    used 587K, capacity 616K, committed 640K, reserved 1048576K
}
Event: 30.617 GC heap before
{Heap before GC invocations=3 (full 0):
 PSYoungGen      total 18432K, used 18400K [0x00000000eab00000, 0x00000000ebe00000, 0x0000000100000000)
  eden space 17408K, 100% used [0x00000000eab00000,0x00000000ebc00000,0x00000000ebc00000)
  from space 1024K, 96% used [0x00000000ebd00000,0x00000000ebdf8018,0x00000000ebe00000)
  to   space 1024K, 0% used [0x00000000ebc00000,0x00000000ebc00000,0x00000000ebd00000)
 ParOldGen       total 22016K, used 2335K [0x00000000c0000000, 0x00000000c1580000, 0x00000000eab00000)
  object space 22016K, 10% used [0x00000000c0000000,0x00000000c0247d58,0x00000000c1580000)
 Metaspace       used 5959K, capacity 6960K, committed 7040K, reserved 1056768K
  class space    used 590K, capacity 616K, committed 640K, reserved 1048576K
Event: 30.732 GC heap after
Heap after GC invocations=3 (full 0):
 PSYoungGen      total 18432K, used 992K [0x00000000eab00000, 0x00000000ecf00000, 0x0000000100000000)
  eden space 17408K, 0% used [0x00000000eab00000,0x00000000eab00000,0x00000000ebc00000)
  from space 1024K, 96% used [0x00000000ebc00000,0x00000000ebcf8028,0x00000000ebd00000)
  to   space 1024K, 0% used [0x00000000ece00000,0x00000000ece00000,0x00000000ecf00000)
 ParOldGen       total 22016K, used 5131K [0x00000000c0000000, 0x00000000c1580000, 0x00000000eab00000)
  object space 22016K, 23% used [0x00000000c0000000,0x00000000c0502df8,0x00000000c1580000)
 Metaspace       used 5959K, capacity 6960K, committed 7040K, reserved 1056768K
  class space    used 590K, capacity 616K, committed 640K, reserved 1048576K
}
Event: 33.834 GC heap before
{Heap before GC invocations=4 (full 0):
 PSYoungGen      total 18432K, used 18400K [0x00000000eab00000, 0x00000000ecf00000, 0x0000000100000000)
  eden space 17408K, 100% used [0x00000000eab00000,0x00000000ebc00000,0x00000000ebc00000)
  from space 1024K, 96% used [0x00000000ebc00000,0x00000000ebcf8028,0x00000000ebd00000)
  to   space 1024K, 0% used [0x00000000ece00000,0x00000000ece00000,0x00000000ecf00000)
 ParOldGen       total 22016K, used 5131K [0x00000000c0000000, 0x00000000c1580000, 0x00000000eab00000)
  object space 22016K, 23% used [0x00000000c0000000,0x00000000c0502df8,0x00000000c1580000)
 Metaspace       used 6080K, capacity 7088K, committed 7296K, reserved 1056768K
  class space    used 591K, capacity 616K, committed 640K, reserved 1048576K
Event: 33.868 GC heap after
Heap after GC invocations=4 (full 0):
 PSYoungGen      total 35840K, used 1014K [0x00000000eab00000, 0x00000000ecf00000, 0x0000000100000000)
  eden space 34816K, 0% used [0x00000000eab00000,0x00000000eab00000,0x00000000ecd00000)
  from space 1024K, 99% used [0x00000000ece00000,0x00000000ecefd880,0x00000000ecf00000)
  to   space 1024K, 0% used [0x00000000ecd00000,0x00000000ecd00000,0x00000000ece00000)
 ParOldGen       total 22016K, used 8544K [0x00000000c0000000, 0x00000000c1580000, 0x00000000eab00000)
  object space 22016K, 38% used [0x00000000c0000000,0x00000000c0858010,0x00000000c1580000)
 Metaspace       used 6080K, capacity 7088K, committed 7296K, reserved 1056768K
  class space    used 591K, capacity 616K, committed 640K, reserved 1048576K
}
Event: 38.998 GC heap before
{Heap before GC invocations=5 (full 0):
 PSYoungGen      total 35840K, used 35830K [0x00000000eab00000, 0x00000000ecf00000, 0x0000000100000000)
  eden space 34816K, 100% used [0x00000000eab00000,0x00000000ecd00000,0x00000000ecd00000)
  from space 1024K, 99% used [0x00000000ece00000,0x00000000ecefd880,0x00000000ecf00000)
  to   space 1024K, 0% used [0x00000000ecd00000,0x00000000ecd00000,0x00000000ece00000)
 ParOldGen       total 22016K, used 8544K [0x00000000c0000000, 0x00000000c1580000, 0x00000000eab00000)
  object space 22016K, 38% used [0x00000000c0000000,0x00000000c0858010,0x00000000c1580000)
 Metaspace       used 6130K, capacity 7152K, committed 7296K, reserved 1056768K
  class space    used 591K, capacity 616K, committed 640K, reserved 1048576K
Event: 39.310 GC heap after
Heap after GC invocations=5 (full 0):
 PSYoungGen      total 35840K, used 995K [0x00000000eab00000, 0x00000000efe00000, 0x0000000100000000)
  eden space 34816K, 0% used [0x00000000eab00000,0x00000000eab00000,0x00000000ecd00000)
  from space 1024K, 97% used [0x00000000ecd00000,0x00000000ecdf8ec0,0x00000000ece00000)
  to   space 7680K, 0% used [0x00000000ef680000,0x00000000ef680000,0x00000000efe00000)
 ParOldGen       total 22016K, used 14070K [0x00000000c0000000, 0x00000000c1580000, 0x00000000eab00000)
  object space 22016K, 63% used [0x00000000c0000000,0x00000000c0dbdb88,0x00000000c1580000)
 Metaspace       used 6130K, capacity 7152K, committed 7296K, reserved 1056768K
  class space    used 591K, capacity 616K, committed 640K, reserved 1048576K
}
Event: 43.618 GC heap before
{Heap before GC invocations=6 (full 0):
 PSYoungGen      total 35840K, used 35811K [0x00000000eab00000, 0x00000000efe00000, 0x0000000100000000)
  eden space 34816K, 100% used [0x00000000eab00000,0x00000000ecd00000,0x00000000ecd00000)
  from space 1024K, 97% used [0x00000000ecd00000,0x00000000ecdf8ec0,0x00000000ece00000)
  to   space 7680K, 0% used [0x00000000ef680000,0x00000000ef680000,0x00000000efe00000)
 ParOldGen       total 22016K, used 14070K [0x00000000c0000000, 0x00000000c1580000, 0x00000000eab00000)
  object space 22016K, 63% used [0x00000000c0000000,0x00000000c0dbdb88,0x00000000c1580000)
 Metaspace       used 6155K, capacity 7152K, committed 7296K, reserved 1056768K
  class space    used 591K, capacity 616K, committed 640K, reserved 1048576K
Event: 43.760 GC heap after
Heap after GC invocations=6 (full 0):
 PSYoungGen      total 76288K, used 6962K [0x00000000eab00000, 0x00000000f0000000, 0x0000000100000000)
  eden space 68608K, 0% used [0x00000000eab00000,0x00000000eab00000,0x00000000eee00000)
  from space 7680K, 90% used [0x00000000ef680000,0x00000000efd4caa8,0x00000000efe00000)
  to   space 8704K, 0% used [0x00000000eee00000,0x00000000eee00000,0x00000000ef680000)
 ParOldGen       total 22016K, used 14078K [0x00000000c0000000, 0x00000000c1580000, 0x00000000eab00000)
  object space 22016K, 63% used [0x00000000c0000000,0x00000000c0dbfb88,0x00000000c1580000)
 Metaspace       used 6155K, capacity 7152K, committed 7296K, reserved 1056768K
  class space    used 591K, capacity 616K, committed 640K, reserved 1048576K
}

Deoptimization events (10 events):
Event: 39.495 Thread 0x0000000014c51000 Uncommon trap: reason=unstable_if action=reinterpret pc=0x0000000002aa1e94 method=com.android.dx.ssa.SCCP.simulateStmt(Lcom/android/dx/ssa/SsaInsn;)V @ 53
Event: 43.010 Thread 0x00000000168ce800 Uncommon trap: reason=unstable_if action=reinterpret pc=0x0000000002d42ed8 method=com.android.dx.cf.code.RopperMachine.run(Lcom/android/dx/cf/code/Frame;II)V @ 1500
Event: 43.010 Thread 0x00000000168ce800 Uncommon trap: reason=class_check action=maybe_recompile pc=0x0000000002cf8df4 method=com.android.dx.cf.code.Ropper.processBlock(Lcom/android/dx/cf/code/ByteBlock;Lcom/android/dx/cf/code/Frame;[I)V @ 777
Event: 43.028 Thread 0x00000000168ce800 Uncommon trap: reason=class_check action=maybe_recompile pc=0x0000000002cf8df4 method=com.android.dx.cf.code.Ropper.processBlock(Lcom/android/dx/cf/code/ByteBlock;Lcom/android/dx/cf/code/Frame;[I)V @ 777
Event: 43.059 Thread 0x0000000014c50000 Uncommon trap: reason=unstable_if action=reinterpret pc=0x0000000002cf7908 method=com.android.dx.cf.code.Ropper.processBlock(Lcom/android/dx/cf/code/ByteBlock;Lcom/android/dx/cf/code/Frame;[I)V @ 413
Event: 43.059 Thread 0x0000000014c50000 Uncommon trap: reason=unstable_if action=reinterpret pc=0x0000000002a1f7bc method=com.android.dx.util.IntList.binarysearch(I)I @ 105
Event: 43.061 Thread 0x0000000014c50000 Uncommon trap: reason=unstable_if action=reinterpret pc=0x0000000002ca1cc0 method=com.android.dx.ssa.SsaBasicBlock.newFromRop(Lcom/android/dx/rop/code/RopMethod;ILcom/android/dx/ssa/SsaMethod;)Lcom/android/dx/ssa/SsaBasicBlock; @ 164
Event: 43.065 Thread 0x0000000014c50000 Uncommon trap: reason=unstable_if action=reinterpret pc=0x0000000002ca8b54 method=com.android.dx.ssa.SsaMethod.blockIndexToRopLabel(I)I @ 1
Event: 43.560 Thread 0x0000000014c51000 Uncommon trap: reason=unloaded action=reinterpret pc=0x0000000002b04048 method=com.android.dx.ssa.LiteralOpUpgrader$1.visitNonMoveInsn(Lcom/android/dx/ssa/NormalSsaInsn;)V @ 72
Event: 43.562 Thread 0x0000000014c51000 Uncommon trap: reason=unstable_if action=reinterpret pc=0x000000000299679c method=com.android.dx.ssa.SsaMethod.updateOneDefinition(Lcom/android/dx/ssa/SsaInsn;Lcom/android/dx/rop/code/RegisterSpec;)V @ 4

Internal exceptions (3 events):
Event: 0.251 Thread 0x0000000002470800 Exception <a 'java/lang/NoSuchMethodError': Method sun.misc.Unsafe.defineClass(Ljava/lang/String;[BII)Ljava/lang/Class; name or signature does not match> (0x00000000eab07cc0) thrown at [C:\re\workspace\8-2-build-windows-amd64-cygwin\jdk8u101\7261\hotspot\sr°ž‡ÚÐ?
Event: 0.251 Thread 0x0000000002470800 Exception <a 'java/lang/NoSuchMethodError': Method sun.misc.Unsafe.prefetchRead(Ljava/lang/Object;J)V name or signature does not match> (0x00000000eab07fa8) thrown at [C:\re\workspace\8-2-build-windows-amd64-cygwin\jdk8u101\7261\hotspot\src\share\vm\prims\íÃÄ:ç@@
Event: 32.124 Thread 0x0000000014c51800 Implicit null exception at 0x0000000002b214db to 0x0000000002b238b9

Events (10 events):
Event: 43.562 Thread 0x0000000014c51000 DEOPT PACKING pc=0x000000000299679c sp=0x0000000016fae810
Event: 43.562 Thread 0x0000000014c51000 DEOPT UNPACKING pc=0x00000000025b582a sp=0x0000000016fae7b8 mode 2
Event: 43.594 Executing VM operation: ParallelGCFailedAllocation
Event: 43.760 Executing VM operation: ParallelGCFailedAllocation done
Event: 43.821 Thread 0x0000000014c51000 DEOPT PACKING pc=0x0000000002a090f0 sp=0x0000000016faea60
Event: 43.821 Thread 0x0000000014c51000 DEOPT UNPACKING pc=0x00000000025b747f sp=0x0000000016fae7c0 mode 0
Event: 44.105 Thread 0x0000000014c51000 DEOPT PACKING pc=0x0000000002a610bd sp=0x0000000016faea90
Event: 44.105 Thread 0x0000000014c51000 DEOPT UNPACKING pc=0x00000000025b747f sp=0x0000000016fae7c8 mode 0
Event: 44.903 Thread 0x0000000014c51000 DEOPT PACKING pc=0x00000000029bad52 sp=0x0000000016fae8b0
Event: 44.903 Thread 0x0000000014c51000 DEOPT UNPACKING pc=0x00000000025b747f sp=0x0000000016fae6f0 mode 0


Dynamic libraries:
0x00007ff734e90000 - 0x00007ff734ec7000 	C:\Program Files\Java\jdk1.8.0_101\bin\java.exe
0x00007ff94be10000 - 0x00007ff94bfeb000 	C:\WINDOWS\SYSTEM32\ntdll.dll
0x00007ff94bb60000 - 0x00007ff94bc0e000 	C:\WINDOWS\System32\KERNEL32.DLL
0x00007ff948dd0000 - 0x00007ff949019000 	C:\WINDOWS\System32\KERNELBASE.dll
0x00007ff94b600000 - 0x00007ff94b6a1000 	C:\WINDOWS\System32\ADVAPI32.dll
0x00007ff9497b0000 - 0x00007ff94984d000 	C:\WINDOWS\System32\msvcrt.dll
0x00007ff94bc10000 - 0x00007ff94bc69000 	C:\WINDOWS\System32\sechost.dll
0x00007ff949850000 - 0x00007ff949975000 	C:\WINDOWS\System32\RPCRT4.dll
0x00007ff94ba10000 - 0x00007ff94bb5a000 	C:\WINDOWS\System32\USER32.dll
0x00007ff948660000 - 0x00007ff94867e000 	C:\WINDOWS\System32\win32u.dll
0x00007ff949370000 - 0x00007ff949397000 	C:\WINDOWS\System32\GDI32.dll
0x00007ff9491e0000 - 0x00007ff949368000 	C:\WINDOWS\System32\gdi32full.dll
0x00007ff9490d0000 - 0x00007ff94916a000 	C:\WINDOWS\System32\msvcp_win.dll
0x00007ff948330000 - 0x00007ff948426000 	C:\WINDOWS\System32\ucrtbase.dll
0x00007ff93cf20000 - 0x00007ff93d187000 	C:\WINDOWS\WinSxS\amd64_microsoft.windows.common-controls_6595b64144ccf1df_6.0.15063.483_none_26002d27e7c744a2\COMCTL32.dll
0x00007ff94b710000 - 0x00007ff94ba09000 	C:\WINDOWS\System32\combase.dll
0x00007ff949170000 - 0x00007ff9491da000 	C:\WINDOWS\System32\bcryptPrimitives.dll
0x00007ff949990000 - 0x00007ff9499bd000 	C:\WINDOWS\System32\IMM32.DLL
0x0000000065a40000 - 0x0000000065b12000 	C:\Program Files\Java\jdk1.8.0_101\jre\bin\msvcr100.dll
0x0000000069e20000 - 0x000000006a6ba000 	C:\Program Files\Java\jdk1.8.0_101\jre\bin\server\jvm.dll
0x00007ff94bcf0000 - 0x00007ff94bcf8000 	C:\WINDOWS\System32\PSAPI.DLL
0x00007ff944530000 - 0x00007ff944539000 	C:\WINDOWS\SYSTEM32\WSOCK32.dll
0x00007ff94bc70000 - 0x00007ff94bcdc000 	C:\WINDOWS\System32\WS2_32.dll
0x00007ff945260000 - 0x00007ff945283000 	C:\WINDOWS\SYSTEM32\WINMM.dll
0x00007ff937fc0000 - 0x00007ff937fca000 	C:\WINDOWS\SYSTEM32\VERSION.dll
0x00007ff945200000 - 0x00007ff94522b000 	C:\WINDOWS\SYSTEM32\WINMMBASE.dll
0x00007ff948d80000 - 0x00007ff948dc9000 	C:\WINDOWS\System32\cfgmgr32.dll
0x0000000069e10000 - 0x0000000069e1f000 	C:\Program Files\Java\jdk1.8.0_101\jre\bin\verify.dll
0x0000000069de0000 - 0x0000000069e09000 	C:\Program Files\Java\jdk1.8.0_101\jre\bin\java.dll
0x0000000069dc0000 - 0x0000000069dd6000 	C:\Program Files\Java\jdk1.8.0_101\jre\bin\zip.dll
0x00007ff949e60000 - 0x00007ff94b296000 	C:\WINDOWS\System32\SHELL32.dll
0x00007ff949560000 - 0x00007ff94960a000 	C:\WINDOWS\System32\shcore.dll
0x00007ff948680000 - 0x00007ff948d73000 	C:\WINDOWS\System32\windows.storage.dll
0x00007ff949e00000 - 0x00007ff949e51000 	C:\WINDOWS\System32\shlwapi.dll
0x00007ff9482c0000 - 0x00007ff9482d1000 	C:\WINDOWS\System32\kernel.appcore.dll
0x00007ff9482e0000 - 0x00007ff94832c000 	C:\WINDOWS\System32\powrprof.dll
0x00007ff9482a0000 - 0x00007ff9482b5000 	C:\WINDOWS\System32\profapi.dll

VM Arguments:
jvm_args: -Djava.awt.headless=true -Xmx1024M -Dfile.encoding=windows-1252 -Duser.country=CM -Duser.language=fr -Duser.variant 
java_command: com.android.dx.command.Main --dex --force-jumbo --num-threads=4 --multi-dex --output C:\Users\Le prince\Documents\Login\app\build\intermediates\transforms\dex\debug\folders\1000\10\com.android.support-appcompat-v7-25.3.1_1391cffade4d04948b33ad901e5a79343de25aa3 C:\Users\Le prince\Documents\Login\app\build\intermediates\exploded-aar\com.android.support\appcompat-v7\25.3.1\jars\classes.jar
java_class_path (initial): E:\sdk\build-tools\25.0.2\lib\dx.jar
Launcher Type: SUN_STANDARD

Environment Variables:
PATH=C:\ProgramData\Oracle\Java\javapath;C:\WINDOWS\system32;C:\WINDOWS;C:\WINDOWS\System32\Wbem;C:\WINDOWS\System32\WindowsPowerShell\v1.0\;C:\Program Files\Java\jdk1.6.0_45\bin;C:\Program Files\Microsoft SQL Server\110\Tools\Binn\;C:\Program Files\Java\jdk1.7.0_40\bin;C:\Program Files (x86)\Statgraphics\STATGRAPHICS Centurion XVI.I\;"C:\Users\Le prince\AppData\Local\Microsoft\WindowsApps;C:\Program Files\Java\jdk1.7.0_40\bin";
USERNAME=Le prince
OS=Windows_NT
PROCESSOR_IDENTIFIER=Intel64 Family 6 Model 76 Stepping 4, GenuineIntel



---------------  S Y S T E M  ---------------

OS: Windows 10.0 , 64 bit Build 15063 (10.0.15063.296)

CPU:total 4 (4 cores per cpu, 1 threads per core) family 6 model 76 stepping 4, cmov, cx8, fxsr, mmx, sse, sse2, sse3, ssse3, sse4.1, sse4.2, popcnt, aes, clmul, erms, 3dnowpref, tsc, tscinvbit

Memory: 4k page, physical 2024624k(194336k free), swap 4629912k(4696k free)

vm_info: Java HotSpot(TM) 64-Bit Server VM (25.101-b13) for windows-amd64 JRE (1.8.0_101-b13), built on Jun 22 2016 01:21:29 by "java_re" with MS VC++ 10.0 (VS2010)

time: Mon Aug 13 19:06:33 2018
elapsed time: 45 seconds (0d 0h 0m 45s)

