#
# There is insufficient memory for the Java Runtime Environment to continue.
# Native memory allocation (malloc) failed to allocate 1792 bytes for AllocateHeap
# Possible reasons:
#   The system is out of physical RAM or swap space
#   In 32 bit mode, the process size limit was hit
# Possible solutions:
#   Reduce memory load on the system
#   Increase physical memory or swap space
#   Check if swap backing store is full
#   Use 64 bit Java on a 64 bit OS
#   Decrease Java heap size (-Xmx/-Xms)
#   Decrease number of Java threads
#   Decrease Java thread stack sizes (-Xss)
#   Set larger code cache with -XX:ReservedCodeCacheSize=
# This output file may be truncated or incomplete.
#
#  Out of Memory Error (memory/allocation.inline.hpp:61), pid=6748, tid=0x00000000000014d0
#
# JRE version: Java(TM) SE Runtime Environment (8.0_101-b13) (build 1.8.0_101-b13)
# Java VM: Java HotSpot(TM) 64-Bit Server VM (25.101-b13 mixed mode windows-amd64 compressed oops)
# Failed to write core dump. Minidumps are not enabled by default on client versions of Windows
#

---------------  T H R E A D  ---------------

Current thread (0x0000000002dd8800):  GCTaskThread [stack: 0x00000000126f0000,0x00000000127f0000] [id=5328]

Stack: [0x00000000126f0000,0x00000000127f0000]
[error occurred during error reporting (printing stack bounds), id 0xc00000fd]

Native frames: (J=compiled Java code, j=interpreted, Vv=VM code, C=native code)

JavaThread 0x0000000016f58800 (nid = 6208) was being processed
Java frames: (J=compiled Java code, j=interpreted, Vv=VM code)
j  com.android.dx.command.dexer.Main.translateClass([BLcom/android/dx/cf/direct/DirectClassFile;)Lcom/android/dx/dex/file/ClassDefItem;+17
j  com.android.dx.command.dexer.Main.access$2700([BLcom/android/dx/cf/direct/DirectClassFile;)Lcom/android/dx/dex/file/ClassDefItem;+2
j  com.android.dx.command.dexer.Main$ClassTranslatorTask.call()Lcom/android/dx/dex/file/ClassDefItem;+8
j  com.android.dx.command.dexer.Main$ClassTranslatorTask.call()Ljava/lang/Object;+1
j  java.util.concurrent.FutureTask.run()V+42
j  java.util.concurrent.ThreadPoolExecutor.runWorker(Ljava/util/concurrent/ThreadPoolExecutor$Worker;)V+95
j  java.util.concurrent.ThreadPoolExecutor$Worker.run()V+5
j  java.lang.Thread.run()V+11
v  ~StubRoutines::call_stub

---------------  P R O C E S S  ---------------

Java Threads: ( => current thread )
  0x0000000016f7e800 JavaThread "pool-2-thread-4" [_thread_blocked, id=4148, stack(0x0000000018110000,0x0000000018210000)]
  0x0000000016f77000 JavaThread "pool-2-thread-3" [_thread_blocked, id=7584, stack(0x0000000018010000,0x0000000018110000)]
  0x0000000016f6e800 JavaThread "pool-2-thread-2" [_thread_blocked, id=7604, stack(0x0000000017f10000,0x0000000018010000)]
  0x0000000016f6b800 JavaThread "pool-3-thread-1" [_thread_blocked, id=7548, stack(0x0000000017e10000,0x0000000017f10000)]
  0x0000000016f58800 JavaThread "pool-2-thread-1" [_thread_blocked, id=6208, stack(0x0000000017d10000,0x0000000017e10000)]
  0x0000000016e1b000 JavaThread "Service Thread" daemon [_thread_blocked, id=7316, stack(0x0000000017310000,0x0000000017410000)]
  0x0000000016e18800 JavaThread "C1 CompilerThread2" daemon [_thread_blocked, id=6904, stack(0x0000000017210000,0x0000000017310000)]
  0x0000000015590800 JavaThread "C2 CompilerThread1" daemon [_thread_blocked, id=4116, stack(0x0000000016d10000,0x0000000016e10000)]
  0x000000001558d000 JavaThread "C2 CompilerThread0" daemon [_thread_blocked, id=1968, stack(0x0000000016c10000,0x0000000016d10000)]
  0x000000001558c000 JavaThread "Attach Listener" daemon [_thread_blocked, id=7236, stack(0x0000000016b10000,0x0000000016c10000)]
  0x000000001558b000 JavaThread "Signal Dispatcher" daemon [_thread_blocked, id=7520, stack(0x0000000016a10000,0x0000000016b10000)]
  0x0000000002ebb800 JavaThread "Finalizer" daemon [_thread_blocked, id=7028, stack(0x0000000016800000,0x0000000016900000)]
  0x0000000002eb1000 JavaThread "Reference Handler" daemon [_thread_blocked, id=5856, stack(0x0000000016700000,0x0000000016800000)]
  0x0000000002dc0800 JavaThread "main" [_thread_blocked, id=7480, stack(0x0000000002cc0000,0x0000000002dc0000)]

Other Threads:
  0x0000000015557800 VMThread [stack: 0x0000000016600000,0x0000000016700000] [id=7344]
  0x0000000016e20000 WatcherThread [stack: 0x0000000017410000,0x0000000017510000] [id=7560]

=>0x0000000002dd8800 (exited) GCTaskThread [stack: 0x00000000126f0000,0x00000000127f0000] [id=5328]

VM state:at safepoint (normal execution)

VM Mutex/Monitor currently owned by a thread:  ([mutex/lock_event])
[0x0000000002cbbc10] OopMapCacheAlloc_lock - owner thread: 0x0000000002dd8800
[0x0000000002cbc4e0] Threads_lock - owner thread: 0x0000000015557800
[0x0000000002cbcc60] Heap_lock - owner thread: 0x0000000016e18800
[0x0000000002cbe7f0] MethodData_lock - owner thread: 0x0000000016e18800

Heap:
 PSYoungGen      total 9728K, used 3400K [0x00000000eab00000, 0x00000000eb580000, 0x0000000100000000)
  eden space 8704K, 39% used [0x00000000eab00000,0x00000000eae52238,0x00000000eb380000)
  from space 1024K, 0% used [0x00000000eb480000,0x00000000eb480000,0x00000000eb580000)
  to   space 1024K, 70% used [0x00000000eb380000,0x00000000eb434010,0x00000000eb480000)
 ParOldGen       total 22016K, used 8K [0x00000000c0000000, 0x00000000c1580000, 0x00000000eab00000)
  object space 22016K, 0% used [0x00000000c0000000,0x00000000c0002000,0x00000000c1580000)
 Metaspace       used 3907K, capacity 5040K, committed 5120K, reserved 1060864K
  class space    used 444K, capacity 488K, committed 512K, reserved 1048576K

Card table byte_map: [0x0000000012280000,0x0000000012490000] byte_map_base: 0x0000000011c80000

Marking Bits: (ParMarkBitMap*) 0x000000006a63a6d0
 Begin Bits: [0x00000000129f0000, 0x00000000139f0000)
 End Bits:   [0x00000000139f0000, 0x00000000149f0000)

Polling page: 0x0000000000bf0000

CodeCache: size=245760Kb used=1435Kb max_used=1447Kb free=244324Kb
 bounds [0x0000000002ec0000, 0x0000000003130000, 0x0000000011ec0000]
 total_blobs=440 nmethods=183 adapters=171
 compilation: enabled

Compilation events (10 events):
Event: 2.755 Thread 0x0000000016e18800 nmethod 180 0x0000000003026290 code [0x00000000030263e0, 0x00000000030264f0]
Event: 2.755 Thread 0x0000000016e18800  179   !   3       java.util.zip.Inflater::ended (32 bytes)
Event: 2.756 Thread 0x0000000016e18800 nmethod 179 0x0000000003026550 code [0x00000000030266c0, 0x0000000003026a90]
Event: 2.756 Thread 0x0000000016e18800  178       1       com.android.dx.util.ByteArray::size (5 bytes)
Event: 2.756 Thread 0x0000000016e18800 nmethod 178 0x0000000003026bd0 code [0x0000000003026d20, 0x0000000003026e30]
Event: 2.757 Thread 0x0000000016e18800  181       1       com.android.dx.util.ByteArray::access$000 (5 bytes)
Event: 2.757 Thread 0x0000000016e18800 nmethod 181 0x0000000003026e90 code [0x0000000003026fe0, 0x00000000030270d0]
Event: 2.759 Thread 0x000000001558d000  182       4       java.util.concurrent.ConcurrentHashMap::setTabAt (19 bytes)
Event: 2.761 Thread 0x000000001558d000 nmethod 182 0x000000000302a190 code [0x000000000302a2c0, 0x000000000302a338]
Event: 2.920 Thread 0x0000000016e18800  184   !   3       com.android.dx.cf.cst.ConstantPoolParser::parse0 (731 bytes)

GC Heap History (1 events):
Event: 2.943 GC heap before
{Heap before GC invocations=1 (full 0):
 PSYoungGen      total 9728K, used 3400K [0x00000000eab00000, 0x00000000eb580000, 0x0000000100000000)
  eden space 8704K, 39% used [0x00000000eab00000,0x00000000eae52238,0x00000000eb380000)
  from space 1024K, 0% used [0x00000000eb480000,0x00000000eb480000,0x00000000eb580000)
  to   space 1024K, 0% used [0x00000000eb380000,0x00000000eb380000,0x00000000eb480000)
 ParOldGen       total 22016K, used 0K [0x00000000c0000000, 0x00000000c1580000, 0x00000000eab00000)
  object space 22016K, 0% used [0x00000000c0000000,0x00000000c0000000,0x00000000c1580000)
 Metaspace       used 3907K, capacity 5040K, committed 5120K, reserved 1060864K
  class space    used 444K, capacity 488K, committed 512K, reserved 1048576K

Deoptimization events (0 events):
No events

Internal exceptions (2 events):
Event: 1.063 Thread 0x0000000002dc0800 Exception <a 'java/lang/NoSuchMethodError': Method sun.misc.Unsafe.defineClass(Ljava/lang/String;[BII)Ljava/lang/Class; name or signature does not match> (0x00000000eab07cc0) thrown at [C:\re\workspace\8-2-build-windows-amd64-cygwin\jdk8u101\7261\hotspot\s2sè“Ò?
Event: 1.063 Thread 0x0000000002dc0800 Exception <a 'java/lang/NoSuchMethodError': Method sun.misc.Unsafe.prefetchRead(Ljava/lang/Object;J)V name or signature does not match> (0x00000000eab07fa8) thrown at [C:\re\workspace\8-2-build-windows-amd64-cygwin\jdk8u101\7261\hotspot\src\share\vm\prims\

Events (10 events):
Event: 2.751 loading class com/android/dx/cf/direct/DirectClassFile$DcfTypeList
Event: 2.751 loading class com/android/dx/cf/direct/DirectClassFile$DcfTypeList done
Event: 2.755 loading class com/android/dx/cf/code/ByteCatchList$Item
Event: 2.755 loading class com/android/dx/cf/code/ByteCatchList$Item done
Event: 2.757 loading class com/android/dx/cf/attrib/AttLocalVariableTypeTable
Event: 2.757 loading class com/android/dx/cf/attrib/AttLocalVariableTypeTable done
Event: 2.759 loading class com/android/dx/cf/attrib/RawAttribute
Event: 2.759 loading class com/android/dx/cf/attrib/RawAttribute done
Event: 2.915 Thread 0x0000000016f7e800 Thread added: 0x0000000016f7e800
Event: 2.920 Executing VM operation: CollectForMetadataAllocation


Dynamic libraries:
0x00007ff734e90000 - 0x00007ff734ec7000 	C:\Program Files\Java\jdk1.8.0_101\bin\java.exe
0x00007ff94be10000 - 0x00007ff94bfeb000 	C:\WINDOWS\SYSTEM32\ntdll.dll
0x00007ff94bb60000 - 0x00007ff94bc0e000 	C:\WINDOWS\System32\KERNEL32.DLL
0x00007ff948dd0000 - 0x00007ff949019000 	C:\WINDOWS\System32\KERNELBASE.dll
0x00007ff94b600000 - 0x00007ff94b6a1000 	C:\WINDOWS\System32\ADVAPI32.dll
0x00007ff9497b0000 - 0x00007ff94984d000 	C:\WINDOWS\System32\msvcrt.dll
0x00007ff94bc10000 - 0x00007ff94bc69000 	C:\WINDOWS\System32\sechost.dll
0x00007ff949850000 - 0x00007ff949975000 	C:\WINDOWS\System32\RPCRT4.dll
0x00007ff94ba10000 - 0x00007ff94bb5a000 	C:\WINDOWS\System32\USER32.dll
0x00007ff948660000 - 0x00007ff94867e000 	C:\WINDOWS\System32\win32u.dll
0x00007ff949370000 - 0x00007ff949397000 	C:\WINDOWS\System32\GDI32.dll
0x00007ff9491e0000 - 0x00007ff949368000 	C:\WINDOWS\System32\gdi32full.dll
0x00007ff9490d0000 - 0x00007ff94916a000 	C:\WINDOWS\System32\msvcp_win.dll
0x00007ff948330000 - 0x00007ff948426000 	C:\WINDOWS\System32\ucrtbase.dll
0x00007ff93cf20000 - 0x00007ff93d187000 	C:\WINDOWS\WinSxS\amd64_microsoft.windows.common-controls_6595b64144ccf1df_6.0.15063.483_none_26002d27e7c744a2\COMCTL32.dll
0x00007ff94b710000 - 0x00007ff94ba09000 	C:\WINDOWS\System32\combase.dll
0x00007ff949170000 - 0x00007ff9491da000 	C:\WINDOWS\System32\bcryptPrimitives.dll
0x00007ff949990000 - 0x00007ff9499bd000 	C:\WINDOWS\System32\IMM32.DLL
0x0000000065a40000 - 0x0000000065b12000 	C:\Program Files\Java\jdk1.8.0_101\jre\bin\msvcr100.dll
0x0000000069e20000 - 0x000000006a6ba000 	C:\Program Files\Java\jdk1.8.0_101\jre\bin\server\jvm.dll
0x00007ff94bcf0000 - 0x00007ff94bcf8000 	C:\WINDOWS\System32\PSAPI.DLL
0x00007ff944530000 - 0x00007ff944539000 	C:\WINDOWS\SYSTEM32\WSOCK32.dll
0x00007ff945260000 - 0x00007ff945283000 	C:\WINDOWS\SYSTEM32\WINMM.dll
0x00007ff94bc70000 - 0x00007ff94bcdc000 	C:\WINDOWS\System32\WS2_32.dll
0x00007ff945200000 - 0x00007ff94522b000 	C:\WINDOWS\SYSTEM32\winmmbase.dll
0x00007ff948d80000 - 0x00007ff948dc9000 	C:\WINDOWS\System32\cfgmgr32.dll
0x00007ff937fc0000 - 0x00007ff937fca000 	C:\WINDOWS\SYSTEM32\VERSION.dll
0x0000000069e10000 - 0x0000000069e1f000 	C:\Program Files\Java\jdk1.8.0_101\jre\bin\verify.dll
0x0000000069de0000 - 0x0000000069e09000 	C:\Program Files\Java\jdk1.8.0_101\jre\bin\java.dll
0x0000000069dc0000 - 0x0000000069dd6000 	C:\Program Files\Java\jdk1.8.0_101\jre\bin\zip.dll
0x00007ff949e60000 - 0x00007ff94b296000 	C:\WINDOWS\System32\SHELL32.dll
0x00007ff949560000 - 0x00007ff94960a000 	C:\WINDOWS\System32\shcore.dll
0x00007ff948680000 - 0x00007ff948d73000 	C:\WINDOWS\System32\windows.storage.dll
0x00007ff949e00000 - 0x00007ff949e51000 	C:\WINDOWS\System32\shlwapi.dll
0x00007ff9482c0000 - 0x00007ff9482d1000 	C:\WINDOWS\System32\kernel.appcore.dll
0x00007ff9482e0000 - 0x00007ff94832c000 	C:\WINDOWS\System32\powrprof.dll
0x00007ff9482a0000 - 0x00007ff9482b5000 	C:\WINDOWS\System32\profapi.dll

VM Arguments:
jvm_args: -Djava.awt.headless=true -Xmx1024M -Dfile.encoding=windows-1252 -Duser.country=CM -Duser.language=fr -Duser.variant 
java_command: com.android.dx.command.Main --dex --force-jumbo --num-threads=4 --multi-dex --output C:\Users\Le prince\Documents\Login\app\build\intermediates\transforms\dex\debug\folders\1000\10\instant-run_3b10cfc29bd28f860eaaccef264484a135886dcb C:\Users\Le prince\Documents\Login\app\build\intermediates\incremental-runtime-classes\debug\instant-run.jar
java_class_path (initial): E:\sdk\build-tools\25.0.2\lib\dx.jar
Launcher Type: SUN_STANDARD

Environment Variables:
PATH=C:\ProgramData\Oracle\Java\javapath;C:\WINDOWS\system32;C:\WINDOWS;C:\WINDOWS\System32\Wbem;C:\WINDOWS\System32\WindowsPowerShell\v1.0\;C:\Program Files\Java\jdk1.6.0_45\bin;C:\Program Files\Microsoft SQL Server\110\Tools\Binn\;C:\Program Files\Java\jdk1.7.0_40\bin;C:\Program Files (x86)\Statgraphics\STATGRAPHICS Centurion XVI.I\;"C:\Users\Le prince\AppData\Local\Microsoft\WindowsApps;C:\Program Files\Java\jdk1.7.0_40\bin";
USERNAME=Le prince
OS=Windows_NT
PROCESSOR_IDENTIFIER=Intel64 Family 6 Model 76 Stepping 4, GenuineIntel



---------------  S Y S T E M  ---------------

OS: Windows 10.0 , 64 bit Build 15063 (10.0.15063.296)

CPU:total 4 (4 cores per cpu, 1 threads per core) family 6 model 76 stepping 4, cmov, cx8, fxsr, mmx, sse, sse2, sse3, ssse3, sse4.1, sse4.2, popcnt, aes, clmul, erms, 3dnowpref, tsc, tscinvbit

Memory: 4k page, physical 2024624k(112180k free), swap 4629912k(0k free)

vm_info: Java HotSpot(TM) 64-Bit Server VM (25.101-b13) for windows-amd64 JRE (1.8.0_101-b13), built on Jun 22 2016 01:21:29 by "java_re" with MS VC++ 10.0 (VS2010)

time: Mon Aug 13 19:16:17 2018
elapsed time: 3 seconds (0d 0h 0m 3s)

