#
# There is insufficient memory for the Java Runtime Environment to continue.
# Native memory allocation (malloc) failed to allocate 377776 bytes for Chunk::new
# Possible reasons:
#   The system is out of physical RAM or swap space
#   In 32 bit mode, the process size limit was hit
# Possible solutions:
#   Reduce memory load on the system
#   Increase physical memory or swap space
#   Check if swap backing store is full
#   Use 64 bit Java on a 64 bit OS
#   Decrease Java heap size (-Xmx/-Xms)
#   Decrease number of Java threads
#   Decrease Java thread stack sizes (-Xss)
#   Set larger code cache with -XX:ReservedCodeCacheSize=
# This output file may be truncated or incomplete.
#
#  Out of Memory Error (allocation.cpp:390), pid=2612, tid=0x0000000000001668
#
# JRE version: Java(TM) SE Runtime Environment (8.0_101-b13) (build 1.8.0_101-b13)
# Java VM: Java HotSpot(TM) 64-Bit Server VM (25.101-b13 mixed mode windows-amd64 compressed oops)
# Failed to write core dump. Minidumps are not enabled by default on client versions of Windows
#

---------------  T H R E A D  ---------------

Current thread (0x00000000156b0800):  JavaThread "C2 CompilerThread1" daemon [_thread_in_native, id=5736, stack(0x0000000016e30000,0x0000000016f30000)]

Stack: [0x0000000016e30000,0x0000000016f30000]
[error occurred during error reporting (printing stack bounds), id 0xc0000005]

Native frames: (J=compiled Java code, j=interpreted, Vv=VM code, C=native code)


Current CompileTask:
C2:  17774 1344       4       com.android.dx.ssa.SCCP::simulateBranch (666 bytes)


---------------  P R O C E S S  ---------------

Java Threads: ( => current thread )
  0x00000000171b6000 JavaThread "pool-1-thread-4" [_thread_in_Java, id=596, stack(0x0000000017a30000,0x0000000017b30000)]
  0x00000000171af000 JavaThread "pool-1-thread-3" [_thread_in_Java, id=4672, stack(0x0000000017930000,0x0000000017a30000)]
  0x00000000171ae800 JavaThread "pool-1-thread-2" [_thread_in_vm, id=6736, stack(0x0000000017830000,0x0000000017930000)]
  0x00000000171a5800 JavaThread "pool-2-thread-1" [_thread_blocked, id=5108, stack(0x0000000017730000,0x0000000017830000)]
  0x00000000171a5000 JavaThread "pool-1-thread-1" [_thread_in_Java, id=2540, stack(0x0000000017630000,0x0000000017730000)]
  0x0000000017033000 JavaThread "Service Thread" daemon [_thread_blocked, id=6180, stack(0x0000000017430000,0x0000000017530000)]
  0x000000001570b000 JavaThread "C1 CompilerThread2" daemon [_thread_blocked, id=4252, stack(0x0000000016f30000,0x0000000017030000)]
=>0x00000000156b0800 JavaThread "C2 CompilerThread1" daemon [_thread_in_native, id=5736, stack(0x0000000016e30000,0x0000000016f30000)]
  0x00000000156ac800 JavaThread "C2 CompilerThread0" daemon [_thread_in_native, id=4796, stack(0x0000000016d30000,0x0000000016e30000)]
  0x00000000156ab000 JavaThread "Attach Listener" daemon [_thread_blocked, id=1944, stack(0x0000000016c30000,0x0000000016d30000)]
  0x00000000156a9800 JavaThread "Signal Dispatcher" daemon [_thread_blocked, id=6684, stack(0x0000000016b30000,0x0000000016c30000)]
  0x0000000002eea000 JavaThread "Finalizer" daemon [_thread_blocked, id=6600, stack(0x0000000016920000,0x0000000016a20000)]
  0x0000000002edf800 JavaThread "Reference Handler" daemon [_thread_blocked, id=2688, stack(0x0000000016820000,0x0000000016920000)]
  0x0000000002df0800 JavaThread "main" [_thread_blocked, id=7064, stack(0x0000000002c90000,0x0000000002d90000)]

Other Threads:
  0x0000000015677800 VMThread [stack: 0x0000000016720000,0x0000000016820000] [id=1964]
  0x000000001704b800 WatcherThread [stack: 0x0000000017530000,0x0000000017630000] [id=5964]

VM state:not at safepoint (normal execution)

VM Mutex/Monitor currently owned by a thread: None

Heap:
 PSYoungGen      total 18432K, used 14845K [0x00000000eab00000, 0x00000000ecf00000, 0x0000000100000000)
  eden space 17408K, 79% used [0x00000000eab00000,0x00000000eb887638,0x00000000ebc00000)
  from space 1024K, 96% used [0x00000000ebc00000,0x00000000ebcf8010,0x00000000ebd00000)
  to   space 1024K, 0% used [0x00000000ece00000,0x00000000ece00000,0x00000000ecf00000)
 ParOldGen       total 22016K, used 7004K [0x00000000c0000000, 0x00000000c1580000, 0x00000000eab00000)
  object space 22016K, 31% used [0x00000000c0000000,0x00000000c06d7260,0x00000000c1580000)
 Metaspace       used 6039K, capacity 6964K, committed 7040K, reserved 1056768K
  class space    used 602K, capacity 620K, committed 640K, reserved 1048576K

Card table byte_map: [0x00000000123a0000,0x00000000125b0000] byte_map_base: 0x0000000011da0000

Marking Bits: (ParMarkBitMap*) 0x000000006a63a6d0
 Begin Bits: [0x0000000012b10000, 0x0000000013b10000)
 End Bits:   [0x0000000013b10000, 0x0000000014b10000)

Polling page: 0x0000000000f50000

CodeCache: size=245760Kb used=5486Kb max_used=5501Kb free=240273Kb
 bounds [0x0000000002fe0000, 0x0000000003550000, 0x0000000011fe0000]
 total_blobs=1600 nmethods=1332 adapters=182
 compilation: enabled

Compilation events (10 events):
Event: 17.683 Thread 0x000000001570b000 1356       3       com.android.dx.cf.code.OneLocalsArray::<init> (22 bytes)
Event: 17.684 Thread 0x000000001570b000 nmethod 1356 0x0000000003538a90 code [0x0000000003538c00, 0x0000000003538f70]
Event: 17.684 Thread 0x000000001570b000 1357       3       com.android.dx.cf.code.LocalsArray::<init> (6 bytes)
Event: 17.684 Thread 0x000000001570b000 nmethod 1357 0x0000000003538610 code [0x0000000003538780, 0x0000000003538990]
Event: 17.685 Thread 0x000000001570b000 1358       3       java.util.TreeMap::rotateRight (96 bytes)
Event: 17.687 Thread 0x000000001570b000 nmethod 1358 0x000000000353c010 code [0x000000000353c180, 0x000000000353c4d0]
Event: 17.690 Thread 0x000000001570b000 1359       3       com.android.dx.rop.code.LocalVariableExtractor::doit (49 bytes)
Event: 17.691 Thread 0x00000000156ac800 nmethod 1321 0x0000000003542910 code [0x0000000003542b40, 0x0000000003544288]
Event: 17.691 Thread 0x00000000156ac800 1346 %     4       com.android.dx.ssa.SsaMethod::computeReachability @ 8 (131 bytes)
Event: 17.692 Thread 0x000000001570b000 nmethod 1359 0x0000000003537d90 code [0x0000000003537f20, 0x00000000035383d8]

GC Heap History (6 events):
Event: 3.718 GC heap before
{Heap before GC invocations=1 (full 0):
 PSYoungGen      total 9728K, used 8472K [0x00000000eab00000, 0x00000000eb580000, 0x0000000100000000)
  eden space 8704K, 97% used [0x00000000eab00000,0x00000000eb346210,0x00000000eb380000)
  from space 1024K, 0% used [0x00000000eb480000,0x00000000eb480000,0x00000000eb580000)
  to   space 1024K, 0% used [0x00000000eb380000,0x00000000eb380000,0x00000000eb480000)
 ParOldGen       total 22016K, used 0K [0x00000000c0000000, 0x00000000c1580000, 0x00000000eab00000)
  object space 22016K, 0% used [0x00000000c0000000,0x00000000c0000000,0x00000000c1580000)
 Metaspace       used 5267K, capacity 6320K, committed 6528K, reserved 1056768K
  class space    used 582K, capacity 616K, committed 640K, reserved 1048576K
Event: 3.957 GC heap after
Heap after GC invocations=1 (full 0):
 PSYoungGen      total 9728K, used 1024K [0x00000000eab00000, 0x00000000ebe00000, 0x0000000100000000)
  eden space 8704K, 0% used [0x00000000eab00000,0x00000000eab00000,0x00000000eb380000)
  from space 1024K, 100% used [0x00000000eb380000,0x00000000eb480000,0x00000000eb480000)
  to   space 1024K, 0% used [0x00000000ebd00000,0x00000000ebd00000,0x00000000ebe00000)
 ParOldGen       total 22016K, used 1793K [0x00000000c0000000, 0x00000000c1580000, 0x00000000eab00000)
  object space 22016K, 8% used [0x00000000c0000000,0x00000000c01c05c0,0x00000000c1580000)
 Metaspace       used 5267K, capacity 6320K, committed 6528K, reserved 1056768K
  class space    used 582K, capacity 616K, committed 640K, reserved 1048576K
}
Event: 7.527 GC heap before
{Heap before GC invocations=2 (full 0):
 PSYoungGen      total 9728K, used 9728K [0x00000000eab00000, 0x00000000ebe00000, 0x0000000100000000)
  eden space 8704K, 100% used [0x00000000eab00000,0x00000000eb380000,0x00000000eb380000)
  from space 1024K, 100% used [0x00000000eb380000,0x00000000eb480000,0x00000000eb480000)
  to   space 1024K, 0% used [0x00000000ebd00000,0x00000000ebd00000,0x00000000ebe00000)
 ParOldGen       total 22016K, used 1793K [0x00000000c0000000, 0x00000000c1580000, 0x00000000eab00000)
  object space 22016K, 8% used [0x00000000c0000000,0x00000000c01c05c0,0x00000000c1580000)
 Metaspace       used 5794K, capacity 6770K, committed 7040K, reserved 1056768K
  class space    used 597K, capacity 618K, committed 640K, reserved 1048576K
Event: 7.539 GC heap after
Heap after GC invocations=2 (full 0):
 PSYoungGen      total 18432K, used 992K [0x00000000eab00000, 0x00000000ebe00000, 0x0000000100000000)
  eden space 17408K, 0% used [0x00000000eab00000,0x00000000eab00000,0x00000000ebc00000)
  from space 1024K, 96% used [0x00000000ebd00000,0x00000000ebdf8018,0x00000000ebe00000)
  to   space 1024K, 0% used [0x00000000ebc00000,0x00000000ebc00000,0x00000000ebd00000)
 ParOldGen       total 22016K, used 3477K [0x00000000c0000000, 0x00000000c1580000, 0x00000000eab00000)
  object space 22016K, 15% used [0x00000000c0000000,0x00000000c0365488,0x00000000c1580000)
 Metaspace       used 5794K, capacity 6770K, committed 7040K, reserved 1056768K
  class space    used 597K, capacity 618K, committed 640K, reserved 1048576K
}
Event: 15.283 GC heap before
{Heap before GC invocations=3 (full 0):
 PSYoungGen      total 18432K, used 18400K [0x00000000eab00000, 0x00000000ebe00000, 0x0000000100000000)
  eden space 17408K, 100% used [0x00000000eab00000,0x00000000ebc00000,0x00000000ebc00000)
  from space 1024K, 96% used [0x00000000ebd00000,0x00000000ebdf8018,0x00000000ebe00000)
  to   space 1024K, 0% used [0x00000000ebc00000,0x00000000ebc00000,0x00000000ebd00000)
 ParOldGen       total 22016K, used 3477K [0x00000000c0000000, 0x00000000c1580000, 0x00000000eab00000)
  object space 22016K, 15% used [0x00000000c0000000,0x00000000c0365488,0x00000000c1580000)
 Metaspace       used 6015K, capacity 6964K, committed 7040K, reserved 1056768K
  class space    used 602K, capacity 620K, committed 640K, reserved 1048576K
Event: 15.306 GC heap after
Heap after GC invocations=3 (full 0):
 PSYoungGen      total 18432K, used 992K [0x00000000eab00000, 0x00000000ecf00000, 0x0000000100000000)
  eden space 17408K, 0% used [0x00000000eab00000,0x00000000eab00000,0x00000000ebc00000)
  from space 1024K, 96% used [0x00000000ebc00000,0x00000000ebcf8010,0x00000000ebd00000)
  to   space 1024K, 0% used [0x00000000ece00000,0x00000000ece00000,0x00000000ecf00000)
 ParOldGen       total 22016K, used 7004K [0x00000000c0000000, 0x00000000c1580000, 0x00000000eab00000)
  object space 22016K, 31% used [0x00000000c0000000,0x00000000c06d7260,0x00000000c1580000)
 Metaspace       used 6015K, capacity 6964K, committed 7040K, reserved 1056768K
  class space    used 602K, capacity 620K, committed 640K, reserved 1048576K
}

Deoptimization events (10 events):
Event: 6.985 Thread 0x0000000002df0800 Uncommon trap: reason=null_check action=make_not_entrant pc=0x00000000032fd060 method=com.android.dx.rop.type.Type.equals(Ljava/lang/Object;)Z @ 8
Event: 7.550 Thread 0x0000000002df0800 Uncommon trap: reason=unstable_if action=reinterpret pc=0x00000000032c8458 method=com.android.dx.rop.code.RegisterSpec.equals(ILcom/android/dx/rop/type/TypeBearer;Lcom/android/dx/rop/code/LocalItem;)Z @ 42
Event: 7.583 Thread 0x00000000171a5000 Uncommon trap: reason=unstable_if action=reinterpret pc=0x000000000330f95c method=com.android.dx.ssa.SsaRenamer$BlockRenamer.addMapping(ILcom/android/dx/rop/code/RegisterSpec;)V @ 120
Event: 9.227 Thread 0x00000000171a5000 Uncommon trap: reason=null_check action=make_not_entrant pc=0x00000000032b8b9c method=com.android.dx.ssa.SsaRenamer.getLocalForNewReg(I)Lcom/android/dx/rop/code/LocalItem; @ 19
Event: 10.074 Thread 0x00000000171b6000 Uncommon trap: reason=class_check action=maybe_recompile pc=0x00000000033e8694 method=com.android.dx.ssa.SCCP.setLatticeValueTo(IILcom/android/dx/rop/cst/Constant;)Z @ 43
Event: 10.076 Thread 0x00000000171b6000 Uncommon trap: reason=class_check action=maybe_recompile pc=0x00000000033e8694 method=com.android.dx.ssa.SCCP.setLatticeValueTo(IILcom/android/dx/rop/cst/Constant;)Z @ 43
Event: 12.670 Thread 0x00000000171b6000 Uncommon trap: reason=bimorphic action=maybe_recompile pc=0x0000000003252a1c method=java.util.HashMap.getNode(ILjava/lang/Object;)Ljava/util/HashMap$Node; @ 126
Event: 12.670 Thread 0x00000000171b6000 Uncommon trap: reason=class_check action=maybe_recompile pc=0x00000000033b2ac4 method=java.util.HashMap.putVal(ILjava/lang/Object;Ljava/lang/Object;ZZ)Ljava/lang/Object; @ 203
Event: 12.748 Thread 0x00000000171b6000 Uncommon trap: reason=class_check action=maybe_recompile pc=0x00000000033e8694 method=com.android.dx.ssa.SCCP.setLatticeValueTo(IILcom/android/dx/rop/cst/Constant;)Z @ 43
Event: 12.748 Thread 0x00000000171b6000 Uncommon trap: reason=class_check action=maybe_recompile pc=0x00000000033e8694 method=com.android.dx.ssa.SCCP.setLatticeValueTo(IILcom/android/dx/rop/cst/Constant;)Z @ 43

Internal exceptions (4 events):
Event: 0.237 Thread 0x0000000002df0800 Exception <a 'java/lang/NoSuchMethodError': Method sun.misc.Unsafe.defineClass(Ljava/lang/String;[BII)Ljava/lang/Class; name or signature does not match> (0x00000000eab07cc0) thrown at [C:\re\workspace\8-2-build-windows-amd64-cygwin\jdk8u101\7261\hotspot\sOµÏNÎ?
Event: 0.237 Thread 0x0000000002df0800 Exception <a 'java/lang/NoSuchMethodError': Method sun.misc.Unsafe.prefetchRead(Ljava/lang/Object;J)V name or signature does not match> (0x00000000eab07fa8) thrown at [C:\re\workspace\8-2-build-windows-amd64-cygwin\jdk8u101\7261\hotspot\src\share\vm\prims\/9ÁÖð@
Event: 6.985 Thread 0x0000000002df0800 Implicit null exception at 0x00000000032fcf62 to 0x00000000032fd052
Event: 9.227 Thread 0x00000000171a5000 Implicit null exception at 0x00000000032b7412 to 0x00000000032b8b51

Events (10 events):
Event: 12.748 Thread 0x00000000171b6000 DEOPT UNPACKING pc=0x000000000302582a sp=0x0000000017b2e4b8 mode 2
Event: 12.748 Thread 0x00000000171b6000 Uncommon trap: trap_request=0xffffffde fr.pc=0x00000000033e8694
Event: 12.748 Thread 0x00000000171b6000 DEOPT PACKING pc=0x00000000033e8694 sp=0x0000000017b2e610
Event: 12.749 Thread 0x00000000171b6000 DEOPT UNPACKING pc=0x000000000302582a sp=0x0000000017b2e568 mode 2
Event: 14.981 loading class com/android/dx/cf/code/SwitchList
Event: 14.981 loading class com/android/dx/cf/code/SwitchList done
Event: 15.274 Executing VM operation: ParallelGCFailedAllocation
Event: 15.306 Executing VM operation: ParallelGCFailedAllocation done
Event: 17.507 loading class com/android/dx/rop/code/RegisterSpec$1
Event: 17.507 loading class com/android/dx/rop/code/RegisterSpec$1 done


Dynamic libraries:
0x00007ff734e90000 - 0x00007ff734ec7000 	C:\Program Files\Java\jdk1.8.0_101\bin\java.exe
0x00007ff94be10000 - 0x00007ff94bfeb000 	C:\WINDOWS\SYSTEM32\ntdll.dll
0x00007ff94bb60000 - 0x00007ff94bc0e000 	C:\WINDOWS\System32\KERNEL32.DLL
0x00007ff948dd0000 - 0x00007ff949019000 	C:\WINDOWS\System32\KERNELBASE.dll
0x00007ff94b600000 - 0x00007ff94b6a1000 	C:\WINDOWS\System32\ADVAPI32.dll
0x00007ff9497b0000 - 0x00007ff94984d000 	C:\WINDOWS\System32\msvcrt.dll
0x00007ff94bc10000 - 0x00007ff94bc69000 	C:\WINDOWS\System32\sechost.dll
0x00007ff949850000 - 0x00007ff949975000 	C:\WINDOWS\System32\RPCRT4.dll
0x00007ff94ba10000 - 0x00007ff94bb5a000 	C:\WINDOWS\System32\USER32.dll
0x00007ff948660000 - 0x00007ff94867e000 	C:\WINDOWS\System32\win32u.dll
0x00007ff949370000 - 0x00007ff949397000 	C:\WINDOWS\System32\GDI32.dll
0x00007ff9491e0000 - 0x00007ff949368000 	C:\WINDOWS\System32\gdi32full.dll
0x00007ff9490d0000 - 0x00007ff94916a000 	C:\WINDOWS\System32\msvcp_win.dll
0x00007ff948330000 - 0x00007ff948426000 	C:\WINDOWS\System32\ucrtbase.dll
0x00007ff93cf20000 - 0x00007ff93d187000 	C:\WINDOWS\WinSxS\amd64_microsoft.windows.common-controls_6595b64144ccf1df_6.0.15063.483_none_26002d27e7c744a2\COMCTL32.dll
0x00007ff94b710000 - 0x00007ff94ba09000 	C:\WINDOWS\System32\combase.dll
0x00007ff949170000 - 0x00007ff9491da000 	C:\WINDOWS\System32\bcryptPrimitives.dll
0x00007ff949990000 - 0x00007ff9499bd000 	C:\WINDOWS\System32\IMM32.DLL
0x0000000065a40000 - 0x0000000065b12000 	C:\Program Files\Java\jdk1.8.0_101\jre\bin\msvcr100.dll
0x0000000069e20000 - 0x000000006a6ba000 	C:\Program Files\Java\jdk1.8.0_101\jre\bin\server\jvm.dll
0x00007ff94bcf0000 - 0x00007ff94bcf8000 	C:\WINDOWS\System32\PSAPI.DLL
0x00007ff945260000 - 0x00007ff945283000 	C:\WINDOWS\SYSTEM32\WINMM.dll
0x00007ff937fc0000 - 0x00007ff937fca000 	C:\WINDOWS\SYSTEM32\VERSION.dll
0x00007ff945200000 - 0x00007ff94522b000 	C:\WINDOWS\SYSTEM32\winmmbase.dll
0x00007ff948d80000 - 0x00007ff948dc9000 	C:\WINDOWS\System32\cfgmgr32.dll
0x00007ff944530000 - 0x00007ff944539000 	C:\WINDOWS\SYSTEM32\WSOCK32.dll
0x00007ff94bc70000 - 0x00007ff94bcdc000 	C:\WINDOWS\System32\WS2_32.dll
0x0000000069e10000 - 0x0000000069e1f000 	C:\Program Files\Java\jdk1.8.0_101\jre\bin\verify.dll
0x0000000069de0000 - 0x0000000069e09000 	C:\Program Files\Java\jdk1.8.0_101\jre\bin\java.dll
0x0000000069dc0000 - 0x0000000069dd6000 	C:\Program Files\Java\jdk1.8.0_101\jre\bin\zip.dll
0x00007ff949e60000 - 0x00007ff94b296000 	C:\WINDOWS\System32\SHELL32.dll
0x00007ff949560000 - 0x00007ff94960a000 	C:\WINDOWS\System32\shcore.dll
0x00007ff948680000 - 0x00007ff948d73000 	C:\WINDOWS\System32\windows.storage.dll
0x00007ff949e00000 - 0x00007ff949e51000 	C:\WINDOWS\System32\shlwapi.dll
0x00007ff9482c0000 - 0x00007ff9482d1000 	C:\WINDOWS\System32\kernel.appcore.dll
0x00007ff9482e0000 - 0x00007ff94832c000 	C:\WINDOWS\System32\powrprof.dll
0x00007ff9482a0000 - 0x00007ff9482b5000 	C:\WINDOWS\System32\profapi.dll

VM Arguments:
jvm_args: -Djava.awt.headless=true -Xmx1024M -Dfile.encoding=windows-1252 -Duser.country=CM -Duser.language=fr -Duser.variant 
java_command: com.android.dx.command.Main --dex --force-jumbo --num-threads=4 --output C:\Users\Le prince\Documents\Login\app\build\intermediates\pre-dexed\debug\instant-run_3b10cfc29bd28f860eaaccef264484a135886dcb.jar C:\Users\Le prince\Documents\Login\app\build\intermediates\incremental-runtime-classes\debug\instant-run.jar
java_class_path (initial): E:\sdk\build-tools\25.0.2\lib\dx.jar
Launcher Type: SUN_STANDARD

Environment Variables:
PATH=C:\ProgramData\Oracle\Java\javapath;C:\WINDOWS\system32;C:\WINDOWS;C:\WINDOWS\System32\Wbem;C:\WINDOWS\System32\WindowsPowerShell\v1.0\;C:\Program Files\Java\jdk1.6.0_45\bin;C:\Program Files\Microsoft SQL Server\110\Tools\Binn\;C:\Program Files\Java\jdk1.7.0_40\bin;C:\Program Files (x86)\Statgraphics\STATGRAPHICS Centurion XVI.I\;"C:\Users\Le prince\AppData\Local\Microsoft\WindowsApps;C:\Program Files\Java\jdk1.7.0_40\bin";
USERNAME=Le prince
OS=Windows_NT
PROCESSOR_IDENTIFIER=Intel64 Family 6 Model 76 Stepping 4, GenuineIntel



---------------  S Y S T E M  ---------------

OS: Windows 10.0 , 64 bit Build 15063 (10.0.15063.296)

CPU:total 4 (4 cores per cpu, 1 threads per core) family 6 model 76 stepping 4, cmov, cx8, fxsr, mmx, sse, sse2, sse3, ssse3, sse4.1, sse4.2, popcnt, aes, clmul, erms, 3dnowpref, tsc, tscinvbit

Memory: 4k page, physical 2024624k(189840k free), swap 4629912k(3636k free)

vm_info: Java HotSpot(TM) 64-Bit Server VM (25.101-b13) for windows-amd64 JRE (1.8.0_101-b13), built on Jun 22 2016 01:21:29 by "java_re" with MS VC++ 10.0 (VS2010)

time: Mon Aug 13 19:10:06 2018
elapsed time: 17 seconds (0d 0h 0m 17s)

