#
# There is insufficient memory for the Java Runtime Environment to continue.
# Native memory allocation (malloc) failed to allocate 35408 bytes for Chunk::new
# Possible reasons:
#   The system is out of physical RAM or swap space
#   In 32 bit mode, the process size limit was hit
# Possible solutions:
#   Reduce memory load on the system
#   Increase physical memory or swap space
#   Check if swap backing store is full
#   Use 64 bit Java on a 64 bit OS
#   Decrease Java heap size (-Xmx/-Xms)
#   Decrease number of Java threads
#   Decrease Java thread stack sizes (-Xss)
#   Set larger code cache with -XX:ReservedCodeCacheSize=
# This output file may be truncated or incomplete.
#
#  Out of Memory Error (allocation.cpp:390), pid=5388, tid=0x00000000000006d8
#
# JRE version: Java(TM) SE Runtime Environment (8.0_101-b13) (build 1.8.0_101-b13)
# Java VM: Java HotSpot(TM) 64-Bit Server VM (25.101-b13 mixed mode windows-amd64 compressed oops)
# Failed to write core dump. Minidumps are not enabled by default on client versions of Windows
#

---------------  T H R E A D  ---------------

Current thread (0x0000000015770000):  JavaThread "C2 CompilerThread1" daemon [_thread_in_native, id=1752, stack(0x0000000016ed0000,0x0000000016fd0000)]

Stack: [0x0000000016ed0000,0x0000000016fd0000]
[error occurred during error reporting (printing stack bounds), id 0xc0000005]

Native frames: (J=compiled Java code, j=interpreted, Vv=VM code, C=native code)


Current CompileTask:
C2:  19724  659  s    4       sun.misc.URLClassPath::getNextLoader (88 bytes)


---------------  P R O C E S S  ---------------

Java Threads: ( => current thread )
  0x00000000170d5800 JavaThread "Service Thread" daemon [_thread_blocked, id=6980, stack(0x00000000174d0000,0x00000000175d0000)]
  0x00000000157ce000 JavaThread "C1 CompilerThread2" daemon [_thread_blocked, id=4080, stack(0x0000000016fd0000,0x00000000170d0000)]
=>0x0000000015770000 JavaThread "C2 CompilerThread1" daemon [_thread_in_native, id=1752, stack(0x0000000016ed0000,0x0000000016fd0000)]
  0x000000001576c800 JavaThread "C2 CompilerThread0" daemon [_thread_in_native, id=7088, stack(0x0000000016dd0000,0x0000000016ed0000)]
  0x000000001576b000 JavaThread "Attach Listener" daemon [_thread_blocked, id=1500, stack(0x0000000016cd0000,0x0000000016dd0000)]
  0x000000001576a000 JavaThread "Signal Dispatcher" daemon [_thread_blocked, id=948, stack(0x0000000016bd0000,0x0000000016cd0000)]
  0x000000001575a800 JavaThread "Finalizer" daemon [_thread_blocked, id=200, stack(0x00000000169c0000,0x0000000016ac0000)]
  0x000000000308f000 JavaThread "Reference Handler" daemon [_thread_blocked, id=1852, stack(0x00000000168c0000,0x00000000169c0000)]
  0x0000000002fa0800 JavaThread "main" [_thread_in_native, id=4548, stack(0x0000000002ea0000,0x0000000002fa0000)]

Other Threads:
  0x0000000015737800 VMThread [stack: 0x00000000167c0000,0x00000000168c0000] [id=2116]
  0x00000000170e3800 WatcherThread [stack: 0x00000000175d0000,0x00000000176d0000] [id=5040]

VM state:not at safepoint (normal execution)

VM Mutex/Monitor currently owned by a thread: None

Heap:
 PSYoungGen      total 9728K, used 3221K [0x00000000eab00000, 0x00000000ebe00000, 0x0000000100000000)
  eden space 8704K, 25% used [0x00000000eab00000,0x00000000ead294f0,0x00000000eb380000)
  from space 1024K, 98% used [0x00000000eb380000,0x00000000eb47c010,0x00000000eb480000)
  to   space 1024K, 0% used [0x00000000ebd00000,0x00000000ebd00000,0x00000000ebe00000)
 ParOldGen       total 22016K, used 1604K [0x00000000c0000000, 0x00000000c1580000, 0x00000000eab00000)
  object space 22016K, 7% used [0x00000000c0000000,0x00000000c0191280,0x00000000c1580000)
 Metaspace       used 6096K, capacity 6776K, committed 6912K, reserved 1056768K
  class space    used 660K, capacity 688K, committed 768K, reserved 1048576K

Card table byte_map: [0x0000000012460000,0x0000000012670000] byte_map_base: 0x0000000011e60000

Marking Bits: (ParMarkBitMap*) 0x000000006a63a6d0
 Begin Bits: [0x0000000012bd0000, 0x0000000013bd0000)
 End Bits:   [0x0000000013bd0000, 0x0000000014bd0000)

Polling page: 0x0000000000df0000

CodeCache: size=245760Kb used=2571Kb max_used=2571Kb free=243188Kb
 bounds [0x00000000030a0000, 0x0000000003330000, 0x00000000120a0000]
 total_blobs=934 nmethods=658 adapters=190
 compilation: enabled

Compilation events (10 events):
Event: 19.703 Thread 0x00000000157ce000 nmethod 658 0x0000000003320990 code [0x0000000003320c20, 0x0000000003321b78]
Event: 19.703 Thread 0x00000000157ce000  654       3       sun.misc.URLClassPath$JarLoader$2::getManifest (11 bytes)
Event: 19.705 Thread 0x00000000157ce000 nmethod 654 0x0000000003322510 code [0x0000000003322680, 0x00000000033228a8]
Event: 19.705 Thread 0x00000000157ce000  655       3       sun.misc.URLClassPath$JarLoader$2::getContentLength (9 bytes)
Event: 19.705 Thread 0x00000000157ce000 nmethod 655 0x00000000033229d0 code [0x0000000003322b40, 0x0000000003322d70]
Event: 19.705 Thread 0x00000000157ce000  656       3       sun.misc.URLClassPath$JarLoader$2::getCodeSigners (8 bytes)
Event: 19.707 Thread 0x00000000157ce000 nmethod 656 0x0000000003322e50 code [0x0000000003322fc0, 0x00000000033231e8]
Event: 19.707 Thread 0x00000000157ce000  657   !   3       java.util.jar.JarFile$JarFileEntry::getCodeSigners (78 bytes)
Event: 19.709 Thread 0x00000000157ce000 nmethod 657 0x0000000003323290 code [0x0000000003323460, 0x0000000003323a58]
Event: 19.709 Thread 0x000000001576c800  660  s!   4       sun.misc.URLClassPath::getLoader (197 bytes)

GC Heap History (2 events):
Event: 9.448 GC heap before
{Heap before GC invocations=1 (full 0):
 PSYoungGen      total 9728K, used 8551K [0x00000000eab00000, 0x00000000eb580000, 0x0000000100000000)
  eden space 8704K, 98% used [0x00000000eab00000,0x00000000eb359ef8,0x00000000eb380000)
  from space 1024K, 0% used [0x00000000eb480000,0x00000000eb480000,0x00000000eb580000)
  to   space 1024K, 0% used [0x00000000eb380000,0x00000000eb380000,0x00000000eb480000)
 ParOldGen       total 22016K, used 0K [0x00000000c0000000, 0x00000000c1580000, 0x00000000eab00000)
  object space 22016K, 0% used [0x00000000c0000000,0x00000000c0000000,0x00000000c1580000)
 Metaspace       used 5302K, capacity 6320K, committed 6528K, reserved 1056768K
  class space    used 586K, capacity 616K, committed 640K, reserved 1048576K
Event: 10.153 GC heap after
Heap after GC invocations=1 (full 0):
 PSYoungGen      total 9728K, used 1008K [0x00000000eab00000, 0x00000000ebe00000, 0x0000000100000000)
  eden space 8704K, 0% used [0x00000000eab00000,0x00000000eab00000,0x00000000eb380000)
  from space 1024K, 98% used [0x00000000eb380000,0x00000000eb47c010,0x00000000eb480000)
  to   space 1024K, 0% used [0x00000000ebd00000,0x00000000ebd00000,0x00000000ebe00000)
 ParOldGen       total 22016K, used 1604K [0x00000000c0000000, 0x00000000c1580000, 0x00000000eab00000)
  object space 22016K, 7% used [0x00000000c0000000,0x00000000c0191280,0x00000000c1580000)
 Metaspace       used 5302K, capacity 6320K, committed 6528K, reserved 1056768K
  class space    used 586K, capacity 616K, committed 640K, reserved 1048576K
}

Deoptimization events (0 events):
No events

Internal exceptions (2 events):
Event: 0.145 Thread 0x0000000002fa0800 Exception <a 'java/lang/NoSuchMethodError': Method sun.misc.Unsafe.defineClass(Ljava/lang/String;[BII)Ljava/lang/Class; name or signature does not match> (0x00000000eab07cc0) thrown at [C:\re\workspace\8-2-build-windows-amd64-cygwin\jdk8u101\7261\hotspot\svÛÏÄ]”Â?
Event: 0.145 Thread 0x0000000002fa0800 Exception <a 'java/lang/NoSuchMethodError': Method sun.misc.Unsafe.prefetchRead(Ljava/lang/Object;J)V name or signature does not match> (0x00000000eab07fa8) thrown at [C:\re\workspace\8-2-build-windows-amd64-cygwin\jdk8u101\7261\hotspot\src\share\vm\prims\

Events (10 events):
Event: 19.645 loading class com/android/dx/merge/IndexMap
Event: 19.645 loading class com/android/dx/merge/IndexMap done
Event: 19.651 loading class com/android/dx/merge/InstructionTransformer
Event: 19.651 loading class com/android/dx/merge/InstructionTransformer done
Event: 19.653 loading class com/android/dx/io/CodeReader$Visitor
Event: 19.653 loading class com/android/dx/io/CodeReader$Visitor done
Event: 19.677 loading class com/android/dx/io/instructions/CodeOutput
Event: 19.677 loading class com/android/dx/io/instructions/CodeOutput done
Event: 19.698 loading class com/android/dx/io/instructions/CodeCursor
Event: 19.698 loading class com/android/dx/io/instructions/CodeCursor done


Dynamic libraries:
0x00007ff734e90000 - 0x00007ff734ec7000 	C:\Program Files\Java\jdk1.8.0_101\bin\java.exe
0x00007ff94be10000 - 0x00007ff94bfeb000 	C:\WINDOWS\SYSTEM32\ntdll.dll
0x00007ff94bb60000 - 0x00007ff94bc0e000 	C:\WINDOWS\System32\KERNEL32.DLL
0x00007ff948dd0000 - 0x00007ff949019000 	C:\WINDOWS\System32\KERNELBASE.dll
0x00007ff94b600000 - 0x00007ff94b6a1000 	C:\WINDOWS\System32\ADVAPI32.dll
0x00007ff9497b0000 - 0x00007ff94984d000 	C:\WINDOWS\System32\msvcrt.dll
0x00007ff94bc10000 - 0x00007ff94bc69000 	C:\WINDOWS\System32\sechost.dll
0x00007ff949850000 - 0x00007ff949975000 	C:\WINDOWS\System32\RPCRT4.dll
0x00007ff94ba10000 - 0x00007ff94bb5a000 	C:\WINDOWS\System32\USER32.dll
0x00007ff948660000 - 0x00007ff94867e000 	C:\WINDOWS\System32\win32u.dll
0x00007ff949370000 - 0x00007ff949397000 	C:\WINDOWS\System32\GDI32.dll
0x00007ff9491e0000 - 0x00007ff949368000 	C:\WINDOWS\System32\gdi32full.dll
0x00007ff9490d0000 - 0x00007ff94916a000 	C:\WINDOWS\System32\msvcp_win.dll
0x00007ff948330000 - 0x00007ff948426000 	C:\WINDOWS\System32\ucrtbase.dll
0x00007ff93cf20000 - 0x00007ff93d187000 	C:\WINDOWS\WinSxS\amd64_microsoft.windows.common-controls_6595b64144ccf1df_6.0.15063.483_none_26002d27e7c744a2\COMCTL32.dll
0x00007ff94b710000 - 0x00007ff94ba09000 	C:\WINDOWS\System32\combase.dll
0x00007ff949170000 - 0x00007ff9491da000 	C:\WINDOWS\System32\bcryptPrimitives.dll
0x00007ff949990000 - 0x00007ff9499bd000 	C:\WINDOWS\System32\IMM32.DLL
0x0000000065a40000 - 0x0000000065b12000 	C:\Program Files\Java\jdk1.8.0_101\jre\bin\msvcr100.dll
0x0000000069e20000 - 0x000000006a6ba000 	C:\Program Files\Java\jdk1.8.0_101\jre\bin\server\jvm.dll
0x00007ff94bcf0000 - 0x00007ff94bcf8000 	C:\WINDOWS\System32\PSAPI.DLL
0x00007ff945260000 - 0x00007ff945283000 	C:\WINDOWS\SYSTEM32\WINMM.dll
0x00007ff937fc0000 - 0x00007ff937fca000 	C:\WINDOWS\SYSTEM32\VERSION.dll
0x00007ff945200000 - 0x00007ff94522b000 	C:\WINDOWS\SYSTEM32\winmmbase.dll
0x00007ff948d80000 - 0x00007ff948dc9000 	C:\WINDOWS\System32\cfgmgr32.dll
0x00007ff944530000 - 0x00007ff944539000 	C:\WINDOWS\SYSTEM32\WSOCK32.dll
0x00007ff94bc70000 - 0x00007ff94bcdc000 	C:\WINDOWS\System32\ws2_32.DLL
0x0000000069e10000 - 0x0000000069e1f000 	C:\Program Files\Java\jdk1.8.0_101\jre\bin\verify.dll
0x0000000069de0000 - 0x0000000069e09000 	C:\Program Files\Java\jdk1.8.0_101\jre\bin\java.dll
0x0000000069dc0000 - 0x0000000069dd6000 	C:\Program Files\Java\jdk1.8.0_101\jre\bin\zip.dll
0x00007ff949e60000 - 0x00007ff94b296000 	C:\WINDOWS\System32\SHELL32.dll
0x00007ff949560000 - 0x00007ff94960a000 	C:\WINDOWS\System32\shcore.dll
0x00007ff948680000 - 0x00007ff948d73000 	C:\WINDOWS\System32\windows.storage.dll
0x00007ff949e00000 - 0x00007ff949e51000 	C:\WINDOWS\System32\shlwapi.dll
0x00007ff9482c0000 - 0x00007ff9482d1000 	C:\WINDOWS\System32\kernel.appcore.dll
0x00007ff9482e0000 - 0x00007ff94832c000 	C:\WINDOWS\System32\powrprof.dll
0x00007ff9482a0000 - 0x00007ff9482b5000 	C:\WINDOWS\System32\profapi.dll

VM Arguments:
jvm_args: -Djava.awt.headless=true -Xmx1024M -Dfile.encoding=windows-1252 -Duser.country=CM -Duser.language=fr -Duser.variant 
java_command: com.android.dx.command.Main --dex --num-threads=4 --output C:\Users\Le prince\Documents\Login\app\build\intermediates\pre-dexed\debug\support-annotations-25.3.1_10ad9c38becafe5b8de337aa424fc6c6b8f0ee01.jar E:\sdk\extras\android\m2repository\com\android\support\support-annotations\25.3.1\support-annotations-25.3.1.jar
java_class_path (initial): E:\sdk\build-tools\25.0.2\lib\dx.jar
Launcher Type: SUN_STANDARD

Environment Variables:
PATH=C:\ProgramData\Oracle\Java\javapath;C:\WINDOWS\system32;C:\WINDOWS;C:\WINDOWS\System32\Wbem;C:\WINDOWS\System32\WindowsPowerShell\v1.0\;C:\Program Files\Java\jdk1.6.0_45\bin;C:\Program Files\Microsoft SQL Server\110\Tools\Binn\;C:\Program Files\Java\jdk1.7.0_40\bin;C:\Program Files (x86)\Statgraphics\STATGRAPHICS Centurion XVI.I\;"C:\Users\Le prince\AppData\Local\Microsoft\WindowsApps;C:\Program Files\Java\jdk1.7.0_40\bin";
USERNAME=Le prince
OS=Windows_NT
PROCESSOR_IDENTIFIER=Intel64 Family 6 Model 76 Stepping 4, GenuineIntel



---------------  S Y S T E M  ---------------

OS: Windows 10.0 , 64 bit Build 15063 (10.0.15063.296)

CPU:total 4 (4 cores per cpu, 1 threads per core) family 6 model 76 stepping 4, cmov, cx8, fxsr, mmx, sse, sse2, sse3, ssse3, sse4.1, sse4.2, popcnt, aes, clmul, erms, 3dnowpref, tsc, tscinvbit

Memory: 4k page, physical 2024624k(216196k free), swap 4629912k(5572k free)

vm_info: Java HotSpot(TM) 64-Bit Server VM (25.101-b13) for windows-amd64 JRE (1.8.0_101-b13), built on Jun 22 2016 01:21:29 by "java_re" with MS VC++ 10.0 (VS2010)

time: Mon Aug 13 19:12:58 2018
elapsed time: 19 seconds (0d 0h 0m 19s)

