#
# There is insufficient memory for the Java Runtime Environment to continue.
# Native memory allocation (malloc) failed to allocate 919056 bytes for Chunk::new
# Possible reasons:
#   The system is out of physical RAM or swap space
#   In 32 bit mode, the process size limit was hit
# Possible solutions:
#   Reduce memory load on the system
#   Increase physical memory or swap space
#   Check if swap backing store is full
#   Use 64 bit Java on a 64 bit OS
#   Decrease Java heap size (-Xmx/-Xms)
#   Decrease number of Java threads
#   Decrease Java thread stack sizes (-Xss)
#   Set larger code cache with -XX:ReservedCodeCacheSize=
# This output file may be truncated or incomplete.
#
#  Out of Memory Error (allocation.cpp:390), pid=1412, tid=0x0000000000000494
#
# JRE version: Java(TM) SE Runtime Environment (8.0_101-b13) (build 1.8.0_101-b13)
# Java VM: Java HotSpot(TM) 64-Bit Server VM (25.101-b13 mixed mode windows-amd64 compressed oops)
# Failed to write core dump. Minidumps are not enabled by default on client versions of Windows
#

---------------  T H R E A D  ---------------

Current thread (0x0000000015909800):  JavaThread "C2 CompilerThread1" daemon [_thread_in_native, id=1172, stack(0x0000000017010000,0x0000000017110000)]

Stack: [0x0000000017010000,0x0000000017110000]
[error occurred during error reporting (printing stack bounds), id 0xc0000005]

Native frames: (J=compiled Java code, j=interpreted, Vv=VM code, C=native code)


Current CompileTask:
C2:  20899 1920       4       com.android.dx.rop.code.LocalVariableExtractor::processBlock (327 bytes)


---------------  P R O C E S S  ---------------

Java Threads: ( => current thread )
  0x0000000017585000 JavaThread "pool-1-thread-4" [_thread_in_vm, id=6768, stack(0x0000000017c10000,0x0000000017d10000)]
  0x0000000017580000 JavaThread "pool-1-thread-3" [_thread_in_vm, id=1376, stack(0x0000000017b10000,0x0000000017c10000)]
  0x000000001757e000 JavaThread "pool-1-thread-2" [_thread_in_Java, id=6184, stack(0x0000000017a10000,0x0000000017b10000)]
  0x00000000174c2000 JavaThread "pool-2-thread-1" [_thread_blocked, id=5284, stack(0x0000000017910000,0x0000000017a10000)]
  0x00000000174c1000 JavaThread "pool-1-thread-1" [_thread_in_vm, id=6836, stack(0x0000000017810000,0x0000000017910000)]
  0x0000000017215800 JavaThread "Service Thread" daemon [_thread_blocked, id=3468, stack(0x0000000017610000,0x0000000017710000)]
  0x000000001590e000 JavaThread "C1 CompilerThread2" daemon [_thread_blocked, id=2896, stack(0x0000000017110000,0x0000000017210000)]
=>0x0000000015909800 JavaThread "C2 CompilerThread1" daemon [_thread_in_native, id=1172, stack(0x0000000017010000,0x0000000017110000)]
  0x00000000158ac800 JavaThread "C2 CompilerThread0" daemon [_thread_in_native, id=5608, stack(0x0000000016f10000,0x0000000017010000)]
  0x00000000158ab000 JavaThread "Attach Listener" daemon [_thread_blocked, id=3740, stack(0x0000000016e10000,0x0000000016f10000)]
  0x00000000158aa000 JavaThread "Signal Dispatcher" daemon [_thread_blocked, id=4252, stack(0x0000000016d10000,0x0000000016e10000)]
  0x000000001589a800 JavaThread "Finalizer" daemon [_thread_blocked, id=6560, stack(0x0000000016b00000,0x0000000016c00000)]
  0x0000000015879000 JavaThread "Reference Handler" daemon [_thread_blocked, id=624, stack(0x0000000016a00000,0x0000000016b00000)]
  0x00000000030e0800 JavaThread "main" [_thread_in_vm, id=4524, stack(0x0000000002ee0000,0x0000000002fe0000)]

Other Threads:
  0x0000000015876800 VMThread [stack: 0x0000000016900000,0x0000000016a00000] [id=6792]
  0x0000000017222800 WatcherThread [stack: 0x0000000017710000,0x0000000017810000] [id=3928]

VM state:synchronizing (normal execution)

VM Mutex/Monitor currently owned by a thread:  ([mutex/lock_event])
[0x0000000002edc490] Safepoint_lock - owner thread: 0x0000000015876800
[0x0000000002edc910] Threads_lock - owner thread: 0x0000000015876800

Heap:
 PSYoungGen      total 77312K, used 16689K [0x00000000eab00000, 0x00000000f0000000, 0x0000000100000000)
  eden space 68608K, 15% used [0x00000000eab00000,0x00000000eb555918,0x00000000eee00000)
  from space 8704K, 70% used [0x00000000eee00000,0x00000000ef3f6bf0,0x00000000ef680000)
  to   space 7680K, 0% used [0x00000000ef680000,0x00000000ef680000,0x00000000efe00000)
 ParOldGen       total 45568K, used 21666K [0x00000000c0000000, 0x00000000c2c80000, 0x00000000eab00000)
  object space 45568K, 47% used [0x00000000c0000000,0x00000000c1528918,0x00000000c2c80000)
 Metaspace       used 6274K, capacity 7216K, committed 7296K, reserved 1056768K
  class space    used 592K, capacity 616K, committed 640K, reserved 1048576K

Card table byte_map: [0x00000000125a0000,0x00000000127b0000] byte_map_base: 0x0000000011fa0000

Marking Bits: (ParMarkBitMap*) 0x000000006a63a6d0
 Begin Bits: [0x0000000012d10000, 0x0000000013d10000)
 End Bits:   [0x0000000013d10000, 0x0000000014d10000)

Polling page: 0x00000000013d0000

CodeCache: size=245760Kb used=8010Kb max_used=8018Kb free=237749Kb
 bounds [0x00000000031e0000, 0x00000000039c0000, 0x00000000121e0000]
 total_blobs=2171 nmethods=1908 adapters=176
 compilation: enabled

Compilation events (10 events):
Event: 20.241 Thread 0x00000000158ac800 nmethod 1917 0x0000000003991ad0 code [0x0000000003991cc0, 0x0000000003992778]
Event: 20.242 Thread 0x00000000158ac800 1936       4       com.android.dx.rop.code.RegisterSpecSet::localItemToSpec (49 bytes)
Event: 20.254 Thread 0x00000000158ac800 nmethod 1936 0x0000000003996410 code [0x0000000003996560, 0x0000000003996918]
Event: 20.254 Thread 0x00000000158ac800 1924       4       java.util.ArrayList::remove (77 bytes)
Event: 20.272 Thread 0x00000000158ac800 nmethod 1924 0x0000000003994850 code [0x00000000039949a0, 0x0000000003994d38]
Event: 20.272 Thread 0x00000000158ac800 1921       4       com.android.dx.rop.code.RegisterSpecSet::size (49 bytes)
Event: 20.280 Thread 0x00000000158ac800 nmethod 1921 0x0000000003984690 code [0x00000000039847c0, 0x00000000039848f8]
Event: 20.280 Thread 0x00000000158ac800 1913       4       com.android.dx.cf.code.RopperMachine::jopToRopOpcode (1103 bytes)
Event: 20.346 Thread 0x00000000158ac800 nmethod 1913 0x000000000398e990 code [0x000000000398f300, 0x000000000398fbd8]
Event: 20.346 Thread 0x00000000158ac800 1918   !   4       com.android.dx.cf.code.RopperMachine::run (1550 bytes)

GC Heap History (10 events):
Event: 12.189 GC heap before
{Heap before GC invocations=4 (full 0):
 PSYoungGen      total 18432K, used 18400K [0x00000000eab00000, 0x00000000ecf00000, 0x0000000100000000)
  eden space 17408K, 100% used [0x00000000eab00000,0x00000000ebc00000,0x00000000ebc00000)
  from space 1024K, 96% used [0x00000000ebc00000,0x00000000ebcf8018,0x00000000ebd00000)
  to   space 1024K, 0% used [0x00000000ece00000,0x00000000ece00000,0x00000000ecf00000)
 ParOldGen       total 22016K, used 4270K [0x00000000c0000000, 0x00000000c1580000, 0x00000000eab00000)
  object space 22016K, 19% used [0x00000000c0000000,0x00000000c042bbd8,0x00000000c1580000)
 Metaspace       used 6031K, capacity 7024K, committed 7296K, reserved 1056768K
  class space    used 592K, capacity 616K, committed 640K, reserved 1048576K
Event: 12.224 GC heap after
Heap after GC invocations=4 (full 0):
 PSYoungGen      total 35840K, used 992K [0x00000000eab00000, 0x00000000ecf00000, 0x0000000100000000)
  eden space 34816K, 0% used [0x00000000eab00000,0x00000000eab00000,0x00000000ecd00000)
  from space 1024K, 96% used [0x00000000ece00000,0x00000000ecef8018,0x00000000ecf00000)
  to   space 1024K, 0% used [0x00000000ecd00000,0x00000000ecd00000,0x00000000ece00000)
 ParOldGen       total 22016K, used 7190K [0x00000000c0000000, 0x00000000c1580000, 0x00000000eab00000)
  object space 22016K, 32% used [0x00000000c0000000,0x00000000c0705ba8,0x00000000c1580000)
 Metaspace       used 6031K, capacity 7024K, committed 7296K, reserved 1056768K
  class space    used 592K, capacity 616K, committed 640K, reserved 1048576K
}
Event: 13.584 GC heap before
{Heap before GC invocations=5 (full 0):
 PSYoungGen      total 35840K, used 35808K [0x00000000eab00000, 0x00000000ecf00000, 0x0000000100000000)
  eden space 34816K, 100% used [0x00000000eab00000,0x00000000ecd00000,0x00000000ecd00000)
  from space 1024K, 96% used [0x00000000ece00000,0x00000000ecef8018,0x00000000ecf00000)
  to   space 1024K, 0% used [0x00000000ecd00000,0x00000000ecd00000,0x00000000ece00000)
 ParOldGen       total 22016K, used 7190K [0x00000000c0000000, 0x00000000c1580000, 0x00000000eab00000)
  object space 22016K, 32% used [0x00000000c0000000,0x00000000c0705ba8,0x00000000c1580000)
 Metaspace       used 6157K, capacity 7152K, committed 7296K, reserved 1056768K
  class space    used 592K, capacity 616K, committed 640K, reserved 1048576K
Event: 13.625 GC heap after
Heap after GC invocations=5 (full 0):
 PSYoungGen      total 35840K, used 992K [0x00000000eab00000, 0x00000000efe00000, 0x0000000100000000)
  eden space 34816K, 0% used [0x00000000eab00000,0x00000000eab00000,0x00000000ecd00000)
  from space 1024K, 96% used [0x00000000ecd00000,0x00000000ecdf8018,0x00000000ece00000)
  to   space 7680K, 0% used [0x00000000ef680000,0x00000000ef680000,0x00000000efe00000)
 ParOldGen       total 22016K, used 12454K [0x00000000c0000000, 0x00000000c1580000, 0x00000000eab00000)
  object space 22016K, 56% used [0x00000000c0000000,0x00000000c0c29b30,0x00000000c1580000)
 Metaspace       used 6157K, capacity 7152K, committed 7296K, reserved 1056768K
  class space    used 592K, capacity 616K, committed 640K, reserved 1048576K
}
Event: 14.732 GC heap before
{Heap before GC invocations=6 (full 0):
 PSYoungGen      total 35840K, used 35808K [0x00000000eab00000, 0x00000000efe00000, 0x0000000100000000)
  eden space 34816K, 100% used [0x00000000eab00000,0x00000000ecd00000,0x00000000ecd00000)
  from space 1024K, 96% used [0x00000000ecd00000,0x00000000ecdf8018,0x00000000ece00000)
  to   space 7680K, 0% used [0x00000000ef680000,0x00000000ef680000,0x00000000efe00000)
 ParOldGen       total 22016K, used 12454K [0x00000000c0000000, 0x00000000c1580000, 0x00000000eab00000)
  object space 22016K, 56% used [0x00000000c0000000,0x00000000c0c29b30,0x00000000c1580000)
 Metaspace       used 6229K, capacity 7152K, committed 7296K, reserved 1056768K
  class space    used 592K, capacity 616K, committed 640K, reserved 1048576K
Event: 14.816 GC heap after
Heap after GC invocations=6 (full 0):
 PSYoungGen      total 76288K, used 6848K [0x00000000eab00000, 0x00000000f0000000, 0x0000000100000000)
  eden space 68608K, 0% used [0x00000000eab00000,0x00000000eab00000,0x00000000eee00000)
  from space 7680K, 89% used [0x00000000ef680000,0x00000000efd30028,0x00000000efe00000)
  to   space 8704K, 0% used [0x00000000eee00000,0x00000000eee00000,0x00000000ef680000)
 ParOldGen       total 22016K, used 12454K [0x00000000c0000000, 0x00000000c1580000, 0x00000000eab00000)
  object space 22016K, 56% used [0x00000000c0000000,0x00000000c0c29b30,0x00000000c1580000)
 Metaspace       used 6229K, capacity 7152K, committed 7296K, reserved 1056768K
  class space    used 592K, capacity 616K, committed 640K, reserved 1048576K
}
Event: 18.021 GC heap before
{Heap before GC invocations=7 (full 0):
 PSYoungGen      total 76288K, used 75456K [0x00000000eab00000, 0x00000000f0000000, 0x0000000100000000)
  eden space 68608K, 100% used [0x00000000eab00000,0x00000000eee00000,0x00000000eee00000)
  from space 7680K, 89% used [0x00000000ef680000,0x00000000efd30028,0x00000000efe00000)
  to   space 8704K, 0% used [0x00000000eee00000,0x00000000eee00000,0x00000000ef680000)
 ParOldGen       total 22016K, used 12454K [0x00000000c0000000, 0x00000000c1580000, 0x00000000eab00000)
  object space 22016K, 56% used [0x00000000c0000000,0x00000000c0c29b30,0x00000000c1580000)
 Metaspace       used 6274K, capacity 7216K, committed 7296K, reserved 1056768K
  class space    used 592K, capacity 616K, committed 640K, reserved 1048576K
Event: 18.165 GC heap after
Heap after GC invocations=7 (full 0):
 PSYoungGen      total 77312K, used 8689K [0x00000000eab00000, 0x00000000f0000000, 0x0000000100000000)
  eden space 68608K, 0% used [0x00000000eab00000,0x00000000eab00000,0x00000000eee00000)
  from space 8704K, 99% used [0x00000000eee00000,0x00000000ef67c538,0x00000000ef680000)
  to   space 7680K, 0% used [0x00000000ef680000,0x00000000ef680000,0x00000000efe00000)
 ParOldGen       total 22016K, used 21242K [0x00000000c0000000, 0x00000000c1580000, 0x00000000eab00000)
  object space 22016K, 96% used [0x00000000c0000000,0x00000000c14be888,0x00000000c1580000)
 Metaspace       used 6274K, capacity 7216K, committed 7296K, reserved 1056768K
  class space    used 592K, capacity 616K, committed 640K, reserved 1048576K
}
Event: 18.166 GC heap before
{Heap before GC invocations=8 (full 1):
 PSYoungGen      total 77312K, used 8689K [0x00000000eab00000, 0x00000000f0000000, 0x0000000100000000)
  eden space 68608K, 0% used [0x00000000eab00000,0x00000000eab00000,0x00000000eee00000)
  from space 8704K, 99% used [0x00000000eee00000,0x00000000ef67c538,0x00000000ef680000)
  to   space 7680K, 0% used [0x00000000ef680000,0x00000000ef680000,0x00000000efe00000)
 ParOldGen       total 22016K, used 21242K [0x00000000c0000000, 0x00000000c1580000, 0x00000000eab00000)
  object space 22016K, 96% used [0x00000000c0000000,0x00000000c14be888,0x00000000c1580000)
 Metaspace       used 6274K, capacity 7216K, committed 7296K, reserved 1056768K
  class space    used 592K, capacity 616K, committed 640K, reserved 1048576K
Event: 19.872 GC heap after
Heap after GC invocations=8 (full 1):
 PSYoungGen      total 77312K, used 6106K [0x00000000eab00000, 0x00000000f0000000, 0x0000000100000000)
  eden space 68608K, 0% used [0x00000000eab00000,0x00000000eab00000,0x00000000eee00000)
  from space 8704K, 70% used [0x00000000eee00000,0x00000000ef3f6bf0,0x00000000ef680000)
  to   space 7680K, 0% used [0x00000000ef680000,0x00000000ef680000,0x00000000efe00000)
 ParOldGen       total 45568K, used 21666K [0x00000000c0000000, 0x00000000c2c80000, 0x00000000eab00000)
  object space 45568K, 47% used [0x00000000c0000000,0x00000000c1528918,0x00000000c2c80000)
 Metaspace       used 6274K, capacity 7216K, committed 7296K, reserved 1056768K
  class space    used 592K, capacity 616K, committed 640K, reserved 1048576K
}

Deoptimization events (10 events):
Event: 15.895 Thread 0x0000000017585000 Uncommon trap: reason=unstable_if action=reinterpret pc=0x00000000037ae24c method=com.android.dx.ssa.MoveParamCombiner$1.visitNonMoveInsn(Lcom/android/dx/ssa/NormalSsaInsn;)V @ 27
Event: 16.378 Thread 0x00000000030e0800 Uncommon trap: reason=bimorphic action=maybe_recompile pc=0x00000000036e89ec method=java.util.HashMap.getNode(ILjava/lang/Object;)Ljava/util/HashMap$Node; @ 126
Event: 16.456 Thread 0x00000000030e0800 Uncommon trap: reason=bimorphic action=maybe_recompile pc=0x00000000036e89ec method=java.util.HashMap.getNode(ILjava/lang/Object;)Ljava/util/HashMap$Node; @ 126
Event: 16.636 Thread 0x000000001757e000 Uncommon trap: reason=bimorphic action=maybe_recompile pc=0x00000000038fee94 method=com.android.dx.ssa.LiteralOpUpgrader.tryReplacingWithConstant(Lcom/android/dx/ssa/NormalSsaInsn;)Z @ 62
Event: 16.935 Thread 0x000000001757e000 Uncommon trap: reason=bimorphic action=maybe_recompile pc=0x00000000038fee94 method=com.android.dx.ssa.LiteralOpUpgrader.tryReplacingWithConstant(Lcom/android/dx/ssa/NormalSsaInsn;)Z @ 62
Event: 17.375 Thread 0x0000000017585000 Uncommon trap: reason=bimorphic action=maybe_recompile pc=0x0000000003964948 method=com.android.dx.ssa.SCCP.simulatePhi(Lcom/android/dx/ssa/PhiInsn;)V @ 124
Event: 17.376 Thread 0x0000000017585000 Uncommon trap: reason=bimorphic action=maybe_recompile pc=0x0000000003964948 method=com.android.dx.ssa.SCCP.simulatePhi(Lcom/android/dx/ssa/PhiInsn;)V @ 124
Event: 17.376 Thread 0x0000000017585000 Uncommon trap: reason=bimorphic action=maybe_recompile pc=0x0000000003964948 method=com.android.dx.ssa.SCCP.simulatePhi(Lcom/android/dx/ssa/PhiInsn;)V @ 124
Event: 17.594 Thread 0x0000000017585000 Uncommon trap: reason=bimorphic action=maybe_recompile pc=0x0000000003964948 method=com.android.dx.ssa.SCCP.simulatePhi(Lcom/android/dx/ssa/PhiInsn;)V @ 124
Event: 17.836 Thread 0x00000000030e0800 Uncommon trap: reason=unloaded action=reinterpret pc=0x00000000038cba04 method=com.android.dx.cf.cst.ConstantPoolParser.parse0(ILjava/util/BitSet;)Lcom/android/dx/rop/cst/Constant; @ 220

Internal exceptions (4 events):
Event: 0.288 Thread 0x00000000030e0800 Exception <a 'java/lang/NoSuchMethodError': Method sun.misc.Unsafe.defineClass(Ljava/lang/String;[BII)Ljava/lang/Class; name or signature does not match> (0x00000000eab07cc0) thrown at [C:\re\workspace\8-2-build-windows-amd64-cygwin\jdk8u101\7261\hotspot\sØ’€Á-k“?
Event: 0.288 Thread 0x00000000030e0800 Exception <a 'java/lang/NoSuchMethodError': Method sun.misc.Unsafe.prefetchRead(Ljava/lang/Object;J)V name or signature does not match> (0x00000000eab07fa8) thrown at [C:\re\workspace\8-2-build-windows-amd64-cygwin\jdk8u101\7261\hotspot\src\share\vm\prims\ÚLπò;*@
Event: 13.115 Thread 0x000000001757e000 Implicit null exception at 0x00000000038422f5 to 0x0000000003844459
Event: 13.842 Thread 0x0000000017580000 Implicit null exception at 0x00000000036e51e2 to 0x00000000036e52d2

Events (10 events):
Event: 17.594 Thread 0x0000000017585000 Uncommon trap: trap_request=0xffffffc6 fr.pc=0x0000000003964948
Event: 17.594 Thread 0x0000000017585000 DEOPT PACKING pc=0x0000000003964948 sp=0x0000000017d0e4c0
Event: 17.594 Thread 0x0000000017585000 DEOPT UNPACKING pc=0x000000000322582a sp=0x0000000017d0e498 mode 2
Event: 17.836 Thread 0x00000000030e0800 Uncommon trap: trap_request=0x000000d4 fr.pc=0x00000000038cba04
Event: 17.836 Thread 0x00000000030e0800 DEOPT PACKING pc=0x00000000038cba04 sp=0x0000000002fde3b0
Event: 17.836 Thread 0x00000000030e0800 DEOPT UNPACKING pc=0x000000000322582a sp=0x0000000002fde3f0 mode 2
Event: 18.021 Executing VM operation: ParallelGCFailedAllocation
Event: 19.872 Executing VM operation: ParallelGCFailedAllocation done
Event: 20.041 Thread 0x000000001757e000 DEOPT PACKING pc=0x0000000003649d75 sp=0x0000000017b0e790
Event: 20.041 Thread 0x000000001757e000 DEOPT UNPACKING pc=0x000000000322747f sp=0x0000000017b0e470 mode 0


Dynamic libraries:
0x00007ff734e90000 - 0x00007ff734ec7000 	C:\Program Files\Java\jdk1.8.0_101\bin\java.exe
0x00007ff94be10000 - 0x00007ff94bfeb000 	C:\WINDOWS\SYSTEM32\ntdll.dll
0x00007ff94bb60000 - 0x00007ff94bc0e000 	C:\WINDOWS\System32\KERNEL32.DLL
0x00007ff948dd0000 - 0x00007ff949019000 	C:\WINDOWS\System32\KERNELBASE.dll
0x00007ff94b600000 - 0x00007ff94b6a1000 	C:\WINDOWS\System32\ADVAPI32.dll
0x00007ff9497b0000 - 0x00007ff94984d000 	C:\WINDOWS\System32\msvcrt.dll
0x00007ff94bc10000 - 0x00007ff94bc69000 	C:\WINDOWS\System32\sechost.dll
0x00007ff949850000 - 0x00007ff949975000 	C:\WINDOWS\System32\RPCRT4.dll
0x00007ff94ba10000 - 0x00007ff94bb5a000 	C:\WINDOWS\System32\USER32.dll
0x00007ff948660000 - 0x00007ff94867e000 	C:\WINDOWS\System32\win32u.dll
0x00007ff949370000 - 0x00007ff949397000 	C:\WINDOWS\System32\GDI32.dll
0x00007ff9491e0000 - 0x00007ff949368000 	C:\WINDOWS\System32\gdi32full.dll
0x00007ff9490d0000 - 0x00007ff94916a000 	C:\WINDOWS\System32\msvcp_win.dll
0x00007ff948330000 - 0x00007ff948426000 	C:\WINDOWS\System32\ucrtbase.dll
0x00007ff93cf20000 - 0x00007ff93d187000 	C:\WINDOWS\WinSxS\amd64_microsoft.windows.common-controls_6595b64144ccf1df_6.0.15063.483_none_26002d27e7c744a2\COMCTL32.dll
0x00007ff94b710000 - 0x00007ff94ba09000 	C:\WINDOWS\System32\combase.dll
0x00007ff949170000 - 0x00007ff9491da000 	C:\WINDOWS\System32\bcryptPrimitives.dll
0x00007ff949990000 - 0x00007ff9499bd000 	C:\WINDOWS\System32\IMM32.DLL
0x0000000065a40000 - 0x0000000065b12000 	C:\Program Files\Java\jdk1.8.0_101\jre\bin\msvcr100.dll
0x0000000069e20000 - 0x000000006a6ba000 	C:\Program Files\Java\jdk1.8.0_101\jre\bin\server\jvm.dll
0x00007ff94bcf0000 - 0x00007ff94bcf8000 	C:\WINDOWS\System32\PSAPI.DLL
0x00007ff944530000 - 0x00007ff944539000 	C:\WINDOWS\SYSTEM32\WSOCK32.dll
0x00007ff94bc70000 - 0x00007ff94bcdc000 	C:\WINDOWS\System32\WS2_32.dll
0x00007ff945260000 - 0x00007ff945283000 	C:\WINDOWS\SYSTEM32\WINMM.dll
0x00007ff937fc0000 - 0x00007ff937fca000 	C:\WINDOWS\SYSTEM32\VERSION.dll
0x00007ff945200000 - 0x00007ff94522b000 	C:\WINDOWS\SYSTEM32\WINMMBASE.dll
0x00007ff948d80000 - 0x00007ff948dc9000 	C:\WINDOWS\System32\cfgmgr32.dll
0x0000000069e10000 - 0x0000000069e1f000 	C:\Program Files\Java\jdk1.8.0_101\jre\bin\verify.dll
0x0000000069de0000 - 0x0000000069e09000 	C:\Program Files\Java\jdk1.8.0_101\jre\bin\java.dll
0x0000000069dc0000 - 0x0000000069dd6000 	C:\Program Files\Java\jdk1.8.0_101\jre\bin\zip.dll
0x00007ff949e60000 - 0x00007ff94b296000 	C:\WINDOWS\System32\SHELL32.dll
0x00007ff949560000 - 0x00007ff94960a000 	C:\WINDOWS\System32\shcore.dll
0x00007ff948680000 - 0x00007ff948d73000 	C:\WINDOWS\System32\windows.storage.dll
0x00007ff949e00000 - 0x00007ff949e51000 	C:\WINDOWS\System32\shlwapi.dll
0x00007ff9482c0000 - 0x00007ff9482d1000 	C:\WINDOWS\System32\kernel.appcore.dll
0x00007ff9482e0000 - 0x00007ff94832c000 	C:\WINDOWS\System32\powrprof.dll
0x00007ff9482a0000 - 0x00007ff9482b5000 	C:\WINDOWS\System32\profapi.dll

VM Arguments:
jvm_args: -Djava.awt.headless=true -Xmx1024M -Dfile.encoding=windows-1252 -Duser.country=CM -Duser.language=fr -Duser.variant 
java_command: com.android.dx.command.Main --dex --num-threads=4 --output C:\Users\Le prince\Documents\Login\app\build\intermediates\pre-dexed\debug\com.android.support-support-compat-25.3.1_66f7d2a79ef8b4285ebd82d7a696272b4f5f5a87.jar C:\Users\Le prince\Documents\Login\app\build\intermediates\exploded-aar\com.android.support\support-compat\25.3.1\jars\classes.jar
java_class_path (initial): E:\sdk\build-tools\25.0.2\lib\dx.jar
Launcher Type: SUN_STANDARD

Environment Variables:
PATH=C:\ProgramData\Oracle\Java\javapath;C:\WINDOWS\system32;C:\WINDOWS;C:\WINDOWS\System32\Wbem;C:\WINDOWS\System32\WindowsPowerShell\v1.0\;C:\Program Files\Java\jdk1.6.0_45\bin;C:\Program Files\Microsoft SQL Server\110\Tools\Binn\;C:\Program Files\Java\jdk1.7.0_40\bin;C:\Program Files (x86)\Statgraphics\STATGRAPHICS Centurion XVI.I\;"C:\Users\Le prince\AppData\Local\Microsoft\WindowsApps;C:\Program Files\Java\jdk1.7.0_40\bin";
USERNAME=Le prince
OS=Windows_NT
PROCESSOR_IDENTIFIER=Intel64 Family 6 Model 76 Stepping 4, GenuineIntel



---------------  S Y S T E M  ---------------

OS: Windows 10.0 , 64 bit Build 15063 (10.0.15063.296)

CPU:total 4 (4 cores per cpu, 1 threads per core) family 6 model 76 stepping 4, cmov, cx8, fxsr, mmx, sse, sse2, sse3, ssse3, sse4.1, sse4.2, popcnt, aes, clmul, erms, 3dnowpref, tsc, tscinvbit

Memory: 4k page, physical 2024624k(231712k free), swap 4629912k(9096k free)

vm_info: Java HotSpot(TM) 64-Bit Server VM (25.101-b13) for windows-amd64 JRE (1.8.0_101-b13), built on Jun 22 2016 01:21:29 by "java_re" with MS VC++ 10.0 (VS2010)

time: Mon Aug 13 19:13:52 2018
elapsed time: 20 seconds (0d 0h 0m 20s)

