#
# There is insufficient memory for the Java Runtime Environment to continue.
# Native memory allocation (malloc) failed to allocate 403296 bytes for Chunk::new
# Possible reasons:
#   The system is out of physical RAM or swap space
#   In 32 bit mode, the process size limit was hit
# Possible solutions:
#   Reduce memory load on the system
#   Increase physical memory or swap space
#   Check if swap backing store is full
#   Use 64 bit Java on a 64 bit OS
#   Decrease Java heap size (-Xmx/-Xms)
#   Decrease number of Java threads
#   Decrease Java thread stack sizes (-Xss)
#   Set larger code cache with -XX:ReservedCodeCacheSize=
# This output file may be truncated or incomplete.
#
#  Out of Memory Error (allocation.cpp:390), pid=5808, tid=0x0000000000000614
#
# JRE version: Java(TM) SE Runtime Environment (8.0_101-b13) (build 1.8.0_101-b13)
# Java VM: Java HotSpot(TM) 64-Bit Server VM (25.101-b13 mixed mode windows-amd64 compressed oops)
# Failed to write core dump. Minidumps are not enabled by default on client versions of Windows
#

---------------  T H R E A D  ---------------

Current thread (0x000000001512c800):  JavaThread "C2 CompilerThread0" daemon [_thread_in_native, id=1556, stack(0x0000000016790000,0x0000000016890000)]

Stack: [0x0000000016790000,0x0000000016890000]
[error occurred during error reporting (printing stack bounds), id 0xc0000005]

Native frames: (J=compiled Java code, j=interpreted, Vv=VM code, C=native code)


Current CompileTask:
C2:  19004 1399       4       com.android.dx.ssa.SCCP::simulatePhi (169 bytes)


---------------  P R O C E S S  ---------------

Java Threads: ( => current thread )
  0x0000000016bee000 JavaThread "pool-1-thread-4" [_thread_in_Java, id=2804, stack(0x0000000017490000,0x0000000017590000)]
  0x0000000016bed800 JavaThread "pool-1-thread-3" [_thread_in_vm, id=5920, stack(0x0000000017390000,0x0000000017490000)]
  0x0000000016c87800 JavaThread "pool-1-thread-2" [_thread_in_Java, id=4556, stack(0x0000000017290000,0x0000000017390000)]
  0x0000000016c87000 JavaThread "pool-2-thread-1" [_thread_blocked, id=2640, stack(0x0000000017190000,0x0000000017290000)]
  0x0000000016c37000 JavaThread "pool-1-thread-1" [_thread_in_Java, id=7060, stack(0x0000000017090000,0x0000000017190000)]
  0x000000001518a000 JavaThread "Service Thread" daemon [_thread_blocked, id=2908, stack(0x0000000016e90000,0x0000000016f90000)]
  0x0000000016998800 JavaThread "C1 CompilerThread2" daemon [_thread_blocked, id=3208, stack(0x0000000016d90000,0x0000000016e90000)]
  0x000000001514e000 JavaThread "C2 CompilerThread1" daemon [_thread_in_vm, id=1812, stack(0x0000000016890000,0x0000000016990000)]
=>0x000000001512c800 JavaThread "C2 CompilerThread0" daemon [_thread_in_native, id=1556, stack(0x0000000016790000,0x0000000016890000)]
  0x000000001512b000 JavaThread "Attach Listener" daemon [_thread_blocked, id=7004, stack(0x0000000016690000,0x0000000016790000)]
  0x000000001512a000 JavaThread "Signal Dispatcher" daemon [_thread_blocked, id=3464, stack(0x0000000016590000,0x0000000016690000)]
  0x000000001511a800 JavaThread "Finalizer" daemon [_thread_blocked, id=1004, stack(0x0000000016380000,0x0000000016480000)]
  0x00000000150f9000 JavaThread "Reference Handler" daemon [_thread_blocked, id=7016, stack(0x0000000016280000,0x0000000016380000)]
  0x0000000002960800 JavaThread "main" [_thread_in_Java, id=6560, stack(0x0000000002860000,0x0000000002960000)]

Other Threads:
  0x00000000150f7000 VMThread [stack: 0x0000000016180000,0x0000000016280000] [id=4116]
  0x00000000169aa000 WatcherThread [stack: 0x0000000016f90000,0x0000000017090000] [id=208]

VM state:not at safepoint (normal execution)

VM Mutex/Monitor currently owned by a thread: None

Heap:
 PSYoungGen      total 18432K, used 6867K [0x00000000eab00000, 0x00000000ebe00000, 0x0000000100000000)
  eden space 17408K, 33% used [0x00000000eab00000,0x00000000eb0bce78,0x00000000ebc00000)
  from space 1024K, 96% used [0x00000000ebd00000,0x00000000ebdf8028,0x00000000ebe00000)
  to   space 1024K, 0% used [0x00000000ebc00000,0x00000000ebc00000,0x00000000ebd00000)
 ParOldGen       total 22016K, used 5824K [0x00000000c0000000, 0x00000000c1580000, 0x00000000eab00000)
  object space 22016K, 26% used [0x00000000c0000000,0x00000000c05b02c0,0x00000000c1580000)
 Metaspace       used 5974K, capacity 7024K, committed 7296K, reserved 1056768K
  class space    used 589K, capacity 616K, committed 640K, reserved 1048576K

Card table byte_map: [0x0000000011e20000,0x0000000012030000] byte_map_base: 0x0000000011820000

Marking Bits: (ParMarkBitMap*) 0x000000006a63a6d0
 Begin Bits: [0x0000000012590000, 0x0000000013590000)
 End Bits:   [0x0000000013590000, 0x0000000014590000)

Polling page: 0x00000000027a0000

CodeCache: size=245760Kb used=5933Kb max_used=5946Kb free=239826Kb
 bounds [0x0000000002a60000, 0x0000000003040000, 0x0000000011a60000]
 total_blobs=1661 nmethods=1399 adapters=176
 compilation: enabled

Compilation events (10 events):
Event: 18.849 Thread 0x000000001514e000 nmethod 1401 0x000000000302d450 code [0x000000000302d5a0, 0x000000000302d718]
Event: 18.849 Thread 0x000000001514e000 1402       4       com.android.dx.ssa.SsaBasicBlock::scheduleMovesFromPhis (108 bytes)
Event: 18.851 Thread 0x000000001514e000 nmethod 1402 0x0000000003015450 code [0x0000000003015580, 0x0000000003015638]
Event: 18.854 Thread 0x000000001514e000 1403       4       com.android.dx.ssa.back.SsaToRop$1::visitBlock (97 bytes)
Event: 18.925 Thread 0x000000001514e000 nmethod 1403 0x0000000003032010 code [0x0000000003032220, 0x0000000003032ce0]
Event: 18.937 Thread 0x0000000016998800 1404       3       com.android.dx.rop.code.Rops::opGetField (97 bytes)
Event: 18.940 Thread 0x0000000016998800 nmethod 1404 0x000000000302c010 code [0x000000000302c240, 0x000000000302ceb8]
Event: 18.945 Thread 0x000000001514e000 1405       4       com.android.dx.ssa.Dominators$DfsWalker::visitBlock (59 bytes)
Event: 18.967 Thread 0x000000001514e000 nmethod 1405 0x000000000302e510 code [0x000000000302e680, 0x000000000302ebf8]
Event: 18.968 Thread 0x000000001514e000 1406       4       com.android.dx.ssa.SsaRenamer$BlockRenamer::process (191 bytes)

GC Heap History (8 events):
Event: 3.149 GC heap before
{Heap before GC invocations=1 (full 0):
 PSYoungGen      total 9728K, used 8704K [0x00000000eab00000, 0x00000000eb580000, 0x0000000100000000)
  eden space 8704K, 100% used [0x00000000eab00000,0x00000000eb380000,0x00000000eb380000)
  from space 1024K, 0% used [0x00000000eb480000,0x00000000eb480000,0x00000000eb580000)
  to   space 1024K, 0% used [0x00000000eb380000,0x00000000eb380000,0x00000000eb480000)
 ParOldGen       total 22016K, used 0K [0x00000000c0000000, 0x00000000c1580000, 0x00000000eab00000)
  object space 22016K, 0% used [0x00000000c0000000,0x00000000c0000000,0x00000000c1580000)
 Metaspace       used 4213K, capacity 5456K, committed 5760K, reserved 1056768K
  class space    used 472K, capacity 520K, committed 640K, reserved 1048576K
Event: 3.175 GC heap after
Heap after GC invocations=1 (full 0):
 PSYoungGen      total 9728K, used 1015K [0x00000000eab00000, 0x00000000eb580000, 0x0000000100000000)
  eden space 8704K, 0% used [0x00000000eab00000,0x00000000eab00000,0x00000000eb380000)
  from space 1024K, 99% used [0x00000000eb380000,0x00000000eb47dc60,0x00000000eb480000)
  to   space 1024K, 0% used [0x00000000eb480000,0x00000000eb480000,0x00000000eb580000)
 ParOldGen       total 22016K, used 814K [0x00000000c0000000, 0x00000000c1580000, 0x00000000eab00000)
  object space 22016K, 3% used [0x00000000c0000000,0x00000000c00cb980,0x00000000c1580000)
 Metaspace       used 4213K, capacity 5456K, committed 5760K, reserved 1056768K
  class space    used 472K, capacity 520K, committed 640K, reserved 1048576K
}
Event: 8.633 GC heap before
{Heap before GC invocations=2 (full 0):
 PSYoungGen      total 9728K, used 9719K [0x00000000eab00000, 0x00000000eb580000, 0x0000000100000000)
  eden space 8704K, 100% used [0x00000000eab00000,0x00000000eb380000,0x00000000eb380000)
  from space 1024K, 99% used [0x00000000eb380000,0x00000000eb47dc60,0x00000000eb480000)
  to   space 1024K, 0% used [0x00000000eb480000,0x00000000eb480000,0x00000000eb580000)
 ParOldGen       total 22016K, used 814K [0x00000000c0000000, 0x00000000c1580000, 0x00000000eab00000)
  object space 22016K, 3% used [0x00000000c0000000,0x00000000c00cb980,0x00000000c1580000)
 Metaspace       used 5661K, capacity 6768K, committed 7040K, reserved 1056768K
  class space    used 587K, capacity 616K, committed 640K, reserved 1048576K
Event: 9.252 GC heap after
Heap after GC invocations=2 (full 0):
 PSYoungGen      total 9728K, used 1008K [0x00000000eab00000, 0x00000000ebe00000, 0x0000000100000000)
  eden space 8704K, 0% used [0x00000000eab00000,0x00000000eab00000,0x00000000eb380000)
  from space 1024K, 98% used [0x00000000eb480000,0x00000000eb57c240,0x00000000eb580000)
  to   space 1024K, 0% used [0x00000000eb380000,0x00000000eb380000,0x00000000eb480000)
 ParOldGen       total 22016K, used 2846K [0x00000000c0000000, 0x00000000c1580000, 0x00000000eab00000)
  object space 22016K, 12% used [0x00000000c0000000,0x00000000c02c7a28,0x00000000c1580000)
 Metaspace       used 5661K, capacity 6768K, committed 7040K, reserved 1056768K
  class space    used 587K, capacity 616K, committed 640K, reserved 1048576K
}
Event: 13.776 GC heap before
{Heap before GC invocations=3 (full 0):
 PSYoungGen      total 9728K, used 9712K [0x00000000eab00000, 0x00000000ebe00000, 0x0000000100000000)
  eden space 8704K, 100% used [0x00000000eab00000,0x00000000eb380000,0x00000000eb380000)
  from space 1024K, 98% used [0x00000000eb480000,0x00000000eb57c240,0x00000000eb580000)
  to   space 1024K, 0% used [0x00000000eb380000,0x00000000eb380000,0x00000000eb480000)
 ParOldGen       total 22016K, used 2846K [0x00000000c0000000, 0x00000000c1580000, 0x00000000eab00000)
  object space 22016K, 12% used [0x00000000c0000000,0x00000000c02c7a28,0x00000000c1580000)
 Metaspace       used 5817K, capacity 6896K, committed 7040K, reserved 1056768K
  class space    used 587K, capacity 616K, committed 640K, reserved 1048576K
Event: 13.879 GC heap after
Heap after GC invocations=3 (full 0):
 PSYoungGen      total 9728K, used 1008K [0x00000000eab00000, 0x00000000ebe00000, 0x0000000100000000)
  eden space 8704K, 0% used [0x00000000eab00000,0x00000000eab00000,0x00000000eb380000)
  from space 1024K, 98% used [0x00000000eb380000,0x00000000eb47c028,0x00000000eb480000)
  to   space 1024K, 0% used [0x00000000ebd00000,0x00000000ebd00000,0x00000000ebe00000)
 ParOldGen       total 22016K, used 4158K [0x00000000c0000000, 0x00000000c1580000, 0x00000000eab00000)
  object space 22016K, 18% used [0x00000000c0000000,0x00000000c040fa28,0x00000000c1580000)
 Metaspace       used 5817K, capacity 6896K, committed 7040K, reserved 1056768K
  class space    used 587K, capacity 616K, committed 640K, reserved 1048576K
}
Event: 17.505 GC heap before
{Heap before GC invocations=4 (full 0):
 PSYoungGen      total 9728K, used 9712K [0x00000000eab00000, 0x00000000ebe00000, 0x0000000100000000)
  eden space 8704K, 100% used [0x00000000eab00000,0x00000000eb380000,0x00000000eb380000)
  from space 1024K, 98% used [0x00000000eb380000,0x00000000eb47c028,0x00000000eb480000)
  to   space 1024K, 0% used [0x00000000ebd00000,0x00000000ebd00000,0x00000000ebe00000)
 ParOldGen       total 22016K, used 4158K [0x00000000c0000000, 0x00000000c1580000, 0x00000000eab00000)
  object space 22016K, 18% used [0x00000000c0000000,0x00000000c040fa28,0x00000000c1580000)
 Metaspace       used 5931K, capacity 6960K, committed 7040K, reserved 1056768K
  class space    used 589K, capacity 616K, committed 640K, reserved 1048576K
Event: 18.024 GC heap after
Heap after GC invocations=4 (full 0):
 PSYoungGen      total 18432K, used 992K [0x00000000eab00000, 0x00000000ebe00000, 0x0000000100000000)
  eden space 17408K, 0% used [0x00000000eab00000,0x00000000eab00000,0x00000000ebc00000)
  from space 1024K, 96% used [0x00000000ebd00000,0x00000000ebdf8028,0x00000000ebe00000)
  to   space 1024K, 0% used [0x00000000ebc00000,0x00000000ebc00000,0x00000000ebd00000)
 ParOldGen       total 22016K, used 5824K [0x00000000c0000000, 0x00000000c1580000, 0x00000000eab00000)
  object space 22016K, 26% used [0x00000000c0000000,0x00000000c05b02c0,0x00000000c1580000)
 Metaspace       used 5931K, capacity 6960K, committed 7040K, reserved 1056768K
  class space    used 589K, capacity 616K, committed 640K, reserved 1048576K
}

Deoptimization events (5 events):
Event: 2.401 Thread 0x0000000002960800 Uncommon trap: reason=unstable_if action=reinterpret pc=0x0000000002bb3494 method=java.lang.String.compareTo(Ljava/lang/String;)I @ 38
Event: 2.401 Thread 0x0000000016c37000 Uncommon trap: reason=unstable_if action=reinterpret pc=0x0000000002bb3494 method=java.lang.String.compareTo(Ljava/lang/String;)I @ 38
Event: 6.722 Thread 0x0000000016bed800 Uncommon trap: reason=unstable_if action=reinterpret pc=0x0000000002ca4b44 method=java.util.HashMap.getNode(ILjava/lang/Object;)Ljava/util/HashMap$Node; @ 62
Event: 9.805 Thread 0x0000000002960800 Uncommon trap: reason=unstable_if action=reinterpret pc=0x0000000002cf7498 method=com.android.dx.rop.code.RegisterSpec.equals(ILcom/android/dx/rop/type/TypeBearer;Lcom/android/dx/rop/code/LocalItem;)Z @ 16
Event: 16.765 Thread 0x0000000016bee000 Uncommon trap: reason=unstable_if action=reinterpret pc=0x0000000002f74b6c method=com.android.dx.cf.code.BytecodeArray.parseInstruction(ILcom/android/dx/cf/code/BytecodeArray$Visitor;)I @ 1198

Internal exceptions (2 events):
Event: 0.280 Thread 0x0000000002960800 Exception <a 'java/lang/NoSuchMethodError': Method sun.misc.Unsafe.defineClass(Ljava/lang/String;[BII)Ljava/lang/Class; name or signature does not match> (0x00000000eab07cc0) thrown at [C:\re\workspace\8-2-build-windows-amd64-cygwin\jdk8u101\7261\hotspot\s®‘ŸÎ—?
Event: 0.280 Thread 0x0000000002960800 Exception <a 'java/lang/NoSuchMethodError': Method sun.misc.Unsafe.prefetchRead(Ljava/lang/Object;J)V name or signature does not match> (0x00000000eab07fa8) thrown at [C:\re\workspace\8-2-build-windows-amd64-cygwin\jdk8u101\7261\hotspot\src\share\vm\prims\

Events (10 events):
Event: 14.713 loading class com/android/dx/cf/attrib/AttExceptions done
Event: 15.516 Thread 0x0000000016c87800 DEOPT PACKING pc=0x0000000002cc352d sp=0x000000001738ea30
Event: 15.516 Thread 0x0000000016c87800 DEOPT UNPACKING pc=0x0000000002aa747f sp=0x000000001738e810 mode 0
Event: 16.425 loading class com/android/dx/cf/attrib/AttDeprecated
Event: 16.425 loading class com/android/dx/cf/attrib/AttDeprecated done
Event: 16.765 Thread 0x0000000016bee000 Uncommon trap: trap_request=0xffffff65 fr.pc=0x0000000002f74b6c
Event: 16.765 Thread 0x0000000016bee000 DEOPT PACKING pc=0x0000000002f74b6c sp=0x000000001758e930
Event: 16.765 Thread 0x0000000016bee000 DEOPT UNPACKING pc=0x0000000002aa582a sp=0x000000001758e8c8 mode 2
Event: 16.891 Executing VM operation: ParallelGCFailedAllocation
Event: 18.024 Executing VM operation: ParallelGCFailedAllocation done


Dynamic libraries:
0x00007ff734e90000 - 0x00007ff734ec7000 	C:\Program Files\Java\jdk1.8.0_101\bin\java.exe
0x00007ff94be10000 - 0x00007ff94bfeb000 	C:\WINDOWS\SYSTEM32\ntdll.dll
0x00007ff94bb60000 - 0x00007ff94bc0e000 	C:\WINDOWS\System32\KERNEL32.DLL
0x00007ff948dd0000 - 0x00007ff949019000 	C:\WINDOWS\System32\KERNELBASE.dll
0x00007ff94b600000 - 0x00007ff94b6a1000 	C:\WINDOWS\System32\ADVAPI32.dll
0x00007ff9497b0000 - 0x00007ff94984d000 	C:\WINDOWS\System32\msvcrt.dll
0x00007ff94bc10000 - 0x00007ff94bc69000 	C:\WINDOWS\System32\sechost.dll
0x00007ff949850000 - 0x00007ff949975000 	C:\WINDOWS\System32\RPCRT4.dll
0x00007ff94ba10000 - 0x00007ff94bb5a000 	C:\WINDOWS\System32\USER32.dll
0x00007ff948660000 - 0x00007ff94867e000 	C:\WINDOWS\System32\win32u.dll
0x00007ff949370000 - 0x00007ff949397000 	C:\WINDOWS\System32\GDI32.dll
0x00007ff9491e0000 - 0x00007ff949368000 	C:\WINDOWS\System32\gdi32full.dll
0x00007ff9490d0000 - 0x00007ff94916a000 	C:\WINDOWS\System32\msvcp_win.dll
0x00007ff948330000 - 0x00007ff948426000 	C:\WINDOWS\System32\ucrtbase.dll
0x00007ff93cf20000 - 0x00007ff93d187000 	C:\WINDOWS\WinSxS\amd64_microsoft.windows.common-controls_6595b64144ccf1df_6.0.15063.483_none_26002d27e7c744a2\COMCTL32.dll
0x00007ff94b710000 - 0x00007ff94ba09000 	C:\WINDOWS\System32\combase.dll
0x00007ff949170000 - 0x00007ff9491da000 	C:\WINDOWS\System32\bcryptPrimitives.dll
0x00007ff949990000 - 0x00007ff9499bd000 	C:\WINDOWS\System32\IMM32.DLL
0x0000000065a40000 - 0x0000000065b12000 	C:\Program Files\Java\jdk1.8.0_101\jre\bin\msvcr100.dll
0x0000000069e20000 - 0x000000006a6ba000 	C:\Program Files\Java\jdk1.8.0_101\jre\bin\server\jvm.dll
0x00007ff94bcf0000 - 0x00007ff94bcf8000 	C:\WINDOWS\System32\PSAPI.DLL
0x00007ff944530000 - 0x00007ff944539000 	C:\WINDOWS\SYSTEM32\WSOCK32.dll
0x00007ff945260000 - 0x00007ff945283000 	C:\WINDOWS\SYSTEM32\WINMM.dll
0x00007ff94bc70000 - 0x00007ff94bcdc000 	C:\WINDOWS\System32\WS2_32.dll
0x00007ff937fc0000 - 0x00007ff937fca000 	C:\WINDOWS\SYSTEM32\VERSION.dll
0x00007ff945200000 - 0x00007ff94522b000 	C:\WINDOWS\SYSTEM32\WINMMBASE.dll
0x00007ff948d80000 - 0x00007ff948dc9000 	C:\WINDOWS\System32\cfgmgr32.dll
0x0000000069e10000 - 0x0000000069e1f000 	C:\Program Files\Java\jdk1.8.0_101\jre\bin\verify.dll
0x0000000069de0000 - 0x0000000069e09000 	C:\Program Files\Java\jdk1.8.0_101\jre\bin\java.dll
0x0000000069dc0000 - 0x0000000069dd6000 	C:\Program Files\Java\jdk1.8.0_101\jre\bin\zip.dll
0x00007ff949e60000 - 0x00007ff94b296000 	C:\WINDOWS\System32\SHELL32.dll
0x00007ff949560000 - 0x00007ff94960a000 	C:\WINDOWS\System32\shcore.dll
0x00007ff948680000 - 0x00007ff948d73000 	C:\WINDOWS\System32\windows.storage.dll
0x00007ff949e00000 - 0x00007ff949e51000 	C:\WINDOWS\System32\shlwapi.dll
0x00007ff9482c0000 - 0x00007ff9482d1000 	C:\WINDOWS\System32\kernel.appcore.dll
0x00007ff9482e0000 - 0x00007ff94832c000 	C:\WINDOWS\System32\powrprof.dll
0x00007ff9482a0000 - 0x00007ff9482b5000 	C:\WINDOWS\System32\profapi.dll

VM Arguments:
jvm_args: -Djava.awt.headless=true -Xmx1024M -Dfile.encoding=windows-1252 -Duser.country=CM -Duser.language=fr -Duser.variant 
java_command: com.android.dx.command.Main --dex --force-jumbo --num-threads=4 --output C:\Users\Le prince\Documents\Login\app\build\intermediates\pre-dexed\debug\com.android.support-support-media-compat-25.3.1_afebfa5d9b19ff337e243e2c2e5f04d835a08669.jar C:\Users\Le prince\Documents\Login\app\build\intermediates\exploded-aar\com.android.support\support-media-compat\25.3.1\jars\classes.jar
java_class_path (initial): E:\sdk\build-tools\25.0.2\lib\dx.jar
Launcher Type: SUN_STANDARD

Environment Variables:
PATH=C:\ProgramData\Oracle\Java\javapath;C:\WINDOWS\system32;C:\WINDOWS;C:\WINDOWS\System32\Wbem;C:\WINDOWS\System32\WindowsPowerShell\v1.0\;C:\Program Files\Java\jdk1.6.0_45\bin;C:\Program Files\Microsoft SQL Server\110\Tools\Binn\;C:\Program Files\Java\jdk1.7.0_40\bin;C:\Program Files (x86)\Statgraphics\STATGRAPHICS Centurion XVI.I\;"C:\Users\Le prince\AppData\Local\Microsoft\WindowsApps;C:\Program Files\Java\jdk1.7.0_40\bin";
USERNAME=Le prince
OS=Windows_NT
PROCESSOR_IDENTIFIER=Intel64 Family 6 Model 76 Stepping 4, GenuineIntel



---------------  S Y S T E M  ---------------

OS: Windows 10.0 , 64 bit Build 15063 (10.0.15063.296)

CPU:total 4 (4 cores per cpu, 1 threads per core) family 6 model 76 stepping 4, cmov, cx8, fxsr, mmx, sse, sse2, sse3, ssse3, sse4.1, sse4.2, popcnt, aes, clmul, erms, 3dnowpref, tsc, tscinvbit

Memory: 4k page, physical 2024624k(212368k free), swap 4629912k(6404k free)

vm_info: Java HotSpot(TM) 64-Bit Server VM (25.101-b13) for windows-amd64 JRE (1.8.0_101-b13), built on Jun 22 2016 01:21:29 by "java_re" with MS VC++ 10.0 (VS2010)

time: Mon Aug 13 19:09:47 2018
elapsed time: 19 seconds (0d 0h 0m 19s)

