#
# A fatal error has been detected by the Java Runtime Environment:
#
#  EXCEPTION_STACK_OVERFLOW (0xc00000fd) at pc=0x000000006a033987, pid=7468, tid=0x00000000000013c4
#
# JRE version: Java(TM) SE Runtime Environment (8.0_101-b13) (build 1.8.0_101-b13)
# Java VM: Java HotSpot(TM) 64-Bit Server VM (25.101-b13 mixed mode windows-amd64 compressed oops)
# Problematic frame:
# V  [jvm.dll+0x213987]
#
# Failed to write core dump. Minidumps are not enabled by default on client versions of Windows
#
# If you would like to submit a bug report, please visit:
#   http://bugreport.java.com/bugreport/crash.jsp
#

---------------  T H R E A D  ---------------

Current thread (0x0000000017355000):  JavaThread "pool-2-thread-1" [_thread_in_vm, id=5060, stack(0x0000000017b90000,0x0000000017c90000)]

siginfo: ExceptionCode=0xc00000fd, ExceptionInformation=0x0000000000000001 0x0000000017c8c130 

Registers:
RAX=0x0000000017c8c130, RBX=0x0000000000000004, RCX=0x0000000000003000, RDX=0x0000000000000006
RSP=0x0000000017c8f130, RBP=0x0000000000000000, RSI=0x0000000017c8f130, RDI=0x0000000000000004
R8 =0x0000000000000006, R9 =0x00000000172e7a20, R10=0x0000000014e8d4b0, R11=0x0000000017b9a148
R12=0x00000000172e7a20, R13=0x0000000017355000, R14=0x0000000017c8f1f8, R15=0x0000000014e8d4b0
RIP=0x000000006a033987, EFLAGS=0x0000000000010206

Top of Stack: (sp=0x0000000017c8f130)
0x0000000017c8f130:   0000467509015f06 0000000065a94e7e
0x0000000017c8f140:   0000000017355000 00000000172e7a20
0x0000000017c8f150:   00000000ffffffff 000000006a0348b7
0x0000000017c8f160:   0000000017c8f260 0000000014e8d4b0
0x0000000017c8f170:   0000000017355000 0000000069ee04e3
0x0000000017c8f180:   0000000017c8f1c0 0000000017355000
0x0000000017c8f190:   0000000017c8f250 0000000017355000
0x0000000017c8f1a0:   0000000014e8d4b0 0000000017355000
0x0000000017c8f1b0:   0000000003143200 0000000017355000
0x0000000017c8f1c0:   0000000014e8d4b0 0000000017355000
0x0000000017c8f1d0:   0000000014e8d4b0 0000000017355000
0x0000000017c8f1e0:   0000000000000001 0000000014e8d4b0
0x0000000017c8f1f0:   0000000017355000 00000000170be470
0x0000000017c8f200:   0000000017355000 0000000069ee19cd
0x0000000017c8f210:   0000000017c8f518 00000001000069a0
0x0000000017c8f220:   00000001000069a0 00007ff94be89bc6 

Instructions: (pc=0x000000006a033987)
0x000000006a033967:   48 89 6c 24 30 33 ed 66 90 e8 cb 37 08 00 ff c3
0x000000006a033977:   48 63 c8 48 8b c6 48 0f af cf 48 ff c7 48 2b c1
0x000000006a033987:   89 28 48 63 c3 48 3b 05 3d 0d 59 00 7e db 48 8b
0x000000006a033997:   6c 24 30 48 8b 5c 24 38 48 8b 74 24 40 48 83 c4 


Register to memory mapping:

RAX=0x0000000017c8c130 is pointing into the stack for thread: 0x0000000017355000
RBX=0x0000000000000004 is an unknown value
RCX=0x0000000000003000 is an unknown value
RDX=0x0000000000000006 is an unknown value
RSP=0x0000000017c8f130 is pointing into the stack for thread: 0x0000000017355000
RBP=0x0000000000000000 is an unknown value
RSI=0x0000000017c8f130 is pointing into the stack for thread: 0x0000000017355000
RDI=0x0000000000000004 is an unknown value
R8 =0x0000000000000006 is an unknown value
R9 =0x00000000172e7a20 is an unknown value
R10={method} {0x0000000014e8d4b8} 'run' '()V' in 'java/lang/Thread'
R11=0x0000000017b9a148 is pointing into the stack for thread: 0x0000000017355000
R12=0x00000000172e7a20 is an unknown value
R13=0x0000000017355000 is a thread
R14=0x0000000017c8f1f8 is pointing into the stack for thread: 0x0000000017355000
R15={method} {0x0000000014e8d4b8} 'run' '()V' in 'java/lang/Thread'


Stack: [0x0000000017b90000,0x0000000017c90000],  sp=0x0000000017c8f130,  free space=1020k
Native frames: (J=compiled Java code, j=interpreted, Vv=VM code, C=native code)


---------------  P R O C E S S  ---------------

Java Threads: ( => current thread )
=>0x0000000017355000 JavaThread "pool-2-thread-1" [_thread_in_vm, id=5060, stack(0x0000000017b90000,0x0000000017c90000)]
  0x000000001709d000 JavaThread "Service Thread" daemon [_thread_blocked, id=7336, stack(0x0000000017590000,0x0000000017690000)]
  0x0000000017098800 JavaThread "C1 CompilerThread2" daemon [_thread_blocked, id=2608, stack(0x0000000017490000,0x0000000017590000)]
  0x0000000015856000 JavaThread "C2 CompilerThread1" daemon [_thread_blocked, id=7580, stack(0x0000000016f90000,0x0000000017090000)]
  0x00000000157fc000 JavaThread "C2 CompilerThread0" daemon [_thread_blocked, id=6360, stack(0x0000000016e90000,0x0000000016f90000)]
  0x00000000157fb000 JavaThread "Attach Listener" daemon [_thread_blocked, id=5992, stack(0x0000000016d90000,0x0000000016e90000)]
  0x00000000157f9800 JavaThread "Signal Dispatcher" daemon [_thread_blocked, id=5308, stack(0x0000000016c90000,0x0000000016d90000)]
  0x00000000157ea000 JavaThread "Finalizer" daemon [_thread_blocked, id=7328, stack(0x0000000016a80000,0x0000000016b80000)]
  0x00000000157c8800 JavaThread "Reference Handler" daemon [_thread_blocked, id=6472, stack(0x0000000016980000,0x0000000016a80000)]
  0x0000000003030800 JavaThread "main" [_thread_blocked, id=7388, stack(0x0000000002eb0000,0x0000000002fb0000)]

Other Threads:
  0x00000000157c6800 VMThread [stack: 0x0000000016880000,0x0000000016980000] [id=4720]
  0x00000000170bb800 WatcherThread [stack: 0x0000000017690000,0x0000000017790000] [id=7564]

VM state:not at safepoint (normal execution)

VM Mutex/Monitor currently owned by a thread: None

Heap:
 PSYoungGen      total 9728K, used 1433K [0x00000000eab00000, 0x00000000eb580000, 0x0000000100000000)
  eden space 8704K, 4% used [0x00000000eab00000,0x00000000eab6c138,0x00000000eb380000)
  from space 1024K, 97% used [0x00000000eb380000,0x00000000eb47a458,0x00000000eb480000)
  to   space 1024K, 0% used [0x00000000eb480000,0x00000000eb480000,0x00000000eb580000)
 ParOldGen       total 22016K, used 214K [0x00000000c0000000, 0x00000000c1580000, 0x00000000eab00000)
  object space 22016K, 0% used [0x00000000c0000000,0x00000000c0035af0,0x00000000c1580000)
 Metaspace       used 3910K, capacity 5104K, committed 5376K, reserved 1060864K
  class space    used 444K, capacity 488K, committed 512K, reserved 1048576K

Card table byte_map: [0x00000000124f0000,0x0000000012700000] byte_map_base: 0x0000000011ef0000

Marking Bits: (ParMarkBitMap*) 0x000000006a63a6d0
 Begin Bits: [0x0000000012c60000, 0x0000000013c60000)
 End Bits:   [0x0000000013c60000, 0x0000000014c60000)

Polling page: 0x0000000001310000

CodeCache: size=245760Kb used=1582Kb max_used=1582Kb free=244177Kb
 bounds [0x0000000003130000, 0x00000000033a0000, 0x0000000012130000]
 total_blobs=500 nmethods=250 adapters=164
 compilation: enabled

Compilation events (10 events):
Event: 3.017 Thread 0x0000000017098800  242       3       com.android.dx.util.ByteArray::<init> (81 bytes)
Event: 3.018 Thread 0x0000000017098800 nmethod 242 0x00000000032ba210 code [0x00000000032ba3e0, 0x00000000032ba978]
Event: 3.018 Thread 0x0000000017098800  244       3       com.android.dx.util.ByteArray::slice (30 bytes)
Event: 3.019 Thread 0x0000000017098800 nmethod 244 0x00000000032b9d50 code [0x00000000032b9ec0, 0x00000000032ba118]
Event: 3.019 Thread 0x0000000017098800  246       3       com.android.dx.rop.cst.Constant::<init> (5 bytes)
Event: 3.020 Thread 0x0000000017098800 nmethod 246 0x00000000032b9990 code [0x00000000032b9ae0, 0x00000000032b9c90]
Event: 3.020 Thread 0x0000000017098800  243       3       java.lang.String::substring (56 bytes)
Event: 3.020 Thread 0x0000000017098800 nmethod 243 0x00000000032b92d0 code [0x00000000032b9460, 0x00000000032b9808]
Event: 3.020 Thread 0x0000000017098800  245       1       com.android.dx.util.MutabilityControl::isMutable (5 bytes)
Event: 3.021 Thread 0x0000000017098800 nmethod 245 0x00000000032b9010 code [0x00000000032b9160, 0x00000000032b9270]

GC Heap History (2 events):
Event: 2.970 GC heap before
{Heap before GC invocations=1 (full 0):
 PSYoungGen      total 9728K, used 8704K [0x00000000eab00000, 0x00000000eb580000, 0x0000000100000000)
  eden space 8704K, 100% used [0x00000000eab00000,0x00000000eb380000,0x00000000eb380000)
  from space 1024K, 0% used [0x00000000eb480000,0x00000000eb480000,0x00000000eb580000)
  to   space 1024K, 0% used [0x00000000eb380000,0x00000000eb380000,0x00000000eb480000)
 ParOldGen       total 22016K, used 0K [0x00000000c0000000, 0x00000000c1580000, 0x00000000eab00000)
  object space 22016K, 0% used [0x00000000c0000000,0x00000000c0000000,0x00000000c1580000)
 Metaspace       used 3816K, capacity 5104K, committed 5376K, reserved 1060864K
  class space    used 430K, capacity 488K, committed 512K, reserved 1048576K
Event: 2.986 GC heap after
Heap after GC invocations=1 (full 0):
 PSYoungGen      total 9728K, used 1001K [0x00000000eab00000, 0x00000000eb580000, 0x0000000100000000)
  eden space 8704K, 0% used [0x00000000eab00000,0x00000000eab00000,0x00000000eb380000)
  from space 1024K, 97% used [0x00000000eb380000,0x00000000eb47a458,0x00000000eb480000)
  to   space 1024K, 0% used [0x00000000eb480000,0x00000000eb480000,0x00000000eb580000)
 ParOldGen       total 22016K, used 214K [0x00000000c0000000, 0x00000000c1580000, 0x00000000eab00000)
  object space 22016K, 0% used [0x00000000c0000000,0x00000000c0035af0,0x00000000c1580000)
 Metaspace       used 3816K, capacity 5104K, committed 5376K, reserved 1060864K
  class space    used 430K, capacity 488K, committed 512K, reserved 1048576K
}

Deoptimization events (1 events):
Event: 2.688 Thread 0x0000000003030800 Uncommon trap: reason=unstable_if action=reinterpret pc=0x0000000003289494 method=java.lang.String.compareTo(Ljava/lang/String;)I @ 38

Internal exceptions (2 events):
Event: 1.071 Thread 0x0000000003030800 Exception <a 'java/lang/NoSuchMethodError': Method sun.misc.Unsafe.defineClass(Ljava/lang/String;[BII)Ljava/lang/Class; name or signature does not match> (0x00000000eab07cc0) thrown at [C:\re\workspace\8-2-build-windows-amd64-cygwin\jdk8u101\7261\hotspot\s{áqÅ#Ò?
Event: 1.071 Thread 0x0000000003030800 Exception <a 'java/lang/NoSuchMethodError': Method sun.misc.Unsafe.prefetchRead(Ljava/lang/Object;J)V name or signature does not match> (0x00000000eab07fa8) thrown at [C:\re\workspace\8-2-build-windows-amd64-cygwin\jdk8u101\7261\hotspot\src\share\vm\prims\

Events (10 events):
Event: 3.030 loading class java/util/concurrent/Future done
Event: 3.030 loading class java/util/concurrent/RunnableFuture done
Event: 3.030 loading class java/util/concurrent/FutureTask done
Event: 3.031 loading class java/util/concurrent/FutureTask$WaitNode
Event: 3.031 loading class java/util/concurrent/FutureTask$WaitNode done
Event: 3.031 loading class java/util/concurrent/ThreadPoolExecutor$Worker
Event: 3.032 loading class java/util/concurrent/ThreadPoolExecutor$Worker done
Event: 3.032 Thread 0x0000000017355000 Thread added: 0x0000000017355000
Event: 3.033 loading class com/android/dx/command/dexer/Main$ClassDefItemConsumer
Event: 3.033 loading class com/android/dx/command/dexer/Main$ClassDefItemConsumer done


Dynamic libraries:
0x00007ff734e90000 - 0x00007ff734ec7000 	C:\Program Files\Java\jdk1.8.0_101\bin\java.exe
0x00007ff94be10000 - 0x00007ff94bfeb000 	C:\WINDOWS\SYSTEM32\ntdll.dll
0x00007ff94bb60000 - 0x00007ff94bc0e000 	C:\WINDOWS\System32\KERNEL32.DLL
0x00007ff948dd0000 - 0x00007ff949019000 	C:\WINDOWS\System32\KERNELBASE.dll
0x00007ff94b600000 - 0x00007ff94b6a1000 	C:\WINDOWS\System32\ADVAPI32.dll
0x00007ff9497b0000 - 0x00007ff94984d000 	C:\WINDOWS\System32\msvcrt.dll
0x00007ff94bc10000 - 0x00007ff94bc69000 	C:\WINDOWS\System32\sechost.dll
0x00007ff949850000 - 0x00007ff949975000 	C:\WINDOWS\System32\RPCRT4.dll
0x00007ff94ba10000 - 0x00007ff94bb5a000 	C:\WINDOWS\System32\USER32.dll
0x00007ff948660000 - 0x00007ff94867e000 	C:\WINDOWS\System32\win32u.dll
0x00007ff949370000 - 0x00007ff949397000 	C:\WINDOWS\System32\GDI32.dll
0x00007ff9491e0000 - 0x00007ff949368000 	C:\WINDOWS\System32\gdi32full.dll
0x00007ff9490d0000 - 0x00007ff94916a000 	C:\WINDOWS\System32\msvcp_win.dll
0x00007ff948330000 - 0x00007ff948426000 	C:\WINDOWS\System32\ucrtbase.dll
0x00007ff93cf20000 - 0x00007ff93d187000 	C:\WINDOWS\WinSxS\amd64_microsoft.windows.common-controls_6595b64144ccf1df_6.0.15063.483_none_26002d27e7c744a2\COMCTL32.dll
0x00007ff94b710000 - 0x00007ff94ba09000 	C:\WINDOWS\System32\combase.dll
0x00007ff949170000 - 0x00007ff9491da000 	C:\WINDOWS\System32\bcryptPrimitives.dll
0x00007ff949990000 - 0x00007ff9499bd000 	C:\WINDOWS\System32\IMM32.DLL
0x0000000065a40000 - 0x0000000065b12000 	C:\Program Files\Java\jdk1.8.0_101\jre\bin\msvcr100.dll
0x0000000069e20000 - 0x000000006a6ba000 	C:\Program Files\Java\jdk1.8.0_101\jre\bin\server\jvm.dll
0x00007ff94bcf0000 - 0x00007ff94bcf8000 	C:\WINDOWS\System32\PSAPI.DLL
0x00007ff944530000 - 0x00007ff944539000 	C:\WINDOWS\SYSTEM32\WSOCK32.dll
0x00007ff94bc70000 - 0x00007ff94bcdc000 	C:\WINDOWS\System32\WS2_32.dll
0x00007ff945260000 - 0x00007ff945283000 	C:\WINDOWS\SYSTEM32\WINMM.dll
0x00007ff937fc0000 - 0x00007ff937fca000 	C:\WINDOWS\SYSTEM32\VERSION.dll
0x00007ff945200000 - 0x00007ff94522b000 	C:\WINDOWS\SYSTEM32\WINMMBASE.dll
0x00007ff948d80000 - 0x00007ff948dc9000 	C:\WINDOWS\System32\cfgmgr32.dll
0x0000000069e10000 - 0x0000000069e1f000 	C:\Program Files\Java\jdk1.8.0_101\jre\bin\verify.dll
0x0000000069de0000 - 0x0000000069e09000 	C:\Program Files\Java\jdk1.8.0_101\jre\bin\java.dll
0x0000000069dc0000 - 0x0000000069dd6000 	C:\Program Files\Java\jdk1.8.0_101\jre\bin\zip.dll
0x00007ff949e60000 - 0x00007ff94b296000 	C:\WINDOWS\System32\SHELL32.dll
0x00007ff949560000 - 0x00007ff94960a000 	C:\WINDOWS\System32\shcore.dll
0x00007ff948680000 - 0x00007ff948d73000 	C:\WINDOWS\System32\windows.storage.dll
0x00007ff949e00000 - 0x00007ff949e51000 	C:\WINDOWS\System32\shlwapi.dll
0x00007ff9482c0000 - 0x00007ff9482d1000 	C:\WINDOWS\System32\kernel.appcore.dll
0x00007ff9482e0000 - 0x00007ff94832c000 	C:\WINDOWS\System32\powrprof.dll
0x00007ff9482a0000 - 0x00007ff9482b5000 	C:\WINDOWS\System32\profapi.dll

VM Arguments:
jvm_args: -Djava.awt.headless=true -Xmx1024M -Dfile.encoding=windows-1252 -Duser.country=CM -Duser.language=fr -Duser.variant 
java_command: com.android.dx.command.Main --dex --force-jumbo --num-threads=4 --multi-dex --output C:\Users\Le prince\Documents\Login\app\build\intermediates\transforms\dex\debug\folders\1000\10\com.android.support-appcompat-v7-25.3.1_1391cffade4d04948b33ad901e5a79343de25aa3 C:\Users\Le prince\Documents\Login\app\build\intermediates\exploded-aar\com.android.support\appcompat-v7\25.3.1\jars\classes.jar
java_class_path (initial): E:\sdk\build-tools\25.0.2\lib\dx.jar
Launcher Type: SUN_STANDARD

Environment Variables:
PATH=C:\ProgramData\Oracle\Java\javapath;C:\WINDOWS\system32;C:\WINDOWS;C:\WINDOWS\System32\Wbem;C:\WINDOWS\System32\WindowsPowerShell\v1.0\;C:\Program Files\Java\jdk1.6.0_45\bin;C:\Program Files\Microsoft SQL Server\110\Tools\Binn\;C:\Program Files\Java\jdk1.7.0_40\bin;C:\Program Files (x86)\Statgraphics\STATGRAPHICS Centurion XVI.I\;"C:\Users\Le prince\AppData\Local\Microsoft\WindowsApps;C:\Program Files\Java\jdk1.7.0_40\bin";
USERNAME=Le prince
OS=Windows_NT
PROCESSOR_IDENTIFIER=Intel64 Family 6 Model 76 Stepping 4, GenuineIntel



---------------  S Y S T E M  ---------------

OS: Windows 10.0 , 64 bit Build 15063 (10.0.15063.296)

CPU:total 4 (4 cores per cpu, 1 threads per core) family 6 model 76 stepping 4, cmov, cx8, fxsr, mmx, sse, sse2, sse3, ssse3, sse4.1, sse4.2, popcnt, aes, clmul, erms, 3dnowpref, tsc, tscinvbit

Memory: 4k page, physical 2024624k(113664k free), swap 4629912k(0k free)

vm_info: Java HotSpot(TM) 64-Bit Server VM (25.101-b13) for windows-amd64 JRE (1.8.0_101-b13), built on Jun 22 2016 01:21:29 by "java_re" with MS VC++ 10.0 (VS2010)

time: Mon Aug 13 19:16:17 2018
elapsed time: 3 seconds (0d 0h 0m 3s)

