#
# There is insufficient memory for the Java Runtime Environment to continue.
# Native memory allocation (malloc) failed to allocate 1105776 bytes for Chunk::new
# Possible reasons:
#   The system is out of physical RAM or swap space
#   In 32 bit mode, the process size limit was hit
# Possible solutions:
#   Reduce memory load on the system
#   Increase physical memory or swap space
#   Check if swap backing store is full
#   Use 64 bit Java on a 64 bit OS
#   Decrease Java heap size (-Xmx/-Xms)
#   Decrease number of Java threads
#   Decrease Java thread stack sizes (-Xss)
#   Set larger code cache with -XX:ReservedCodeCacheSize=
# This output file may be truncated or incomplete.
#
#  Out of Memory Error (allocation.cpp:390), pid=7112, tid=0x0000000000001148
#
# JRE version: Java(TM) SE Runtime Environment (8.0_101-b13) (build 1.8.0_101-b13)
# Java VM: Java HotSpot(TM) 64-Bit Server VM (25.101-b13 mixed mode windows-amd64 compressed oops)
# Failed to write core dump. Minidumps are not enabled by default on client versions of Windows
#

---------------  T H R E A D  ---------------

Current thread (0x0000000014ba2000):  JavaThread "C2 CompilerThread1" daemon [_thread_in_native, id=4424, stack(0x00000000162c0000,0x00000000163c0000)]

Stack: [0x00000000162c0000,0x00000000163c0000]
[error occurred during error reporting (printing stack bounds), id 0xc0000005]

Native frames: (J=compiled Java code, j=interpreted, Vv=VM code, C=native code)


Current CompileTask:
C2:  19755 1747   !   4       com.android.dx.cf.code.BytecodeArray::parseInstruction (2764 bytes)


---------------  P R O C E S S  ---------------

Java Threads: ( => current thread )
  0x00000000166b2800 JavaThread "pool-2-thread-4" [_thread_in_Java, id=6840, stack(0x00000000176c0000,0x00000000177c0000)]
  0x00000000166b2000 JavaThread "pool-2-thread-3" [_thread_in_Java, id=4288, stack(0x00000000175c0000,0x00000000176c0000)]
  0x0000000016624000 JavaThread "pool-2-thread-2" [_thread_in_Java, id=4364, stack(0x00000000174c0000,0x00000000175c0000)]
  0x0000000016718800 JavaThread "pool-3-thread-1" [_thread_blocked, id=1000, stack(0x00000000173c0000,0x00000000174c0000)]
  0x0000000016717800 JavaThread "pool-2-thread-1" [_thread_in_Java, id=5284, stack(0x00000000172c0000,0x00000000173c0000)]
  0x0000000014bab800 JavaThread "Service Thread" daemon [_thread_blocked, id=5656, stack(0x00000000168c0000,0x00000000169c0000)]
  0x00000000163c8800 JavaThread "C1 CompilerThread2" daemon [_thread_blocked, id=7000, stack(0x00000000167c0000,0x00000000168c0000)]
=>0x0000000014ba2000 JavaThread "C2 CompilerThread1" daemon [_thread_in_native, id=4424, stack(0x00000000162c0000,0x00000000163c0000)]
  0x0000000014b4d000 JavaThread "C2 CompilerThread0" daemon [_thread_in_native, id=2724, stack(0x00000000161c0000,0x00000000162c0000)]
  0x0000000014b4c000 JavaThread "Attach Listener" daemon [_thread_blocked, id=3928, stack(0x00000000160c0000,0x00000000161c0000)]
  0x0000000014b4b000 JavaThread "Signal Dispatcher" daemon [_thread_blocked, id=1748, stack(0x0000000015fc0000,0x00000000160c0000)]
  0x0000000002478800 JavaThread "Finalizer" daemon [_thread_blocked, id=5648, stack(0x0000000015db0000,0x0000000015eb0000)]
  0x0000000002472800 JavaThread "Reference Handler" daemon [_thread_blocked, id=6172, stack(0x0000000015cb0000,0x0000000015db0000)]
  0x0000000002380800 JavaThread "main" [_thread_in_Java, id=4884, stack(0x0000000002280000,0x0000000002380000)]

Other Threads:
  0x0000000014b16800 VMThread [stack: 0x0000000015bb0000,0x0000000015cb0000] [id=2188]
  0x00000000163db000 WatcherThread [stack: 0x00000000169c0000,0x0000000016ac0000] [id=5328]

VM state:not at safepoint (normal execution)

VM Mutex/Monitor currently owned by a thread: None

Heap:
 PSYoungGen      total 72704K, used 16806K [0x00000000eab00000, 0x00000000f0100000, 0x0000000100000000)
  eden space 65024K, 14% used [0x00000000eab00000,0x00000000eb3eb160,0x00000000eea80000)
  from space 7680K, 99% used [0x00000000ef480000,0x00000000efbfe8e8,0x00000000efc00000)
  to   space 10240K, 0% used [0x00000000eea80000,0x00000000eea80000,0x00000000ef480000)
 ParOldGen       total 22016K, used 15957K [0x00000000c0000000, 0x00000000c1580000, 0x00000000eab00000)
  object space 22016K, 72% used [0x00000000c0000000,0x00000000c0f95500,0x00000000c1580000)
 Metaspace       used 6148K, capacity 7152K, committed 7296K, reserved 1056768K
  class space    used 589K, capacity 616K, committed 640K, reserved 1048576K

Card table byte_map: [0x0000000011840000,0x0000000011a50000] byte_map_base: 0x0000000011240000

Marking Bits: (ParMarkBitMap*) 0x000000006a63a6d0
 Begin Bits: [0x0000000011fb0000, 0x0000000012fb0000)
 End Bits:   [0x0000000012fb0000, 0x0000000013fb0000)

Polling page: 0x0000000000610000

CodeCache: size=245760Kb used=7766Kb max_used=7781Kb free=237993Kb
 bounds [0x0000000002480000, 0x0000000002c30000, 0x0000000011480000]
 total_blobs=2020 nmethods=1758 adapters=176
 compilation: enabled

Compilation events (10 events):
Event: 19.493 Thread 0x00000000163c8800 1831       2       java.util.BitSet::set (20 bytes)
Event: 19.494 Thread 0x00000000163c8800 nmethod 1831 0x0000000002c10c90 code [0x0000000002c10e00, 0x0000000002c10f98]
Event: 19.495 Thread 0x00000000163c8800 1832       2       com.android.dx.rop.code.LocalVariableExtractor::processBlock (327 bytes)
Event: 19.502 Thread 0x00000000163c8800 nmethod 1832 0x0000000002c11050 code [0x0000000002c11360, 0x0000000002c122d8]
Event: 19.571 Thread 0x0000000014b4d000 nmethod 1730 0x0000000002c18ad0 code [0x0000000002c18e20, 0x0000000002c1aea8]
Event: 19.571 Thread 0x0000000014b4d000 1725   !   4       com.android.dx.rop.type.Type::intern (319 bytes)
Event: 19.698 Thread 0x0000000014b4d000 nmethod 1725 0x0000000002c1e810 code [0x0000000002c1ea40, 0x0000000002c1fff0]
Event: 19.698 Thread 0x0000000014b4d000 1834       4       com.android.dx.ssa.LiteralOpUpgrader$1::visitNonMoveInsn (203 bytes)
Event: 19.700 Thread 0x00000000163c8800 1836   !   2       com.android.dx.dex.file.UniformListItem::getAlignment (40 bytes)
Event: 19.701 Thread 0x00000000163c8800 nmethod 1836 0x0000000002c18410 code [0x0000000002c185a0, 0x0000000002c188c8]

GC Heap History (10 events):
Event: 7.589 GC heap before
{Heap before GC invocations=4 (full 0):
 PSYoungGen      total 9728K, used 9696K [0x00000000eab00000, 0x00000000ebe00000, 0x0000000100000000)
  eden space 8704K, 100% used [0x00000000eab00000,0x00000000eb380000,0x00000000eb380000)
  from space 1024K, 96% used [0x00000000eb380000,0x00000000eb478038,0x00000000eb480000)
  to   space 1024K, 0% used [0x00000000ebd00000,0x00000000ebd00000,0x00000000ebe00000)
 ParOldGen       total 22016K, used 4725K [0x00000000c0000000, 0x00000000c1580000, 0x00000000eab00000)
  object space 22016K, 21% used [0x00000000c0000000,0x00000000c049d628,0x00000000c1580000)
 Metaspace       used 5941K, capacity 6960K, committed 7040K, reserved 1056768K
  class space    used 587K, capacity 616K, committed 640K, reserved 1048576K
Event: 7.653 GC heap after
Heap after GC invocations=4 (full 0):
 PSYoungGen      total 18432K, used 1008K [0x00000000eab00000, 0x00000000ebe00000, 0x0000000100000000)
  eden space 17408K, 0% used [0x00000000eab00000,0x00000000eab00000,0x00000000ebc00000)
  from space 1024K, 98% used [0x00000000ebd00000,0x00000000ebdfc038,0x00000000ebe00000)
  to   space 1024K, 0% used [0x00000000ebc00000,0x00000000ebc00000,0x00000000ebd00000)
 ParOldGen       total 22016K, used 6220K [0x00000000c0000000, 0x00000000c1580000, 0x00000000eab00000)
  object space 22016K, 28% used [0x00000000c0000000,0x00000000c06132b0,0x00000000c1580000)
 Metaspace       used 5941K, capacity 6960K, committed 7040K, reserved 1056768K
  class space    used 587K, capacity 616K, committed 640K, reserved 1048576K
}
Event: 12.358 GC heap before
{Heap before GC invocations=5 (full 0):
 PSYoungGen      total 18432K, used 18416K [0x00000000eab00000, 0x00000000ebe00000, 0x0000000100000000)
  eden space 17408K, 100% used [0x00000000eab00000,0x00000000ebc00000,0x00000000ebc00000)
  from space 1024K, 98% used [0x00000000ebd00000,0x00000000ebdfc038,0x00000000ebe00000)
  to   space 1024K, 0% used [0x00000000ebc00000,0x00000000ebc00000,0x00000000ebd00000)
 ParOldGen       total 22016K, used 6220K [0x00000000c0000000, 0x00000000c1580000, 0x00000000eab00000)
  object space 22016K, 28% used [0x00000000c0000000,0x00000000c06132b0,0x00000000c1580000)
 Metaspace       used 6028K, capacity 7024K, committed 7296K, reserved 1056768K
  class space    used 587K, capacity 616K, committed 640K, reserved 1048576K
Event: 12.401 GC heap after
Heap after GC invocations=5 (full 0):
 PSYoungGen      total 18432K, used 994K [0x00000000eab00000, 0x00000000ed500000, 0x0000000100000000)
  eden space 17408K, 0% used [0x00000000eab00000,0x00000000eab00000,0x00000000ebc00000)
  from space 1024K, 97% used [0x00000000ebc00000,0x00000000ebcf8bd0,0x00000000ebd00000)
  to   space 4096K, 0% used [0x00000000ed100000,0x00000000ed100000,0x00000000ed500000)
 ParOldGen       total 22016K, used 9145K [0x00000000c0000000, 0x00000000c1580000, 0x00000000eab00000)
  object space 22016K, 41% used [0x00000000c0000000,0x00000000c08ee438,0x00000000c1580000)
 Metaspace       used 6028K, capacity 7024K, committed 7296K, reserved 1056768K
  class space    used 587K, capacity 616K, committed 640K, reserved 1048576K
}
Event: 13.480 GC heap before
{Heap before GC invocations=6 (full 0):
 PSYoungGen      total 18432K, used 18402K [0x00000000eab00000, 0x00000000ed500000, 0x0000000100000000)
  eden space 17408K, 100% used [0x00000000eab00000,0x00000000ebc00000,0x00000000ebc00000)
  from space 1024K, 97% used [0x00000000ebc00000,0x00000000ebcf8bd0,0x00000000ebd00000)
  to   space 4096K, 0% used [0x00000000ed100000,0x00000000ed100000,0x00000000ed500000)
 ParOldGen       total 22016K, used 9145K [0x00000000c0000000, 0x00000000c1580000, 0x00000000eab00000)
  object space 22016K, 41% used [0x00000000c0000000,0x00000000c08ee438,0x00000000c1580000)
 Metaspace       used 6083K, capacity 7088K, committed 7296K, reserved 1056768K
  class space    used 589K, capacity 616K, committed 640K, reserved 1048576K
Event: 13.943 GC heap after
Heap after GC invocations=6 (full 0):
 PSYoungGen      total 37888K, used 4068K [0x00000000eab00000, 0x00000000ed700000, 0x0000000100000000)
  eden space 33792K, 0% used [0x00000000eab00000,0x00000000eab00000,0x00000000ecc00000)
  from space 4096K, 99% used [0x00000000ed100000,0x00000000ed4f93d8,0x00000000ed500000)
  to   space 5120K, 0% used [0x00000000ecc00000,0x00000000ecc00000,0x00000000ed100000)
 ParOldGen       total 22016K, used 9573K [0x00000000c0000000, 0x00000000c1580000, 0x00000000eab00000)
  object space 22016K, 43% used [0x00000000c0000000,0x00000000c0959730,0x00000000c1580000)
 Metaspace       used 6083K, capacity 7088K, committed 7296K, reserved 1056768K
  class space    used 589K, capacity 616K, committed 640K, reserved 1048576K
}
Event: 17.503 GC heap before
{Heap before GC invocations=7 (full 0):
 PSYoungGen      total 37888K, used 37860K [0x00000000eab00000, 0x00000000ed700000, 0x0000000100000000)
  eden space 33792K, 100% used [0x00000000eab00000,0x00000000ecc00000,0x00000000ecc00000)
  from space 4096K, 99% used [0x00000000ed100000,0x00000000ed4f93d8,0x00000000ed500000)
  to   space 5120K, 0% used [0x00000000ecc00000,0x00000000ecc00000,0x00000000ed100000)
 ParOldGen       total 22016K, used 9573K [0x00000000c0000000, 0x00000000c1580000, 0x00000000eab00000)
  object space 22016K, 43% used [0x00000000c0000000,0x00000000c0959730,0x00000000c1580000)
 Metaspace       used 6118K, capacity 7088K, committed 7296K, reserved 1056768K
  class space    used 589K, capacity 616K, committed 640K, reserved 1048576K
Event: 17.693 GC heap after
Heap after GC invocations=7 (full 0):
 PSYoungGen      total 38912K, used 5109K [0x00000000eab00000, 0x00000000efc00000, 0x0000000100000000)
  eden space 33792K, 0% used [0x00000000eab00000,0x00000000eab00000,0x00000000ecc00000)
  from space 5120K, 99% used [0x00000000ecc00000,0x00000000ed0fd5a0,0x00000000ed100000)
  to   space 7680K, 0% used [0x00000000ef480000,0x00000000ef480000,0x00000000efc00000)
 ParOldGen       total 22016K, used 13402K [0x00000000c0000000, 0x00000000c1580000, 0x00000000eab00000)
  object space 22016K, 60% used [0x00000000c0000000,0x00000000c0d16920,0x00000000c1580000)
 Metaspace       used 6118K, capacity 7088K, committed 7296K, reserved 1056768K
  class space    used 589K, capacity 616K, committed 640K, reserved 1048576K
}
Event: 19.312 GC heap before
{Heap before GC invocations=8 (full 0):
 PSYoungGen      total 38912K, used 38901K [0x00000000eab00000, 0x00000000efc00000, 0x0000000100000000)
  eden space 33792K, 100% used [0x00000000eab00000,0x00000000ecc00000,0x00000000ecc00000)
  from space 5120K, 99% used [0x00000000ecc00000,0x00000000ed0fd5a0,0x00000000ed100000)
  to   space 7680K, 0% used [0x00000000ef480000,0x00000000ef480000,0x00000000efc00000)
 ParOldGen       total 22016K, used 13402K [0x00000000c0000000, 0x00000000c1580000, 0x00000000eab00000)
  object space 22016K, 60% used [0x00000000c0000000,0x00000000c0d16920,0x00000000c1580000)
 Metaspace       used 6143K, capacity 7152K, committed 7296K, reserved 1056768K
  class space    used 589K, capacity 616K, committed 640K, reserved 1048576K
Event: 19.407 GC heap after
Heap after GC invocations=8 (full 0):
 PSYoungGen      total 72704K, used 7674K [0x00000000eab00000, 0x00000000f0100000, 0x0000000100000000)
  eden space 65024K, 0% used [0x00000000eab00000,0x00000000eab00000,0x00000000eea80000)
  from space 7680K, 99% used [0x00000000ef480000,0x00000000efbfe8e8,0x00000000efc00000)
  to   space 10240K, 0% used [0x00000000eea80000,0x00000000eea80000,0x00000000ef480000)
 ParOldGen       total 22016K, used 15957K [0x00000000c0000000, 0x00000000c1580000, 0x00000000eab00000)
  object space 22016K, 72% used [0x00000000c0000000,0x00000000c0f95500,0x00000000c1580000)
 Metaspace       used 6143K, capacity 7152K, committed 7296K, reserved 1056768K
  class space    used 589K, capacity 616K, committed 640K, reserved 1048576K
}

Deoptimization events (10 events):
Event: 15.482 Thread 0x00000000166b2800 Uncommon trap: reason=bimorphic action=maybe_recompile pc=0x00000000029f939c method=com.android.dx.ssa.LiteralOpUpgrader.tryReplacingWithConstant(Lcom/android/dx/ssa/NormalSsaInsn;)Z @ 52
Event: 17.763 Thread 0x00000000166b2000 Uncommon trap: reason=bimorphic action=maybe_recompile pc=0x0000000002b6c930 method=com.android.dx.cf.code.BytecodeArray.parseInstruction(ILcom/android/dx/cf/code/BytecodeArray$Visitor;)I @ 1549
Event: 17.763 Thread 0x00000000166b2000 Uncommon trap: reason=bimorphic action=maybe_recompile pc=0x0000000002b6c930 method=com.android.dx.cf.code.BytecodeArray.parseInstruction(ILcom/android/dx/cf/code/BytecodeArray$Visitor;)I @ 1549
Event: 17.861 Thread 0x0000000002380800 Uncommon trap: reason=unloaded action=reinterpret pc=0x0000000002b8f548 method=com.android.dx.cf.cst.ConstantPoolParser.parse0(ILjava/util/BitSet;)Lcom/android/dx/rop/cst/Constant; @ 220
Event: 18.503 Thread 0x00000000166b2800 Uncommon trap: reason=unstable_if action=reinterpret pc=0x0000000002a3d268 method=com.android.dx.ssa.SCCP.simulateStmt(Lcom/android/dx/ssa/SsaInsn;)V @ 59
Event: 19.224 Thread 0x0000000016624000 Uncommon trap: reason=bimorphic action=maybe_recompile pc=0x00000000029f939c method=com.android.dx.ssa.LiteralOpUpgrader.tryReplacingWithConstant(Lcom/android/dx/ssa/NormalSsaInsn;)Z @ 52
Event: 19.224 Thread 0x0000000016624000 Uncommon trap: reason=bimorphic action=maybe_recompile pc=0x0000000002a02dd4 method=com.android.dx.ssa.LiteralOpUpgrader.tryReplacingWithConstant(Lcom/android/dx/ssa/NormalSsaInsn;)Z @ 52
Event: 19.477 Thread 0x00000000166b2000 Uncommon trap: reason=unstable_if action=reinterpret pc=0x00000000027be0d8 method=com.android.dx.rop.code.LocalItem.compareHandlesNulls(Lcom/android/dx/rop/cst/CstString;Lcom/android/dx/rop/cst/CstString;)I @ 14
Event: 19.482 Thread 0x00000000166b2000 Uncommon trap: reason=unstable_if action=reinterpret pc=0x0000000002a10960 method=com.android.dx.rop.code.LocalItem.compareHandlesNulls(Lcom/android/dx/rop/cst/CstString;Lcom/android/dx/rop/cst/CstString;)I @ 14
Event: 19.484 Thread 0x00000000166b2000 Uncommon trap: reason=unstable_if action=reinterpret pc=0x0000000002bec3dc method=com.android.dx.rop.code.LocalItem.compareHandlesNulls(Lcom/android/dx/rop/cst/CstString;Lcom/android/dx/rop/cst/CstString;)I @ 14

Internal exceptions (6 events):
Event: 0.246 Thread 0x0000000002380800 Exception <a 'java/lang/NoSuchMethodError': Method sun.misc.Unsafe.defineClass(Ljava/lang/String;[BII)Ljava/lang/Class; name or signature does not match> (0x00000000eab07cc0) thrown at [C:\re\workspace\8-2-build-windows-amd64-cygwin\jdk8u101\7261\hotspot\sŠÈM/ÅuÏ?
Event: 0.246 Thread 0x0000000002380800 Exception <a 'java/lang/NoSuchMethodError': Method sun.misc.Unsafe.prefetchRead(Ljava/lang/Object;J)V name or signature does not match> (0x00000000eab07fa8) thrown at [C:\re\workspace\8-2-build-windows-amd64-cygwin\jdk8u101\7261\hotspot\src\share\vm\prims\×;Œc)@
Event: 12.504 Thread 0x00000000166b2800 Implicit null exception at 0x00000000029ed8d8 to 0x00000000029ee9c5
Event: 19.477 Thread 0x00000000166b2000 Implicit null exception at 0x00000000027bdf58 to 0x00000000027be0c5
Event: 19.482 Thread 0x00000000166b2000 Implicit null exception at 0x0000000002a0f43d to 0x0000000002a1092d
Event: 19.483 Thread 0x00000000166b2000 Implicit null exception at 0x0000000002be99b9 to 0x0000000002bec3b1

Events (10 events):
Event: 19.407 Executing VM operation: ParallelGCFailedAllocation done
Event: 19.477 Thread 0x00000000166b2000 Uncommon trap: trap_request=0xffffff65 fr.pc=0x00000000027be0d8
Event: 19.478 Thread 0x00000000166b2000 DEOPT PACKING pc=0x00000000027be0d8 sp=0x00000000176bec60
Event: 19.478 Thread 0x00000000166b2000 DEOPT UNPACKING pc=0x00000000024c582a sp=0x00000000176beba0 mode 2
Event: 19.482 Thread 0x00000000166b2000 Uncommon trap: trap_request=0xffffff65 fr.pc=0x0000000002a10960
Event: 19.482 Thread 0x00000000166b2000 DEOPT PACKING pc=0x0000000002a10960 sp=0x00000000176bec20
Event: 19.482 Thread 0x00000000166b2000 DEOPT UNPACKING pc=0x00000000024c582a sp=0x00000000176be9b8 mode 2
Event: 19.483 Thread 0x00000000166b2000 Uncommon trap: trap_request=0xffffff65 fr.pc=0x0000000002bec3dc
Event: 19.484 Thread 0x00000000166b2000 DEOPT PACKING pc=0x0000000002bec3dc sp=0x00000000176bef70
Event: 19.484 Thread 0x00000000166b2000 DEOPT UNPACKING pc=0x00000000024c582a sp=0x00000000176bedc0 mode 2


Dynamic libraries:
0x00007ff734e90000 - 0x00007ff734ec7000 	C:\Program Files\Java\jdk1.8.0_101\bin\java.exe
0x00007ff94be10000 - 0x00007ff94bfeb000 	C:\WINDOWS\SYSTEM32\ntdll.dll
0x00007ff94bb60000 - 0x00007ff94bc0e000 	C:\WINDOWS\System32\KERNEL32.DLL
0x00007ff948dd0000 - 0x00007ff949019000 	C:\WINDOWS\System32\KERNELBASE.dll
0x00007ff94b600000 - 0x00007ff94b6a1000 	C:\WINDOWS\System32\ADVAPI32.dll
0x00007ff9497b0000 - 0x00007ff94984d000 	C:\WINDOWS\System32\msvcrt.dll
0x00007ff94bc10000 - 0x00007ff94bc69000 	C:\WINDOWS\System32\sechost.dll
0x00007ff949850000 - 0x00007ff949975000 	C:\WINDOWS\System32\RPCRT4.dll
0x00007ff94ba10000 - 0x00007ff94bb5a000 	C:\WINDOWS\System32\USER32.dll
0x00007ff948660000 - 0x00007ff94867e000 	C:\WINDOWS\System32\win32u.dll
0x00007ff949370000 - 0x00007ff949397000 	C:\WINDOWS\System32\GDI32.dll
0x00007ff9491e0000 - 0x00007ff949368000 	C:\WINDOWS\System32\gdi32full.dll
0x00007ff9490d0000 - 0x00007ff94916a000 	C:\WINDOWS\System32\msvcp_win.dll
0x00007ff948330000 - 0x00007ff948426000 	C:\WINDOWS\System32\ucrtbase.dll
0x00007ff93cf20000 - 0x00007ff93d187000 	C:\WINDOWS\WinSxS\amd64_microsoft.windows.common-controls_6595b64144ccf1df_6.0.15063.483_none_26002d27e7c744a2\COMCTL32.dll
0x00007ff94b710000 - 0x00007ff94ba09000 	C:\WINDOWS\System32\combase.dll
0x00007ff949170000 - 0x00007ff9491da000 	C:\WINDOWS\System32\bcryptPrimitives.dll
0x00007ff949990000 - 0x00007ff9499bd000 	C:\WINDOWS\System32\IMM32.DLL
0x0000000065a40000 - 0x0000000065b12000 	C:\Program Files\Java\jdk1.8.0_101\jre\bin\msvcr100.dll
0x0000000069e20000 - 0x000000006a6ba000 	C:\Program Files\Java\jdk1.8.0_101\jre\bin\server\jvm.dll
0x00007ff94bcf0000 - 0x00007ff94bcf8000 	C:\WINDOWS\System32\PSAPI.DLL
0x00007ff944530000 - 0x00007ff944539000 	C:\WINDOWS\SYSTEM32\WSOCK32.dll
0x00007ff94bc70000 - 0x00007ff94bcdc000 	C:\WINDOWS\System32\WS2_32.dll
0x00007ff945260000 - 0x00007ff945283000 	C:\WINDOWS\SYSTEM32\WINMM.dll
0x00007ff945200000 - 0x00007ff94522b000 	C:\WINDOWS\SYSTEM32\WINMMBASE.dll
0x00007ff948d80000 - 0x00007ff948dc9000 	C:\WINDOWS\System32\cfgmgr32.dll
0x00007ff937fc0000 - 0x00007ff937fca000 	C:\WINDOWS\SYSTEM32\VERSION.dll
0x0000000069e10000 - 0x0000000069e1f000 	C:\Program Files\Java\jdk1.8.0_101\jre\bin\verify.dll
0x0000000069de0000 - 0x0000000069e09000 	C:\Program Files\Java\jdk1.8.0_101\jre\bin\java.dll
0x0000000069dc0000 - 0x0000000069dd6000 	C:\Program Files\Java\jdk1.8.0_101\jre\bin\zip.dll
0x00007ff949e60000 - 0x00007ff94b296000 	C:\WINDOWS\System32\SHELL32.dll
0x00007ff949560000 - 0x00007ff94960a000 	C:\WINDOWS\System32\shcore.dll
0x00007ff948680000 - 0x00007ff948d73000 	C:\WINDOWS\System32\windows.storage.dll
0x00007ff949e00000 - 0x00007ff949e51000 	C:\WINDOWS\System32\shlwapi.dll
0x00007ff9482c0000 - 0x00007ff9482d1000 	C:\WINDOWS\System32\kernel.appcore.dll
0x00007ff9482e0000 - 0x00007ff94832c000 	C:\WINDOWS\System32\powrprof.dll
0x00007ff9482a0000 - 0x00007ff9482b5000 	C:\WINDOWS\System32\profapi.dll

VM Arguments:
jvm_args: -Djava.awt.headless=true -Xmx1024M -Dfile.encoding=windows-1252 -Duser.country=CM -Duser.language=fr -Duser.variant 
java_command: com.android.dx.command.Main --dex --force-jumbo --num-threads=4 --multi-dex --output C:\Users\Le prince\Documents\Login\app\build\intermediates\transforms\dex\debug\folders\1000\10\com.android.support-design-25.1.1_87263e51603a6b7872ca3aeb4d1b1f5d8d4f64e4 C:\Users\Le prince\Documents\Login\app\build\intermediates\exploded-aar\com.android.support\design\25.1.1\jars\classes.jar
java_class_path (initial): E:\sdk\build-tools\25.0.2\lib\dx.jar
Launcher Type: SUN_STANDARD

Environment Variables:
PATH=C:\ProgramData\Oracle\Java\javapath;C:\WINDOWS\system32;C:\WINDOWS;C:\WINDOWS\System32\Wbem;C:\WINDOWS\System32\WindowsPowerShell\v1.0\;C:\Program Files\Java\jdk1.6.0_45\bin;C:\Program Files\Microsoft SQL Server\110\Tools\Binn\;C:\Program Files\Java\jdk1.7.0_40\bin;C:\Program Files (x86)\Statgraphics\STATGRAPHICS Centurion XVI.I\;"C:\Users\Le prince\AppData\Local\Microsoft\WindowsApps;C:\Program Files\Java\jdk1.7.0_40\bin";
USERNAME=Le prince
OS=Windows_NT
PROCESSOR_IDENTIFIER=Intel64 Family 6 Model 76 Stepping 4, GenuineIntel



---------------  S Y S T E M  ---------------

OS: Windows 10.0 , 64 bit Build 15063 (10.0.15063.296)

CPU:total 4 (4 cores per cpu, 1 threads per core) family 6 model 76 stepping 4, cmov, cx8, fxsr, mmx, sse, sse2, sse3, ssse3, sse4.1, sse4.2, popcnt, aes, clmul, erms, 3dnowpref, tsc, tscinvbit

Memory: 4k page, physical 2024624k(285888k free), swap 4629912k(5364k free)

vm_info: Java HotSpot(TM) 64-Bit Server VM (25.101-b13) for windows-amd64 JRE (1.8.0_101-b13), built on Jun 22 2016 01:21:29 by "java_re" with MS VC++ 10.0 (VS2010)

time: Mon Aug 13 19:07:35 2018
elapsed time: 19 seconds (0d 0h 0m 19s)

